SF:/opt/buildAgent/work/a99f043f4d1af837/Framework/Cqrs.MongoDB/Events/MongoDbEventStoreConnectionStringFactory.cs
DA:57,1
DA:68,1
DA:103,1
DA:23,1
end_of_record
SF:/opt/buildAgent/work/a99f043f4d1af837/Framework/Cqrs/Events/SagaEvent.cs
DA:27,1
DA:32,1
DA:23,1
end_of_record
SF:/opt/buildAgent/work/a99f043f4d1af837/Framework/Cqrs/Exceptions/NoEventHandlerRegisteredException.cs
DA:24,1
DA:33,1
DA:19,1
end_of_record
SF:/opt/buildAgent/work/a99f043f4d1af837/Framework/Cqrs/Repositories/Queries/QueryStrategy.cs
DA:32,1
DA:40,1
DA:48,1
DA:56,1
DA:64,1
DA:72,1
DA:87,1
DA:107,1
DA:141,1
DA:178,1
DA:218,1
DA:261,1
DA:277,1
DA:19,1
end_of_record
SF:/opt/buildAgent/work/a99f043f4d1af837/Framework/Cqrs/Services/ServiceResponseWithResultData.cs
DA:31,1
DA:38,1
DA:21,1
end_of_record
SF:/opt/buildAgent/work/a99f043f4d1af837/Framework/Cqrs/Exceptions/MissingApplicationSettingException.cs
DA:25,1
DA:35,1
DA:47,1
DA:69,1
DA:58,1
DA:80,1
DA:20,1
end_of_record
SF:/opt/buildAgent/work/a99f043f4d1af837/Framework/Cqrs.EventStore/EventFactory.cs
DA:32,1
DA:49,1
DA:57,1
DA:78,1
DA:96,1
DA:114,1
DA:127,1
DA:140,1
DA:25,1
end_of_record
SF:/opt/buildAgent/work/a99f043f4d1af837/Framework/Azure/Cqrs.Azure.DocumentDb/IAzureDocumentDbHelper.cs
DA:26,1
DA:35,1
DA:41,1
DA:47,1
end_of_record
SF:/opt/buildAgent/work/a99f043f4d1af837/Framework/Cqrs/Exceptions/InvalidConfigurationException.cs
DA:24,1
DA:18,1
end_of_record
SF:/opt/buildAgent/work/a99f043f4d1af837/Framework/Akka.Net/Cqrs.Akka/Domain/AkkaSaga.cs
DA:79,1
DA:100,1
DA:112,1
DA:177,1
DA:198,1
DA:206,1
DA:217,1
DA:239,1
DA:137,1
DA:145,1
DA:155,1
DA:169,1
DA:185,1
DA:31,1
end_of_record
SF:/opt/buildAgent/work/a99f043f4d1af837/Framework/Cqrs.MongoDB/Serialisers/MongoDbEventBuilder.cs
DA:28,1
DA:20,1
end_of_record
SF:/opt/buildAgent/work/a99f043f4d1af837/Framework/Cqrs.MongoDB.Tests.Integration/MongoDbEventStoreTests.cs
DA:43,1
DA:36,1
end_of_record
SF:/opt/buildAgent/work/a99f043f4d1af837/Framework/Azure/Tests/Cqrs.Azure.ServiceBus.Tests.Integration/TestEventSuccessHandler.cs
DA:25,1
DA:40,1
DA:20,1
end_of_record
SF:/opt/buildAgent/work/a99f043f4d1af837/Framework/Cqrs/Repositories/Queries/QueryFactory.cs
DA:27,1
DA:38,1
DA:54,1
DA:18,1
end_of_record
SF:/opt/buildAgent/work/a99f043f4d1af837/Framework/Azure/Cqrs.Azure.DocumentDb/ThreadedAzureDocumentDbConnectionCache.cs
DA:28,1
DA:39,1
DA:60,1
DA:71,1
DA:92,1
DA:103,1
DA:124,1
DA:19,1
end_of_record
SF:/opt/buildAgent/work/a99f043f4d1af837/Framework/Cqrs.MongoDB/Events/Indexes/ByAggregateIdAndVersionMongoDbIndex.cs
DA:24,1
DA:20,1
end_of_record
SF:/opt/buildAgent/work/a99f043f4d1af837/Framework/Cqrs/Commands/IPublishAndWaitCommandPublisher.cs
DA:26,1
DA:35,1
DA:44,1
DA:53,1
DA:63,1
DA:73,1
end_of_record
SF:/opt/buildAgent/work/a99f043f4d1af837/Framework/Cqrs.MongoDB/Factories/IMongoDbDataStoreConnectionStringFactory.cs
DA:21,1
DA:26,1
end_of_record
SF:/opt/buildAgent/work/a99f043f4d1af837/Framework/Cqrs.Sql/DataStores/ExpressionTreeConverter.cs
DA:29,1
DA:37,1
DA:51,1
DA:69,1
DA:88,1
DA:45,1
DA:21,1
end_of_record
SF:/opt/buildAgent/work/a99f043f4d1af837/Framework/Azure/Cqrs.Azure.DocumentDb/Repositories/Authentication/AzureSingleSignOnToken.cs
DA:49,1
DA:23,1
end_of_record
SF:/opt/buildAgent/work/a99f043f4d1af837/Framework/Akka.Net/Cqrs.Akka/Events/AkkaEventBus.cs
DA:71,1
DA:86,1
DA:104,1
DA:131,1
DA:157,1
DA:193,1
DA:201,1
DA:209,1
DA:27,1
end_of_record
SF:/opt/buildAgent/work/a99f043f4d1af837/Framework/Cqrs.WebApi/Formatters/FormMultipart/Infrastructure/HttpFile.cs
DA:34,1
DA:39,1
DA:15,1
end_of_record
SF:/opt/buildAgent/work/a99f043f4d1af837/Framework/Cqrs/Events/IEventDeserialiser.cs
DA:23,1
end_of_record
SF:/opt/buildAgent/work/a99f043f4d1af837/Framework/Ninject/Azure/Cqrs.Ninject.Azure.DocumentDb/Configuration/AzureDocumentDbModule.cs
DA:26,1
DA:39,1
DA:49,1
DA:56,1
DA:63,1
DA:20,1
end_of_record
SF:/opt/buildAgent/work/a99f043f4d1af837/Framework/Cqrs.WebApi/Formatters/FormMultipart/Infrastructure/Logger/IFormDataConverterLogger.cs
DA:23,1
DA:30,1
DA:35,1
end_of_record
SF:/opt/buildAgent/work/a99f043f4d1af837/Framework/Cqrs.MongoDB/Events/MongoDbSnapshotStore.cs
DA:67,1
DA:173,1
DA:81,1
DA:92,1
DA:103,1
DA:157,1
DA:33,1
end_of_record
SF:/opt/buildAgent/work/a99f043f4d1af837/Framework/Azure/Cqrs.Azure.Storage/Events/TableStorageEventStore.cs
DA:32,1
DA:46,1
DA:81,1
DA:28,1
DA:110,1
DA:120,1
DA:136,1
DA:106,1
end_of_record
SF:/opt/buildAgent/work/a99f043f4d1af837/Framework/Cqrs/Authentication/SingleSignOnTokenWithCompanyRsn.cs
DA:36,1
DA:22,1
end_of_record
SF:/opt/buildAgent/work/a99f043f4d1af837/Framework/Ninject/Azure/Cqrs.Ninject.Azure.WebJobs/CqrsNinjectJobHost.cs
DA:40,1
DA:23,1
end_of_record
SF:/opt/buildAgent/work/a99f043f4d1af837/Framework/Cqrs.MongoDB.Tests.Integration/Configuration/TestMongoDbModule.cs
DA:23,1
DA:17,-1
end_of_record
SF:/opt/buildAgent/work/a99f043f4d1af837/Framework/Cqrs.WebApi/Configuration/WebApiConfig.cs
DA:25,1
DA:21,1
end_of_record
SF:/opt/buildAgent/work/a99f043f4d1af837/Framework/Cqrs.MongoDB/Events/Indexes/ByTimestampMongoDbIndex.cs
DA:24,1
DA:20,1
end_of_record
SF:/opt/buildAgent/work/a99f043f4d1af837/Framework/Cqrs.MongoDB/DataStores/Indexes/MongoDbIndex.cs
DA:45,1
DA:21,1
end_of_record
SF:/opt/buildAgent/work/a99f043f4d1af837/Framework/Akka.Net/Cqrs.Akka.Tests.Unit/Commands/Handlers/SayHelloWorldCommandHandler.cs
DA:27,1
DA:43,1
DA:23,1
end_of_record
SF:/opt/buildAgent/work/a99f043f4d1af837/Framework/Cqrs/Snapshots/DefaultSnapshotStrategy.cs
DA:30,1
DA:44,1
DA:65,1
DA:22,1
end_of_record
SF:/opt/buildAgent/work/a99f043f4d1af837/Framework/Azure/Cqrs.Azure.DocumentDb/DataStores/AzureDocumentDbDataStoreExtensions.cs
DA:27,1
DA:42,1
DA:55,1
DA:69,1
DA:83,1
DA:98,1
DA:111,1
DA:125,1
DA:19,1
end_of_record
SF:/opt/buildAgent/work/a99f043f4d1af837/Framework/Cqrs/Bus/IEventHandlerRegistrar.cs
DA:25,1
end_of_record
SF:/opt/buildAgent/work/a99f043f4d1af837/Framework/Cqrs/DataStores/InProcessDataStore.cs
DA:30,1
DA:43,1
DA:103,1
DA:114,1
DA:122,1
DA:131,1
DA:139,1
DA:147,1
DA:155,1
DA:24,1
end_of_record
SF:/opt/buildAgent/work/a99f043f4d1af837/Framework/Cqrs/Services/UnitOfWorkService.cs
DA:32,1
DA:43,1
DA:58,1
DA:17,1
end_of_record
SF:/opt/buildAgent/work/a99f043f4d1af837/Framework/Cqrs/Events/EventStoreRetentionLevelAttribute.cs
DA:11,1
end_of_record
SF:/opt/buildAgent/work/a99f043f4d1af837/Framework/Cqrs.EventStore/Bus/EventStoreBasedLastEventProcessedStore.cs
DA:39,1
DA:19,1
end_of_record
SF:/opt/buildAgent/work/a99f043f4d1af837/Framework/Ninject/Azure/Cqrs.Ninject.Azure.EventHub.EventBus/Configuration/AzureQueuedEventBusReceiverModule.cs
DA:22,1
end_of_record
SF:/opt/buildAgent/work/a99f043f4d1af837/Framework/Cqrs/Bus/BusHelper.cs
DA:34,1
DA:136,1
DA:147,1
DA:181,1
DA:191,1
DA:254,1
DA:365,1
DA:398,1
DA:413,1
DA:72,1
DA:111,1
DA:202,1
DA:30,1
end_of_record
SF:/opt/buildAgent/work/a99f043f4d1af837/Framework/Ninject/Azure/Cqrs.Ninject.Azure.EventHub.CommandBus/Configuration/AzureQueuedCommandHubReceiverModule.cs
DA:26,1
DA:22,1
end_of_record
SF:/opt/buildAgent/work/a99f043f4d1af837/Framework/Cqrs/Events/ISnapshotDeserialiser.cs
DA:23,1
end_of_record
SF:/opt/buildAgent/work/a99f043f4d1af837/Framework/Azure/Cqrs.Azure.DocumentDb/DataStores/AzureDocumentDbDataStore.cs
DA:64,1
DA:83,1
DA:156,1
DA:175,1
DA:194,1
DA:211,1
DA:238,1
DA:254,1
DA:285,1
DA:296,1
DA:30,1
end_of_record
SF:/opt/buildAgent/work/a99f043f4d1af837/Framework/Cqrs/Commands/ICommandReceiver.cs
DA:21,1
DA:33,1
DA:21,1
DA:33,1
end_of_record
SF:/opt/buildAgent/work/a99f043f4d1af837/Framework/Azure/Cqrs.Azure.ServiceBus/MessageSerialiser.cs
DA:38,1
DA:50,1
DA:59,1
DA:68,1
DA:77,1
DA:21,1
end_of_record
SF:/opt/buildAgent/work/a99f043f4d1af837/Framework/Akka.Net/Cqrs.Akka.Tests.Unit/Sagas/ConversationReportProcessManagerEventHandlers.cs
DA:21,1
DA:50,1
DA:63,1
DA:76,1
DA:37,1
DA:17,1
end_of_record
SF:/opt/buildAgent/work/a99f043f4d1af837/Framework/Ninject/Azure/Cqrs.Ninject.Azure.DocumentDb/Configuration/TestAzureDocumentDbEventStoreModule.cs
DA:29,1
DA:25,1
end_of_record
SF:/opt/buildAgent/work/a99f043f4d1af837/Framework/Cqrs.Mongo/Factories/MongoDataStoreConnectionStringFactory.cs
DA:55,1
DA:64,1
DA:96,1
DA:21,1
end_of_record
SF:/opt/buildAgent/work/a99f043f4d1af837/Framework/Cqrs.WebApi/HttpResponseMessage.cs
DA:19,1
end_of_record
SF:/opt/buildAgent/work/a99f043f4d1af837/Framework/Ninject/Cqrs.Ninject.MongoDB/TestMongoDataStoreConnectionStringFactory.cs
DA:59,1
DA:67,1
DA:79,1
DA:87,1
DA:27,1
end_of_record
SF:/opt/buildAgent/work/a99f043f4d1af837/Framework/Cqrs.WebApi/Formatters/FormMultipart/Infrastructure/TypeConverters/DateTimeConverterISO8601.cs
DA:28,1
end_of_record
SF:/opt/buildAgent/work/a99f043f4d1af837/Framework/Azure/Cqrs.Azure.DocumentDb/Events/AzureDocumentDbEventStore.cs
DA:48,1
DA:62,1
DA:73,1
DA:84,1
DA:96,1
DA:105,1
DA:159,1
DA:188,1
DA:218,1
DA:118,1
DA:130,1
DA:245,1
DA:270,1
DA:29,1
end_of_record
SF:/opt/buildAgent/work/a99f043f4d1af837/Framework/Azure/Tests/Cqrs.Azure.ServiceBus.Tests.Integration/TestCommandSuccessHandler.cs
DA:25,1
DA:40,1
DA:20,1
end_of_record
SF:/opt/buildAgent/work/a99f043f4d1af837/Framework/Azure/Cqrs.Azure.BlobStorage/Factories/BlobStorageDataStoreFactory.cs
DA:33,1
DA:19,1
end_of_record
SF:/opt/buildAgent/work/a99f043f4d1af837/Framework/Azure/Tests/Cqrs.Azure.BlobStorage.Test.Integration/TestQueryStrategy.cs
DA:17,1
end_of_record
SF:/opt/buildAgent/work/a99f043f4d1af837/Framework/Cqrs.EventStore/EventStore.cs
DA:50,1
DA:64,1
DA:74,1
DA:96,1
DA:112,1
DA:132,1
DA:145,1
DA:156,1
DA:169,1
DA:181,1
DA:195,1
DA:204,1
DA:215,1
DA:26,1
end_of_record
SF:/opt/buildAgent/work/a99f043f4d1af837/Framework/Cqrs/Repositories/Queries/ResultQuery.cs
DA:22,1
end_of_record
SF:/opt/buildAgent/work/a99f043f4d1af837/Framework/Cqrs/DataStores/IDataStore.cs
DA:24,1
DA:29,1
DA:34,1
DA:39,1
DA:44,1
DA:49,1
end_of_record
SF:/opt/buildAgent/work/a99f043f4d1af837/Framework/Ninject/Cqrs.Ninject/Configuration/NinjectDependencyResolver.cs
DA:43,1
DA:102,1
DA:111,1
DA:52,1
DA:69,1
DA:90,1
DA:24,1
end_of_record
SF:/opt/buildAgent/work/a99f043f4d1af837/Framework/Ninject/Cqrs.Ninject/Configuration/MemoryCacheEventStoreModule.cs
DA:26,1
DA:37,1
DA:50,1
DA:20,1
end_of_record
SF:/opt/buildAgent/work/a99f043f4d1af837/Framework/Cqrs/Events/DtoAggregateEventType.cs
DA:15,1
end_of_record
SF:/opt/buildAgent/work/a99f043f4d1af837/Framework/Cqrs/Configuration/BusRegistrar.cs
DA:45,1
DA:61,1
DA:79,1
DA:117,1
DA:263,1
DA:281,1
DA:145,1
DA:200,1
DA:225,1
DA:247,1
DA:26,1
DA:98,1
end_of_record
SF:/opt/buildAgent/work/a99f043f4d1af837/Framework/Cqrs/Events/NotifyEveryoneExceptCallerEventAttribute.cs
DA:12,1
end_of_record
SF:/opt/buildAgent/work/a99f043f4d1af837/Framework/Akka.Net/Cqrs.Akka/Configuration/AkkaBusRegistrar.cs
DA:37,1
DA:50,1
DA:97,1
DA:28,1
end_of_record
SF:/opt/buildAgent/work/a99f043f4d1af837/Framework/Ninject/Azure/Cqrs.Ninject.Azure.EventHub.CommandBus/Configuration/AzureCommandHubReceiverModule.cs
DA:29,1
DA:48,1
DA:58,1
DA:23,1
end_of_record
SF:/opt/buildAgent/work/a99f043f4d1af837/Framework/Cqrs/Authentication/SingleSignOnTokenWithUserRsn.cs
DA:34,1
DA:22,1
end_of_record
SF:/opt/buildAgent/work/a99f043f4d1af837/Framework/Azure/Tests/Cqrs.Azure.BlobStorage.Test.Integration/TableStorageEventStoreTests.cs
DA:41,1
DA:97,1
DA:34,1
end_of_record
SF:/opt/buildAgent/work/a99f043f4d1af837/Framework/Cqrs/Services/ServiceResponseStateType.cs
DA:22,1
end_of_record
SF:/opt/buildAgent/work/a99f043f4d1af837/Framework/Azure/Cqrs.Azure.DocumentDb/Factories/IAzureDocumentDbDataStoreConnectionStringFactory.cs
DA:23,1
DA:28,1
DA:33,1
DA:39,1
end_of_record
SF:/opt/buildAgent/work/a99f043f4d1af837/Framework/Cqrs/Infrastructure/SpinWait.cs
DA:44,1
DA:68,1
DA:79,1
DA:96,1
DA:116,1
DA:12,1
DA:142,1
DA:150,1
end_of_record
SF:/opt/buildAgent/work/a99f043f4d1af837/Framework/Cqrs.MongoDB/DataStores/MongoDbDataStore.cs
DA:41,1
DA:57,1
DA:118,1
DA:137,1
DA:153,1
DA:170,1
DA:189,1
DA:205,1
DA:228,1
DA:238,1
DA:27,1
end_of_record
SF:/opt/buildAgent/work/a99f043f4d1af837/Framework/Cqrs/Repositories/IRepository.cs
DA:25,1
DA:30,1
DA:37,1
DA:43,1
DA:48,1
DA:53,1
DA:58,1
DA:63,1
DA:70,1
end_of_record
SF:/opt/buildAgent/work/a99f043f4d1af837/Framework/Cqrs/Repositories/Queries/IQueryFactory.cs
DA:16,1
DA:16,1
end_of_record
SF:/opt/buildAgent/work/a99f043f4d1af837/Framework/Cqrs/Bus/FileBasedLastEventProcessedStore.cs
DA:38,1
DA:19,1
end_of_record
SF:/opt/buildAgent/work/a99f043f4d1af837/Framework/Cqrs.MongoDB/Events/IMongoDbSnapshotStoreConnectionStringFactory.cs
DA:19,1
DA:24,1
end_of_record
SF:/opt/buildAgent/work/a99f043f4d1af837/Framework/Azure/Cqrs.Azure.Storage/DataStores/TableStorageDataStoreConnectionStringFactory.cs
DA:27,1
DA:38,1
DA:49,1
DA:23,1
end_of_record
SF:/opt/buildAgent/work/a99f043f4d1af837/Framework/Cqrs/Bus/InProcessBus.cs
DA:93,1
DA:198,1
DA:252,1
DA:301,1
DA:313,1
DA:325,1
DA:340,1
DA:353,1
DA:366,1
DA:379,1
DA:460,1
DA:509,1
DA:520,1
DA:531,1
DA:545,1
DA:557,1
DA:616,1
DA:632,1
DA:646,1
DA:655,1
DA:672,1
DA:681,1
DA:113,1
DA:141,1
DA:39,1
end_of_record
SF:/opt/buildAgent/work/a99f043f4d1af837/Framework/Cqrs.WebApi/SignalR/Hubs/ISingleSignOnTokenNotificationHub.cs
DA:23,1
DA:29,1
DA:35,1
DA:41,1
end_of_record
SF:/opt/buildAgent/work/a99f043f4d1af837/Framework/Ninject/Azure/Cqrs.Ninject.Azure.EventHub.CommandBus/Configuration/AzureQueuedCommandBusReceiverModule.cs
DA:22,1
end_of_record
SF:/opt/buildAgent/work/a99f043f4d1af837/Framework/Azure/Cqrs.Azure.BlobStorage/Events/BlobStorageEventStoreConnectionStringFactory.cs
DA:61,1
DA:71,1
DA:114,1
DA:145,1
DA:26,1
end_of_record
SF:/opt/buildAgent/work/a99f043f4d1af837/Framework/Azure/Cqrs.Azure.ServiceBus/AzureServiceBus.cs
DA:183,1
DA:205,1
DA:220,1
DA:238,1
DA:286,1
DA:310,1
DA:319,1
DA:328,1
DA:358,1
DA:382,1
DA:420,1
DA:430,1
DA:440,1
DA:473,1
DA:622,1
DA:680,1
DA:697,1
DA:37,1
end_of_record
SF:/opt/buildAgent/work/a99f043f4d1af837/Framework/Cqrs.MongoDB/Events/IMongoDbEventStoreConnectionStringFactory.cs
DA:21,1
DA:26,1
end_of_record
SF:/opt/buildAgent/work/a99f043f4d1af837/Framework/Ninject/Azure/Cqrs.Ninject.Azure.EventHub.EventBus/Configuration/AzureQueuedEventHubReceiverModule.cs
DA:26,1
DA:22,1
end_of_record
SF:/opt/buildAgent/work/a99f043f4d1af837/Framework/Cqrs.MongoDB/Serialisers/MongoDbSnapshotDeserialiser.cs
DA:25,1
DA:18,1
end_of_record
SF:/opt/buildAgent/work/a99f043f4d1af837/Framework/Cqrs/Authentication/BasicTokenResolver.cs
DA:27,1
DA:78,1
DA:20,1
end_of_record
SF:/opt/buildAgent/work/a99f043f4d1af837/Framework/Cqrs/Domain/SagaEventHandler.cs
DA:42,1
DA:50,1
DA:61,1
DA:23,1
end_of_record
SF:/opt/buildAgent/work/a99f043f4d1af837/Framework/Cqrs/Authentication/SingleSignOnToken.cs
DA:47,1
DA:21,1
end_of_record
SF:/opt/buildAgent/work/a99f043f4d1af837/Framework/Ninject/Cqrs.Ninject.InProcess.EventBus/Configuration/InProcessEventBusModule.cs
DA:22,1
end_of_record
SF:/opt/buildAgent/work/a99f043f4d1af837/Framework/Ninject/Cqrs.Ninject.MongoDB/Configuration/MongoDbDataStoreModule.cs
DA:24,1
DA:36,1
DA:43,1
DA:53,1
DA:18,1
end_of_record
SF:/opt/buildAgent/work/a99f043f4d1af837/Framework/Cqrs/Authentication/ISingleSignOnToken.cs
DA:44,1
end_of_record
SF:/opt/buildAgent/work/a99f043f4d1af837/Framework/Azure/Cqrs.Azure.EventHub/AzureQueuedEventBusReceiver.cs
DA:29,1
DA:29,1
end_of_record
SF:/opt/buildAgent/work/a99f043f4d1af837/Framework/Cqrs/Domain/Exceptions/AggregateOrEventMissingIdException.cs
DA:27,1
DA:20,1
end_of_record
SF:/opt/buildAgent/work/a99f043f4d1af837/Framework/Cqrs/Infrastructure/DelegateAdjuster.cs
DA:26,1
DA:18,1
end_of_record
SF:/opt/buildAgent/work/a99f043f4d1af837/Framework/Cqrs.EventStore/Bus/EventStoreUtilities.cs
DA:23,1
DA:31,1
DA:56,1
DA:65,1
DA:19,1
end_of_record
SF:/opt/buildAgent/work/a99f043f4d1af837/Framework/Cqrs.EventStore/IEventBuilder.cs
DA:25,1
DA:31,1
DA:38,1
DA:45,1
DA:51,1
end_of_record
SF:/opt/buildAgent/work/a99f043f4d1af837/Framework/Azure/Cqrs.Azure.BlobStorage/BlobStorageStore.cs
DA:33,1
DA:46,1
DA:150,1
DA:176,1
DA:199,1
DA:208,1
DA:281,1
DA:296,1
DA:111,1
DA:221,1
DA:247,1
DA:273,1
DA:27,1
end_of_record
SF:/opt/buildAgent/work/a99f043f4d1af837/Framework/Cqrs/DataStores/SqlDataStore.cs
DA:42,1
DA:203,1
DA:263,1
DA:277,1
DA:308,1
DA:341,1
DA:361,1
DA:418,1
DA:446,1
DA:100,1
DA:133,1
DA:27,1
end_of_record
SF:/opt/buildAgent/work/a99f043f4d1af837/Framework/Cqrs/Events/DefaultEventBuilder.cs
DA:36,1
DA:49,1
DA:19,1
end_of_record
SF:/opt/buildAgent/work/a99f043f4d1af837/Framework/Azure/Cqrs.Azure.BlobStorage/EntityTableEntity.cs
DA:28,1
DA:39,1
DA:24,1
end_of_record
SF:/opt/buildAgent/work/a99f043f4d1af837/Framework/Cqrs/Events/DefaultJsonSerializerSettings.cs
DA:19,1
end_of_record
SF:/opt/buildAgent/work/a99f043f4d1af837/Framework/Cqrs/Domain/Exceptions/EntityNotFoundException.cs
DA:27,1
DA:22,1
end_of_record
SF:/opt/buildAgent/work/a99f043f4d1af837/Framework/Cqrs/Domain/IAggregateRepository.cs
DA:27,1
DA:39,1
DA:52,1
DA:65,1
end_of_record
SF:/opt/buildAgent/work/a99f043f4d1af837/Framework/Cqrs/Repositories/Queries/IQueryBuilder.cs
DA:27,1
DA:34,1
end_of_record
SF:/opt/buildAgent/work/a99f043f4d1af837/Framework/Akka.Net/Cqrs.Akka/Domain/AkkaAggregateRepository.cs
DA:36,1
DA:49,1
DA:60,1
DA:27,1
end_of_record
SF:/opt/buildAgent/work/a99f043f4d1af837/Framework/Cqrs.Sql/DataStores/SqlDataStore.cs
DA:55,1
DA:93,1
DA:164,1
DA:173,1
DA:181,1
DA:189,1
DA:198,1
DA:207,1
DA:220,1
DA:26,1
end_of_record
SF:/opt/buildAgent/work/a99f043f4d1af837/Framework/Cqrs/Events/IEventReceiver.cs
DA:19,1
DA:31,1
DA:19,1
DA:31,1
end_of_record
SF:/opt/buildAgent/work/a99f043f4d1af837/Framework/Cqrs/Services/WcfDataContractResolverConfiguration.cs
DA:119,1
DA:34,1
DA:51,1
DA:91,1
DA:20,1
end_of_record
SF:/opt/buildAgent/work/a99f043f4d1af837/Framework/Azure/Cqrs.Azure.BlobStorage/DataStores/TableStorageDataStore.cs
DA:27,1
DA:43,1
DA:57,1
DA:67,1
DA:77,1
DA:23,1
end_of_record
SF:/opt/buildAgent/work/a99f043f4d1af837/Framework/Cqrs.MongoDB/Events/MongoDbEventStore.cs
DA:73,1
DA:167,1
DA:190,1
DA:210,1
DA:231,1
DA:249,1
DA:88,1
DA:99,1
DA:110,1
DA:263,1
DA:34,1
end_of_record
SF:/opt/buildAgent/work/a99f043f4d1af837/Framework/Akka.Net/Cqrs.Akka/Domain/IAkkaSagaRepository.cs
DA:34,1
end_of_record
SF:/opt/buildAgent/work/a99f043f4d1af837/Framework/Azure/Cqrs.Azure.BlobStorage/BlobStorageStoreExtensions.cs
DA:25,1
DA:34,1
DA:44,1
DA:53,1
DA:21,1
end_of_record
SF:/opt/buildAgent/work/a99f043f4d1af837/Framework/Cqrs/Configuration/IDependencyResolver.cs
DA:24,1
DA:32,1
end_of_record
SF:/opt/buildAgent/work/a99f043f4d1af837/Framework/Cqrs/Hosts/CqrsHttpApplication.cs
DA:49,1
DA:59,1
DA:74,1
DA:79,1
DA:90,1
DA:111,1
DA:129,1
DA:148,1
DA:167,1
DA:187,1
DA:201,1
DA:209,1
DA:219,1
DA:231,1
DA:253,1
DA:296,1
DA:243,1
DA:49,1
DA:59,1
DA:74,1
DA:79,1
DA:90,1
DA:111,1
DA:129,1
DA:148,1
DA:167,1
DA:187,1
DA:201,1
DA:209,1
DA:219,1
DA:231,1
DA:253,1
DA:296,1
DA:243,1
end_of_record
SF:/opt/buildAgent/work/a99f043f4d1af837/Framework/Azure/Cqrs.Azure.BlobStorage/Events/TableStorageEventStoreConnectionStringFactory.cs
DA:60,1
DA:70,1
DA:113,1
DA:144,1
DA:25,1
end_of_record
SF:/opt/buildAgent/work/a99f043f4d1af837/Framework/Cqrs.WebApi/Formatters/FormMultipart/Infrastructure/TypeConverters/FromStringConverterAdapter.cs
DA:27,1
DA:44,1
DA:19,1
end_of_record
SF:/opt/buildAgent/work/a99f043f4d1af837/Framework/Akka.Net/Cqrs.Akka/Domain/Commands/GetAkkaAggregateRootId.cs
DA:17,1
end_of_record
SF:/opt/buildAgent/work/a99f043f4d1af837/Framework/Cqrs/Repositories/InMemoryDatabase.cs
DA:33,1
DA:53,1
DA:22,1
DA:69,1
DA:82,1
DA:106,1
DA:115,1
DA:127,1
DA:140,1
DA:152,1
DA:190,1
DA:199,1
DA:208,1
end_of_record
SF:/opt/buildAgent/work/a99f043f4d1af837/Framework/Cqrs/Domain/AggregateRoot.cs
DA:53,1
DA:63,1
DA:115,1
DA:133,1
DA:70,1
DA:78,1
DA:96,1
DA:33,1
end_of_record
SF:/opt/buildAgent/work/a99f043f4d1af837/Framework/Cqrs.EventStore/SimpleEvent.cs
DA:22,1
end_of_record
SF:/opt/buildAgent/work/a99f043f4d1af837/Framework/Cqrs/Configuration/IConfigurationManager.cs
DA:20,1
DA:28,1
DA:36,1
end_of_record
SF:/opt/buildAgent/work/a99f043f4d1af837/Framework/Cqrs/Snapshots/SnapshotAggregateRoot.cs
DA:24,1
DA:37,1
DA:47,1
DA:53,1
DA:20,1
end_of_record
SF:/opt/buildAgent/work/a99f043f4d1af837/Framework/Cqrs.MongoDB/Events/Indexes/ByCorrelationIdMongoDbIndex.cs
DA:24,1
DA:20,1
end_of_record
SF:/opt/buildAgent/work/a99f043f4d1af837/Framework/Cqrs/Exceptions/MissingApplicationSettingForConnectionStringException.cs
DA:24,1
DA:34,1
DA:19,1
end_of_record
SF:/opt/buildAgent/work/a99f043f4d1af837/Framework/Cqrs.MongoDB.Tests.Integration/TestMongoDbDataStoreConnectionStringFactory.cs
DA:54,1
DA:62,1
DA:22,1
end_of_record
SF:/opt/buildAgent/work/a99f043f4d1af837/Framework/Cqrs/Commands/ISendAndWaitCommandSender.cs
DA:27,1
DA:36,1
DA:45,1
DA:54,1
DA:64,1
DA:74,1
end_of_record
SF:/opt/buildAgent/work/a99f043f4d1af837/Framework/Cqrs/Events/InProcessEventStore.cs
DA:33,1
DA:43,1
DA:62,1
DA:74,1
DA:89,1
DA:104,1
DA:115,1
DA:130,1
DA:142,1
DA:159,1
DA:168,1
DA:178,1
DA:24,1
end_of_record
SF:/opt/buildAgent/work/a99f043f4d1af837/Framework/Cqrs.Tests.Integrations/SnapshotTests.cs
DA:20,-1
DA:18,-1
DA:180,-1
DA:121,-1
DA:66,1
DA:81,-1
DA:96,1
DA:105,1
DA:52,-1
DA:115,-1
end_of_record
SF:/opt/buildAgent/work/a99f043f4d1af837/Framework/Cqrs/Events/NotifyCallerEventAttribute.cs
DA:12,1
end_of_record
SF:/opt/buildAgent/work/a99f043f4d1af837/Framework/Ninject/Azure/Cqrs.Ninject.Azure.EventHub.EventBus/Configuration/AzureEventBusPublisherModule.cs
DA:22,1
end_of_record
SF:/opt/buildAgent/work/a99f043f4d1af837/Framework/Akka.Net/Cqrs.Akka.Tests.Unit/Commands/UpdateCompletedConversationReportCommand.cs
DA:23,1
end_of_record
SF:/opt/buildAgent/work/a99f043f4d1af837/Framework/Ninject/Cqrs.Ninject.Mongo/Configuration/TestMongoModule.cs
DA:23,1
DA:19,1
end_of_record
SF:/opt/buildAgent/work/a99f043f4d1af837/Framework/Akka.Net/Cqrs.Akka.Tests.Unit/Events/HelloWorldRepliedTo.cs
DA:22,1
end_of_record
SF:/opt/buildAgent/work/a99f043f4d1af837/Framework/Ninject/Cqrs.Ninject/Configuration/SimplifiedSqlModule.cs
DA:27,1
DA:38,1
DA:54,1
DA:21,1
end_of_record
SF:/opt/buildAgent/work/a99f043f4d1af837/Framework/Cqrs/Events/PublicEventAttribute.cs
DA:12,1
end_of_record
SF:/opt/buildAgent/work/a99f043f4d1af837/Framework/Cqrs/Services/ServiceResponse.cs
DA:24,1
DA:20,1
end_of_record
SF:/opt/buildAgent/work/a99f043f4d1af837/Framework/Azure/Cqrs.Azure.BlobStorage/Events/TableStorageSnapshotStore.cs
DA:39,1
DA:76,1
DA:53,1
DA:88,1
DA:25,1
DA:106,1
DA:146,1
DA:126,1
DA:138,1
DA:154,1
DA:162,1
DA:100,1
end_of_record
SF:/opt/buildAgent/work/a99f043f4d1af837/Framework/Cqrs.Sql/DataStores/SqlDataStoreExtensions.cs
DA:25,1
DA:48,1
DA:21,1
end_of_record
SF:/opt/buildAgent/work/a99f043f4d1af837/Framework/Cqrs/Events/IEventStore.cs
DA:27,1
DA:34,1
DA:34,1
DA:52,1
DA:60,1
DA:60,1
DA:76,1
DA:76,1
DA:93,1
DA:93,1
DA:108,1
end_of_record
SF:/opt/buildAgent/work/a99f043f4d1af837/Framework/Cqrs/Commands/ICommandSender.cs
DA:25,1
DA:32,1
end_of_record
SF:/opt/buildAgent/work/a99f043f4d1af837/Framework/Azure/Cqrs.Azure.ServiceBus/AzureBus.cs
DA:107,1
DA:131,1
DA:140,1
DA:149,1
DA:158,1
DA:164,1
DA:173,1
DA:181,1
DA:186,1
DA:191,1
DA:219,1
DA:239,1
DA:254,1
DA:264,1
DA:269,1
DA:32,1
end_of_record
SF:/opt/buildAgent/work/a99f043f4d1af837/Framework/Azure/Tests/Cqrs.Azure.BlobStorage.Test.Integration/BlobStorageDataStoreTests.cs
DA:41,1
DA:34,1
end_of_record
SF:/opt/buildAgent/work/a99f043f4d1af837/Framework/Cqrs/Exceptions/NoHandlersRegisteredException.cs
DA:24,1
DA:33,1
DA:19,1
end_of_record
SF:/opt/buildAgent/work/a99f043f4d1af837/Framework/Cqrs.Mongo/DataStores/Indexes/ByIsLogicallyDeletedAndRsnMongoIndex.cs
DA:26,1
DA:22,1
end_of_record
SF:/opt/buildAgent/work/a99f043f4d1af837/Framework/Azure/Tests/Cqrs.Azure.ServiceBus.Tests.Unit/TestEvent.cs
DA:26,1
end_of_record
SF:/opt/buildAgent/work/a99f043f4d1af837/Framework/Cqrs.Mongo/DataStores/Indexes/ByRsnMongoIndex.cs
DA:25,1
DA:21,1
end_of_record
SF:/opt/buildAgent/work/a99f043f4d1af837/Framework/Cqrs/Domain/IAggregateRoot.cs
DA:159,1
DA:164,1
DA:170,1
end_of_record
SF:/opt/buildAgent/work/a99f043f4d1af837/Framework/Cqrs.WebApi/CqrsApiController.cs
DA:37,1
DA:63,1
DA:101,1
DA:114,1
DA:129,1
DA:201,1
DA:211,1
DA:220,1
DA:228,1
DA:273,1
DA:284,1
DA:307,1
DA:321,1
DA:332,1
DA:346,1
DA:303,1
DA:37,1
DA:63,1
DA:101,1
DA:114,1
DA:129,1
DA:201,1
DA:211,1
DA:220,1
DA:228,1
DA:273,1
DA:284,1
DA:307,1
DA:321,1
DA:332,1
DA:346,1
DA:303,1
end_of_record
SF:/opt/buildAgent/work/a99f043f4d1af837/Framework/Cqrs/Configuration/SqlSampleRuntime.cs
DA:29,1
DA:23,1
end_of_record
SF:/opt/buildAgent/work/a99f043f4d1af837/Framework/Cqrs.WebApi/SignalR/Hubs/NotificationHub.cs
DA:33,1
DA:42,1
DA:66,1
DA:74,1
DA:86,1
DA:106,1
DA:364,1
DA:372,1
DA:29,1
end_of_record
SF:/opt/buildAgent/work/a99f043f4d1af837/Framework/Ninject/Cqrs.Ninject.InProcess.EventStore/Configuration/InProcessEventStoreModule.cs
DA:21,1
end_of_record
SF:/opt/buildAgent/work/a99f043f4d1af837/Framework/Cqrs/Infrastructure/PrivateReflectionDynamicObject.cs
DA:41,1
end_of_record
SF:/opt/buildAgent/work/a99f043f4d1af837/Framework/Akka.Net/Cqrs.Akka.Tests.Unit/Events/Handlers/HelloWorldRepliedToSendEndConversationCommandEventHandler.cs
DA:32,1
DA:48,1
DA:28,1
DA:74,1
DA:85,1
DA:62,1
end_of_record
SF:/opt/buildAgent/work/a99f043f4d1af837/Framework/Azure/Cqrs.Azure.DocumentDb/Events/IAzureDocumentDbSnapshotStoreConnectionStringFactory.cs
DA:22,1
DA:27,1
DA:32,1
end_of_record
SF:/opt/buildAgent/work/a99f043f4d1af837/Framework/Ninject/Azure/Cqrs.Ninject.Azure.DocumentDb/Events/TestAzureDocumentDbEventStoreConnectionStringFactory.cs
DA:55,1
DA:65,1
DA:77,1
DA:85,1
DA:93,1
DA:27,1
end_of_record
SF:/opt/buildAgent/work/a99f043f4d1af837/Framework/Cqrs/Infrastructure/PrivateReflectionDynamicObjectExtensions.cs
DA:18,1
end_of_record
SF:/opt/buildAgent/work/a99f043f4d1af837/Framework/Cqrs.Mongo/DataStores/Indexes/MongoIndex.cs
DA:44,1
DA:20,1
end_of_record
SF:/opt/buildAgent/work/a99f043f4d1af837/Framework/Ninject/Azure/Cqrs.Ninject.Azure.ServiceBus.EventBus/Configuration/AzureEventPublisherModule.cs
DA:22,1
end_of_record
SF:/opt/buildAgent/work/a99f043f4d1af837/Framework/Azure/Cqrs.Azure.BlobStorage/Events/BlobStorageEventStore.cs
DA:35,1
DA:50,1
DA:73,1
DA:93,1
DA:114,1
DA:133,1
DA:147,1
DA:26,1
DA:166,1
DA:181,1
DA:162,1
end_of_record
SF:/opt/buildAgent/work/a99f043f4d1af837/Framework/Cqrs/Repositories/Queries/CollectionResultQuery.cs
DA:23,1
end_of_record
SF:/opt/buildAgent/work/a99f043f4d1af837/Framework/Ninject/Cqrs.Ninject.Mongo/Configuration/MongoModule.cs
DA:24,1
DA:36,1
DA:43,1
DA:53,1
DA:18,1
end_of_record
SF:/opt/buildAgent/work/a99f043f4d1af837/Framework/Cqrs.WebApi/Events/Handlers/EventToHubProxy.cs
DA:27,1
DA:55,1
DA:23,1
end_of_record
SF:/opt/buildAgent/work/a99f043f4d1af837/Framework/Azure/Cqrs.Azure.BlobStorage/StorageStore.cs
DA:66,1
DA:84,1
DA:204,1
DA:210,1
DA:220,1
DA:290,1
DA:307,1
DA:319,1
DA:333,1
DA:342,1
DA:107,1
DA:155,1
DA:170,1
DA:175,1
DA:184,1
DA:189,1
DA:194,1
DA:32,1
end_of_record
SF:/opt/buildAgent/work/a99f043f4d1af837/Framework/Cqrs/Repositories/Queries/SingleResultQuery.cs
DA:22,1
end_of_record
SF:/opt/buildAgent/work/a99f043f4d1af837/Framework/Azure/Cqrs.Azure.EventHub/AzureEventBusReceiver.cs
DA:34,1
DA:34,1
end_of_record
SF:/opt/buildAgent/work/a99f043f4d1af837/Framework/Cqrs/Snapshots/ISnapshotStrategy.cs
DA:28,1
DA:34,1
end_of_record
SF:/opt/buildAgent/work/a99f043f4d1af837/Framework/Azure/Cqrs.Azure.BlobStorage/IBlobStorageStoreConnectionStringFactory.cs
DA:20,1
end_of_record
SF:/opt/buildAgent/work/a99f043f4d1af837/Framework/Ninject/Cqrs.Ninject/Configuration/InProcessCommandBusModule.cs
DA:29,1
DA:41,1
DA:48,1
DA:58,1
DA:23,1
end_of_record
SF:/opt/buildAgent/work/a99f043f4d1af837/Framework/Cqrs/Entities/DateRange.cs
DA:21,1
DA:17,1
end_of_record
SF:/opt/buildAgent/work/a99f043f4d1af837/Framework/Cqrs/Services/EventService.cs
DA:29,1
DA:86,1
DA:94,1
DA:102,1
DA:62,1
DA:25,1
end_of_record
SF:/opt/buildAgent/work/a99f043f4d1af837/Framework/Cqrs/Services/ServiceRequest.cs
DA:21,1
end_of_record
SF:/opt/buildAgent/work/a99f043f4d1af837/Framework/Azure/Cqrs.Azure.DocumentDb/Entities/AzureDocumentDbEntity.cs
DA:23,1
end_of_record
SF:/opt/buildAgent/work/a99f043f4d1af837/Framework/Cqrs.MongoDB.Tests.Integration/TestMongoDbDataStoreFactory.cs
DA:25,1
DA:33,1
DA:21,1
end_of_record
SF:/opt/buildAgent/work/a99f043f4d1af837/Framework/Cqrs.WebApi/CqrsEventApiController.cs
DA:30,1
DA:67,1
DA:91,1
DA:99,1
DA:26,1
end_of_record
SF:/opt/buildAgent/work/a99f043f4d1af837/Framework/Cqrs/Services/ServiceParameterResolver.cs
DA:22,1
DA:18,1
end_of_record
SF:/opt/buildAgent/work/a99f043f4d1af837/Framework/Cqrs.MongoDB/Entities/Entity.cs
DA:24,1
end_of_record
SF:/opt/buildAgent/work/a99f043f4d1af837/Framework/Cqrs/Events/DtoAggregateEvent.cs
DA:42,1
DA:76,1
DA:26,1
end_of_record
SF:/opt/buildAgent/work/a99f043f4d1af837/Framework/Akka.Net/Cqrs.Akka/Events/AkkaEventBusProxy.cs
DA:28,1
DA:55,1
DA:69,1
DA:24,1
DA:87,1
DA:114,1
DA:83,1
end_of_record
SF:/opt/buildAgent/work/a99f043f4d1af837/Framework/Cqrs/Domain/Exceptions/ConcurrencyException.cs
DA:25,1
DA:20,1
end_of_record
SF:/opt/buildAgent/work/a99f043f4d1af837/Framework/Azure/Tests/Cqrs.Azure.BlobStorage.Test.Integration/BlobStorageEventStoreTests.cs
DA:41,1
DA:34,1
end_of_record
SF:/opt/buildAgent/work/a99f043f4d1af837/Framework/Azure/Cqrs.Azure.BlobStorage/TableStorageStoreExtensions.cs
DA:26,1
DA:36,1
DA:22,1
end_of_record
SF:/opt/buildAgent/work/a99f043f4d1af837/Framework/Cqrs/Events/ISnapshotBuilder.cs
DA:23,1
DA:30,1
end_of_record
SF:/opt/buildAgent/work/a99f043f4d1af837/Framework/Akka.Net/Cqrs.Akka/Domain/IAkkaAggregateRepository.cs
DA:34,1
end_of_record
SF:/opt/buildAgent/work/a99f043f4d1af837/Framework/Cqrs/Authentication/AuthenticationTokenHelper.cs
DA:30,1
DA:39,1
DA:48,1
DA:57,1
DA:108,1
DA:118,1
DA:127,1
DA:94,1
DA:30,1
DA:39,1
DA:48,1
DA:57,1
DA:108,1
DA:118,1
DA:127,1
DA:94,1
end_of_record
SF:/opt/buildAgent/work/a99f043f4d1af837/Framework/Akka.Net/Cqrs.Akka.Tests.Unit/Events/Handlers/HelloWorldRepliedToEventHandler.cs
DA:29,1
DA:45,1
DA:25,1
DA:67,1
DA:77,1
DA:60,1
end_of_record
SF:/opt/buildAgent/work/a99f043f4d1af837/Framework/Cqrs/Events/SqlEventStoreDataContext.cs
DA:112,-1
DA:120,-1
DA:125,-1
DA:140,-1
DA:146,-1
DA:153,-1
DA:178,-1
DA:179,-1
DA:180,-1
DA:192,-1
DA:220,-1
DA:256,-1
DA:257,-1
DA:258,-1
DA:30,1
DA:37,1
DA:56,1
DA:66,1
DA:89,1
DA:100,1
DA:20,1
end_of_record
SF:/opt/buildAgent/work/a99f043f4d1af837/Framework/Cqrs/Domain/Exceptions/DuplicateCreateCommandException.cs
DA:26,1
DA:35,1
DA:48,1
DA:20,1
end_of_record
SF:/opt/buildAgent/work/a99f043f4d1af837/Framework/Azure/Cqrs.Azure.ServiceBus/AzureEventBus.cs
DA:105,1
DA:23,1
end_of_record
SF:/opt/buildAgent/work/a99f043f4d1af837/Framework/Cqrs/Snapshots/ISnapshotStore.cs
DA:25,1
DA:31,1
end_of_record
SF:/opt/buildAgent/work/a99f043f4d1af837/Framework/Akka.Net/Cqrs.Akka/Commands/AkkaCommandBus.cs
DA:85,1
DA:183,1
DA:201,1
DA:224,1
DA:236,1
DA:248,1
DA:263,1
DA:276,1
DA:306,1
DA:322,1
DA:331,1
DA:105,1
DA:133,1
DA:31,1
end_of_record
SF:/opt/buildAgent/work/a99f043f4d1af837/Framework/Azure/Tests/Cqrs.Azure.BlobStorage.Test.Integration/TestQueryBuilder.cs
DA:27,1
DA:37,1
DA:23,1
end_of_record
SF:/opt/buildAgent/work/a99f043f4d1af837/Framework/Cqrs.MongoDB/Serialisers/SnapshotBuilder.cs
DA:28,1
DA:42,1
DA:20,1
end_of_record
SF:/opt/buildAgent/work/a99f043f4d1af837/Framework/Ninject/Cqrs.Ninject/Configuration/InProcessEventStoreModule.cs
DA:26,1
DA:38,1
DA:45,1
DA:52,1
DA:20,1
end_of_record
SF:/opt/buildAgent/work/a99f043f4d1af837/Framework/Cqrs/Events/IEventPublisher.cs
DA:21,1
DA:27,1
end_of_record
SF:/opt/buildAgent/work/a99f043f4d1af837/Framework/Cqrs/Authentication/IAuthenticationTokenHelper.cs
DA:25,1
DA:31,1
end_of_record
SF:/opt/buildAgent/work/a99f043f4d1af837/Framework/Cqrs.EventStore/Bus/EventStoreEventPublisher.cs
DA:44,1
DA:56,1
DA:69,1
DA:81,1
DA:23,1
end_of_record
SF:/opt/buildAgent/work/a99f043f4d1af837/Framework/Cqrs/Exceptions/NoCommandHandlerRegisteredException.cs
DA:24,1
DA:33,1
DA:19,1
end_of_record
SF:/opt/buildAgent/work/a99f043f4d1af837/Framework/Akka.Net/Cqrs.Akka/Configuration/IHandlerResolver.cs
DA:21,1
end_of_record
SF:/opt/buildAgent/work/a99f043f4d1af837/Framework/Cqrs/Entities/Entity.cs
DA:23,1
end_of_record
SF:/opt/buildAgent/work/a99f043f4d1af837/Framework/Cqrs.Mongo/Repositories/Authentication/SingleSignOnToken.cs
DA:49,1
DA:23,1
end_of_record
SF:/opt/buildAgent/work/a99f043f4d1af837/Framework/Azure/Cqrs.Azure.EventHub/DefaultEventProcessor.cs
DA:29,1
DA:44,1
DA:58,1
DA:77,1
end_of_record
SF:/opt/buildAgent/work/a99f043f4d1af837/Framework/Cqrs/Commands/CommandExtensions.cs
DA:16,1
DA:9,1
end_of_record
SF:/opt/buildAgent/work/a99f043f4d1af837/Framework/Azure/Tests/Cqrs.Azure.ServiceBus.Tests.Integration/GuidAuthenticationTokenHelper.cs
DA:18,1
DA:27,1
DA:11,1
end_of_record
SF:/opt/buildAgent/work/a99f043f4d1af837/Framework/Cqrs/Configuration/ConfigurationExtensions.cs
DA:24,1
DA:32,1
DA:20,1
end_of_record
SF:/opt/buildAgent/work/a99f043f4d1af837/Framework/Cqrs/Domain/SagaRepository.cs
DA:54,1
DA:69,1
DA:140,1
DA:188,1
DA:118,1
DA:126,1
DA:151,1
DA:168,1
DA:25,1
end_of_record
SF:/opt/buildAgent/work/a99f043f4d1af837/Framework/Azure/Cqrs.Azure.BlobStorage/TableEntity.cs
DA:40,1
DA:52,1
DA:63,1
DA:72,1
DA:25,1
end_of_record
SF:/opt/buildAgent/work/a99f043f4d1af837/Framework/Cqrs.Mongo/Serialisers/TypeSerialiser.cs
DA:24,1
DA:33,1
DA:49,1
DA:57,1
DA:20,1
end_of_record
SF:/opt/buildAgent/work/a99f043f4d1af837/Framework/Azure/Cqrs.Azure.BlobStorage/DataStores/BlobStorageDataStoreConnectionStringFactory.cs
DA:65,1
DA:75,1
DA:117,1
DA:148,1
DA:174,1
DA:189,1
DA:203,1
DA:25,1
end_of_record
SF:/opt/buildAgent/work/a99f043f4d1af837/Framework/Cqrs/Exceptions/UnAuthorisedMessageReceivedException.cs
DA:23,1
DA:32,1
DA:19,1
end_of_record
SF:/opt/buildAgent/work/a99f043f4d1af837/Framework/Akka.Net/Cqrs.Akka/Domain/AkkaSagaRepository.cs
DA:36,1
DA:49,1
DA:60,1
DA:27,1
end_of_record
SF:/opt/buildAgent/work/a99f043f4d1af837/Framework/Ninject/Cqrs.Ninject.MongoDB/Configuration/TestMongoDbModule.cs
DA:27,1
DA:23,1
end_of_record
SF:/opt/buildAgent/work/a99f043f4d1af837/Framework/Ninject/Azure/Cqrs.Ninject.Azure.EventHub.EventBus/Configuration/AzureEventPublisherModule.cs
DA:22,1
end_of_record
SF:/opt/buildAgent/work/a99f043f4d1af837/Framework/Cqrs.EventStore/ProjectionReader.cs
DA:37,1
DA:47,1
DA:75,1
DA:23,1
end_of_record
SF:/opt/buildAgent/work/a99f043f4d1af837/Framework/Akka.Net/Cqrs.Akka/Domain/AkkaSagaProxy.cs
DA:61,1
DA:69,1
DA:78,1
DA:86,1
DA:94,1
DA:29,1
end_of_record
SF:/opt/buildAgent/work/a99f043f4d1af837/Framework/Akka.Net/Cqrs.Akka/Commands/ConcurrentAkkaCommandSender.cs
DA:40,1
DA:54,1
DA:68,1
DA:82,1
DA:94,1
DA:106,1
DA:121,1
DA:134,1
DA:147,1
DA:26,1
end_of_record
SF:/opt/buildAgent/work/a99f043f4d1af837/Framework/Cqrs/Commands/DtoCommand.cs
DA:42,1
DA:26,1
end_of_record
SF:/opt/buildAgent/work/a99f043f4d1af837/Framework/Cqrs.WebApi/Formatters/FormMultipart/Infrastructure/MultipartFormatterSettings.cs
DA:17,1
end_of_record
SF:/opt/buildAgent/work/a99f043f4d1af837/Framework/Cqrs/Configuration/SampleRuntime.cs
DA:47,1
DA:82,1
DA:97,1
DA:57,1
DA:65,1
DA:73,1
DA:33,1
DA:134,1
DA:174,1
DA:187,1
DA:254,1
DA:111,1
end_of_record
SF:/opt/buildAgent/work/a99f043f4d1af837/Framework/Azure/Tests/Cqrs.Azure.ServiceBus.Tests.Unit/TestCommand.cs
DA:24,1
end_of_record
SF:/opt/buildAgent/work/a99f043f4d1af837/Framework/Cqrs.EventStore/IEventDeserialiser.cs
DA:26,1
DA:32,1
DA:37,1
end_of_record
SF:/opt/buildAgent/work/a99f043f4d1af837/Framework/Cqrs/Entities/IntegerRange.cs
DA:19,1
DA:15,1
end_of_record
SF:/opt/buildAgent/work/a99f043f4d1af837/Framework/Azure/Cqrs.Azure.DocumentDb/Repositories/AzureRepository.cs
DA:34,1
DA:58,1
DA:44,1
DA:30,1
end_of_record
SF:/opt/buildAgent/work/a99f043f4d1af837/Framework/Akka.Net/Cqrs.Akka/Events/AkkaEventHandler.cs
DA:43,1
DA:54,1
DA:24,1
end_of_record
SF:/opt/buildAgent/work/a99f043f4d1af837/Framework/Cqrs.WebApi/CqrsHttpApplicationWithSignalR.cs
DA:29,1
DA:29,1
end_of_record
SF:/opt/buildAgent/work/a99f043f4d1af837/Framework/Cqrs.Sql/DataStores/SimpleExpressionReplacer.cs
DA:25,1
DA:33,1
DA:17,1
end_of_record
SF:/opt/buildAgent/work/a99f043f4d1af837/Framework/Azure/Cqrs.Azure.BlobStorage/TableStorageStore.cs
DA:40,1
DA:50,1
DA:133,1
DA:162,1
DA:398,1
DA:403,1
DA:411,1
DA:484,1
DA:502,1
DA:77,1
DA:169,1
DA:177,1
DA:212,1
DA:220,1
DA:250,1
DA:315,1
DA:324,1
DA:333,1
DA:338,1
DA:346,1
DA:355,1
DA:363,1
DA:445,1
DA:464,1
DA:31,1
end_of_record
SF:/opt/buildAgent/work/a99f043f4d1af837/Framework/Cqrs.WebApi/Formatters/FormMultipart/Infrastructure/Logger/FormDataConverterLogger.cs
DA:25,1
DA:35,1
DA:45,1
DA:53,1
DA:68,1
DA:19,1
DA:132,1
DA:141,1
DA:113,1
DA:97,1
end_of_record
SF:/opt/buildAgent/work/a99f043f4d1af837/Framework/Azure/Cqrs.Azure.ServiceBus/IAzureBusHelper.cs
DA:33,1
DA:42,1
DA:56,1
DA:72,1
DA:80,1
DA:89,1
DA:103,1
DA:108,1
DA:124,1
DA:131,1
DA:137,1
end_of_record
SF:/opt/buildAgent/work/a99f043f4d1af837/Framework/Cqrs.Sql/DataStores/Converters.cs
DA:24,1
DA:18,1
end_of_record
SF:/opt/buildAgent/work/a99f043f4d1af837/Framework/Cqrs/Domain/Exceptions/DuplicateEventException.cs
DA:30,1
DA:23,1
end_of_record
SF:/opt/buildAgent/work/a99f043f4d1af837/Framework/Ninject/Cqrs.Ninject.InProcess.EventStore/InProcessEventStore.cs
DA:22,1
end_of_record
SF:/opt/buildAgent/work/a99f043f4d1af837/Framework/Azure/Tests/Cqrs.Azure.ServiceBus.Tests.Integration/RoundTripTests.cs
DA:33,1
DA:63,1
DA:26,1
end_of_record
SF:/opt/buildAgent/work/a99f043f4d1af837/Framework/Akka.Net/Cqrs.Akka.Tests.Unit/Events/Handlers/ConversationEndedEventHandler.cs
DA:25,1
DA:41,1
DA:21,1
end_of_record
SF:/opt/buildAgent/work/a99f043f4d1af837/Framework/Azure/Cqrs.Azure.DocumentDb/AzureDocumentDbHelper.cs
DA:40,1
DA:51,1
DA:112,1
DA:202,1
DA:233,1
DA:184,1
DA:26,1
end_of_record
SF:/opt/buildAgent/work/a99f043f4d1af837/Framework/Cqrs.EventStore/Bus/EventConverter.cs
DA:27,1
DA:19,1
end_of_record
SF:/opt/buildAgent/work/a99f043f4d1af837/Framework/Cqrs/Domain/Factories/AggregateFactory.cs
DA:35,1
DA:47,1
DA:58,1
DA:21,1
end_of_record
SF:/opt/buildAgent/work/a99f043f4d1af837/Framework/Ninject/Cqrs.Ninject/Configuration/ResolvableModule.cs
DA:26,1
DA:36,1
DA:45,1
DA:54,1
DA:20,1
end_of_record
SF:/opt/buildAgent/work/a99f043f4d1af837/Framework/Cqrs/Commands/ICommandValidator.cs
DA:20,1
end_of_record
SF:/opt/buildAgent/work/a99f043f4d1af837/Framework/Cqrs/Repositories/Queries/QueryPredicate.cs
DA:35,1
DA:17,1
end_of_record
SF:/opt/buildAgent/work/a99f043f4d1af837/Framework/Akka.Net/Cqrs.Akka/Commands/AkkaCommandBusProxy.cs
DA:30,1
DA:57,1
DA:71,1
DA:26,1
DA:98,1
DA:125,1
DA:94,1
end_of_record
SF:/opt/buildAgent/work/a99f043f4d1af837/Framework/Ninject/Azure/Cqrs.Ninject.Azure.DocumentDb/Configuration/AzureDocumentDbEventStoreModule.cs
DA:30,1
DA:43,1
DA:59,1
DA:66,1
DA:79,1
DA:24,1
end_of_record
SF:/opt/buildAgent/work/a99f043f4d1af837/Framework/Cqrs/Services/IServiceParameterResolver.cs
DA:23,1
DA:28,1
end_of_record
SF:/opt/buildAgent/work/a99f043f4d1af837/Framework/Azure/Cqrs.Azure.EventHub/AzureCommandBusPublisher.cs
DA:35,1
DA:46,1
DA:96,1
DA:177,1
DA:189,1
DA:201,1
DA:216,1
DA:229,1
DA:301,1
DA:35,1
DA:46,1
DA:96,1
DA:177,1
DA:189,1
DA:201,1
DA:216,1
DA:229,1
DA:301,1
end_of_record
SF:/opt/buildAgent/work/a99f043f4d1af837/Framework/Akka.Net/Cqrs.Akka.Tests.Unit/Commands/EndConversationCommand.cs
DA:22,1
end_of_record
SF:/opt/buildAgent/work/a99f043f4d1af837/Framework/Akka.Net/Cqrs.Akka/Domain/AkkaAggregateRootProxy.cs
DA:60,1
DA:68,1
DA:77,1
DA:28,1
end_of_record
SF:/opt/buildAgent/work/a99f043f4d1af837/Framework/Cqrs/Configuration/HandlerDelegate.cs
DA:25,1
DA:25,1
end_of_record
SF:/opt/buildAgent/work/a99f043f4d1af837/Framework/Ninject/Azure/Cqrs.Ninject.Azure.ServiceBus.CommandBus/Configuration/AzureQueuedCommandBusReceiverModule.cs
DA:26,1
DA:22,1
end_of_record
SF:/opt/buildAgent/work/a99f043f4d1af837/Framework/Ninject/Cqrs.Ninject/Configuration/SimplifiedNinjectStartUp.cs
DA:27,1
DA:42,1
DA:86,1
DA:93,1
DA:101,1
DA:23,1
end_of_record
SF:/opt/buildAgent/work/a99f043f4d1af837/Framework/Cqrs/Domain/Exceptions/AggregateNotFoundException.cs
DA:28,1
DA:23,1
end_of_record
SF:/opt/buildAgent/work/a99f043f4d1af837/Framework/Azure/Cqrs.Azure.BlobStorage/DataStores/TableStorageDataStoreConnectionStringFactory.cs
DA:61,1
DA:71,1
DA:113,1
DA:144,1
DA:170,1
DA:187,1
DA:26,1
end_of_record
SF:/opt/buildAgent/work/a99f043f4d1af837/Framework/Ninject/Azure/Cqrs.Ninject.Azure.BlobStorage/Configuration/BlobStoragEventStoreModule.cs
DA:29,1
DA:41,1
DA:54,1
DA:70,1
DA:23,1
end_of_record
SF:/opt/buildAgent/work/a99f043f4d1af837/Framework/Azure/Cqrs.Azure.ServiceBus/AzureCommandBus.cs
DA:105,1
DA:23,1
DA:105,1
DA:23,1
end_of_record
SF:/opt/buildAgent/work/a99f043f4d1af837/Framework/Cqrs.MongoDB.Tests.Integration/TestMongoEventStoreConnectionStringFactory.cs
DA:54,1
DA:62,1
DA:22,1
end_of_record
SF:/opt/buildAgent/work/a99f043f4d1af837/Framework/Azure/Cqrs.Azure.EventHub/DefaultEventProcessorFactory.cs
DA:27,1
DA:35,1
DA:47,1
end_of_record
SF:/opt/buildAgent/work/a99f043f4d1af837/Framework/Cqrs.MongoDB/Events/MongoDbEventData.cs
DA:34,1
DA:39,1
DA:22,1
end_of_record
SF:/opt/buildAgent/work/a99f043f4d1af837/Framework/Cqrs/Repositories/Queries/QueryPredicateExtensions.cs
DA:26,1
DA:38,1
DA:50,1
DA:68,1
DA:80,1
DA:92,1
DA:111,1
DA:19,1
end_of_record
SF:/opt/buildAgent/work/a99f043f4d1af837/Framework/Cqrs/Domain/Saga.cs
DA:87,1
DA:98,1
DA:105,1
DA:116,1
DA:173,1
DA:210,1
DA:218,1
DA:229,1
DA:247,1
DA:256,1
DA:125,1
DA:133,1
DA:151,1
DA:165,1
DA:189,1
DA:41,1
end_of_record
SF:/opt/buildAgent/work/a99f043f4d1af837/Framework/Cqrs/Entities/Range.cs
DA:18,1
end_of_record
SF:/opt/buildAgent/work/a99f043f4d1af837/Framework/Azure/Cqrs.Azure.BlobStorage/DataStores/ITableStorageDataStoreConnectionStringFactory.cs
DA:26,1
end_of_record
SF:/opt/buildAgent/work/a99f043f4d1af837/Framework/Akka.Net/Cqrs.Akka/Domain/AkkaAggregateRoot.cs
DA:72,1
DA:91,1
DA:103,1
DA:165,1
DA:128,1
DA:136,1
DA:146,1
DA:31,1
end_of_record
SF:/opt/buildAgent/work/a99f043f4d1af837/Framework/Ninject/Azure/Cqrs.Ninject.Azure.WebJobs/Configuration/WebJobHostModule.cs
DA:24,1
DA:20,1
end_of_record
SF:/opt/buildAgent/work/a99f043f4d1af837/Framework/Cqrs/Services/ServiceChannelFactory.cs
DA:26,1
DA:38,1
DA:57,1
DA:21,1
end_of_record
SF:/opt/buildAgent/work/a99f043f4d1af837/Framework/Akka.Net/Cqrs.Akka/Domain/IAkkaAggregateResolver.cs
DA:23,1
DA:29,1
end_of_record
SF:/opt/buildAgent/work/a99f043f4d1af837/Framework/Akka.Net/Cqrs.Akka.Tests.Unit/Commands/Handlers/EndConversationCommandHandler.cs
DA:27,1
DA:43,1
DA:23,1
end_of_record
SF:/opt/buildAgent/work/a99f043f4d1af837/Framework/Azure/Cqrs.Azure.BlobStorage/Repositories/BlobStorageRepository.cs
DA:31,1
DA:43,1
DA:27,1
end_of_record
SF:/opt/buildAgent/work/a99f043f4d1af837/Framework/Ninject/Cqrs.Ninject/Configuration/InProcessEventBusModule.cs
DA:29,1
DA:41,1
DA:48,1
DA:55,1
DA:23,1
end_of_record
SF:/opt/buildAgent/work/a99f043f4d1af837/Framework/Cqrs/Events/DefaultSnapshotBuilder.cs
DA:36,1
DA:49,1
DA:19,1
end_of_record
SF:/opt/buildAgent/work/a99f043f4d1af837/Framework/Azure/Cqrs.Azure.DocumentDb/Factories/AzureDocumentDbDataStoreConnectionStringFactory.cs
DA:36,1
DA:45,1
DA:61,1
DA:69,1
DA:78,1
DA:89,1
DA:97,1
DA:22,1
end_of_record
SF:/opt/buildAgent/work/a99f043f4d1af837/Framework/Cqrs/Hosts/StartUp.cs
DA:28,1
DA:36,1
DA:19,1
end_of_record
SF:/opt/buildAgent/work/a99f043f4d1af837/Framework/Cqrs.Mongo/Factories/MongoDataStoreFactory.cs
DA:42,1
DA:120,1
DA:132,1
DA:26,1
end_of_record
SF:/opt/buildAgent/work/a99f043f4d1af837/Framework/Akka.Net/Cqrs.Akka.Tests.Unit/Events/HelloWorldSaid.cs
DA:22,1
end_of_record
SF:/opt/buildAgent/work/a99f043f4d1af837/Framework/Ninject/Cqrs.Ninject.InProcess.CommandBus/Configuration/InProcessCommandBusModule.cs
DA:22,1
end_of_record
SF:/opt/buildAgent/work/a99f043f4d1af837/Framework/Cqrs/Messages/IMessageHandler.cs
DA:25,1
end_of_record
SF:/opt/buildAgent/work/a99f043f4d1af837/Framework/Azure/Cqrs.Azure.BlobStorage/ITableStorageStoreConnectionStringFactory.cs
DA:20,1
end_of_record
SF:/opt/buildAgent/work/a99f043f4d1af837/Framework/Cqrs/Events/EventBuilder.cs
DA:27,1
DA:41,1
DA:52,1
DA:61,1
DA:19,1
end_of_record
SF:/opt/buildAgent/work/a99f043f4d1af837/Framework/Cqrs.EventStore/IEventStoreConnectionHelper.cs
DA:21,1
end_of_record
SF:/opt/buildAgent/work/a99f043f4d1af837/Framework/Cqrs/Exceptions/MultipleHandlersRegisteredException.cs
DA:24,1
DA:33,1
DA:19,1
end_of_record
SF:/opt/buildAgent/work/a99f043f4d1af837/Framework/Ninject/Cqrs.Ninject.ServiceHost/NinjectWcfServiceHostFactory.cs
DA:21,1
DA:14,1
end_of_record
SF:/opt/buildAgent/work/a99f043f4d1af837/Framework/Cqrs/Authentication/ISingleSignOnTokenFactory.cs
DA:27,1
DA:35,1
end_of_record
SF:/opt/buildAgent/work/a99f043f4d1af837/Framework/Cqrs/Domain/Exceptions/DuplicateSagaEventException.cs
DA:30,1
DA:23,1
end_of_record
SF:/opt/buildAgent/work/a99f043f4d1af837/Framework/Cqrs/Bus/RouteManager.cs
DA:43,1
DA:60,1
DA:85,1
DA:94,1
DA:118,1
DA:157,1
DA:198,1
DA:234,1
DA:245,1
DA:265,1
DA:276,1
DA:25,1
end_of_record
SF:/opt/buildAgent/work/a99f043f4d1af837/Framework/Cqrs.MongoDB/DataStores/Indexes/ByRsnMongoDbIndex.cs
DA:25,1
DA:21,1
end_of_record
SF:/opt/buildAgent/work/a99f043f4d1af837/Framework/Akka.Net/Cqrs.Akka.Tests.Unit/Events/Handlers/HelloWorldSaidEventHandler.cs
DA:26,1
DA:42,1
DA:22,1
end_of_record
SF:/opt/buildAgent/work/a99f043f4d1af837/Framework/Cqrs/Events/EventExtensions.cs
DA:16,1
DA:9,1
end_of_record
SF:/opt/buildAgent/work/a99f043f4d1af837/Framework/Cqrs/Authentication/DefaultSingleSignOnTokenFactory.cs
DA:39,1
DA:17,1
end_of_record
SF:/opt/buildAgent/work/a99f043f4d1af837/Framework/Cqrs/Hosts/CoreHost.cs
DA:65,1
DA:93,1
DA:112,1
DA:120,1
DA:140,1
DA:145,1
DA:166,1
DA:178,1
DA:188,1
DA:100,1
DA:25,1
end_of_record
SF:/opt/buildAgent/work/a99f043f4d1af837/Framework/Akka.Net/Cqrs.Akka.Tests.Unit/AkkaUnitTests.cs
DA:54,1
DA:43,1
end_of_record
SF:/opt/buildAgent/work/a99f043f4d1af837/Framework/Cqrs/Events/ReplicatedSqlEventStore.cs
DA:34,1
DA:68,1
DA:25,1
end_of_record
SF:/opt/buildAgent/work/a99f043f4d1af837/Framework/Azure/Cqrs.Azure.Storage/EntityPropertyConverter.cs
DA:77,1
DA:91,1
DA:112,1
DA:126,1
DA:38,1
DA:526,1
DA:535,1
end_of_record
SF:/opt/buildAgent/work/a99f043f4d1af837/Framework/Cqrs.WebApi/Controllers/ClientController.cs
DA:31,1
DA:25,1
DA:229,1
DA:200,1
DA:262,1
DA:243,1
end_of_record
SF:/opt/buildAgent/work/a99f043f4d1af837/Framework/Azure/Cqrs.Azure.EventHub/AzureEventHubBus.cs
DA:103,1
DA:22,1
end_of_record
SF:/opt/buildAgent/work/a99f043f4d1af837/Framework/Azure/Cqrs.Azure.DocumentDb/GlobalAzureDocumentDbConnectionCache.cs
DA:36,1
DA:57,1
DA:68,1
DA:89,1
DA:100,1
DA:121,1
DA:19,1
end_of_record
SF:/opt/buildAgent/work/a99f043f4d1af837/Framework/Ninject/Azure/Cqrs.Ninject.Azure.EventHub.EventBus/Configuration/AzureEventBusReceiverModule.cs
DA:22,1
end_of_record
SF:/opt/buildAgent/work/a99f043f4d1af837/Framework/Azure/Tests/Cqrs.Azure.ServiceBus.Tests.Unit/MessageSerialiserTests.cs
DA:37,1
DA:55,1
DA:73,1
DA:91,1
DA:26,1
end_of_record
SF:/opt/buildAgent/work/a99f043f4d1af837/Framework/Ninject/Azure/Cqrs.Ninject.Azure.Wcf/Configuration/WebHostModule.cs
DA:38,1
DA:51,1
DA:65,1
DA:76,1
DA:87,1
DA:144,1
DA:32,1
end_of_record
SF:/opt/buildAgent/work/a99f043f4d1af837/Framework/Ninject/Azure/Cqrs.Ninject.Azure.ServiceBus.CommandBus/Configuration/AzureCommandBusPublisherModule.cs
DA:28,1
DA:47,1
DA:61,1
DA:22,1
end_of_record
SF:/opt/buildAgent/work/a99f043f4d1af837/Framework/Ninject/Azure/Cqrs.Ninject.Azure.EventHub.CommandBus/Configuration/AzureCommandBusSenderModule.cs
DA:22,1
end_of_record
SF:/opt/buildAgent/work/a99f043f4d1af837/Framework/Azure/Cqrs.Azure.DocumentDb/IAzureDocumentDbConnectionCache.cs
DA:25,1
DA:32,1
DA:40,1
DA:47,1
DA:55,1
DA:62,1
end_of_record
SF:/opt/buildAgent/work/a99f043f4d1af837/Framework/Cqrs.MongoDB/Events/MongoDbSnapshotStoreConnectionStringFactory.cs
DA:45,1
DA:56,1
DA:86,1
DA:21,1
end_of_record
SF:/opt/buildAgent/work/a99f043f4d1af837/Framework/Azure/Cqrs.Azure.BlobStorage/Events/TableStorageEventStoreConnectionStringFactory - Copy.cs
DA:52,1
DA:61,1
DA:104,1
DA:135,1
DA:27,1
end_of_record
SF:/opt/buildAgent/work/a99f043f4d1af837/Framework/Azure/Cqrs.Azure.WebJobs/CqrsJobHost.cs
DA:36,1
DA:20,1
end_of_record
SF:/opt/buildAgent/work/a99f043f4d1af837/Framework/Cqrs/Events/EventDataResolver.cs
DA:28,1
DA:63,1
DA:21,1
end_of_record
SF:/opt/buildAgent/work/a99f043f4d1af837/Framework/Ninject/Cqrs.Ninject.MongoDB/Configuration/MongoDbEventStoreModule.cs
DA:30,1
DA:42,1
DA:55,1
DA:77,1
DA:24,1
end_of_record
SF:/opt/buildAgent/work/a99f043f4d1af837/Framework/Cqrs/Domain/AggregateRepository.cs
DA:56,1
DA:71,1
DA:139,1
DA:155,1
DA:171,1
DA:269,1
DA:302,1
DA:335,1
DA:125,1
DA:182,1
DA:199,1
DA:222,1
DA:245,1
DA:27,1
end_of_record
SF:/opt/buildAgent/work/a99f043f4d1af837/Framework/Azure/Cqrs.Azure.EventHub/AzureEventHub.cs
DA:152,1
DA:165,1
DA:177,1
DA:193,1
DA:209,1
DA:229,1
DA:238,1
DA:247,1
DA:270,1
DA:281,1
DA:324,1
DA:334,1
DA:343,1
DA:358,1
DA:415,1
DA:432,1
DA:33,1
end_of_record
SF:/opt/buildAgent/work/a99f043f4d1af837/Framework/Akka.Net/Cqrs.Akka.Tests.Unit/Commands/SayHelloWorldCommand.cs
DA:22,1
end_of_record
SF:/opt/buildAgent/work/a99f043f4d1af837/Framework/Cqrs/Domain/SagaUnitOfWork.cs
DA:31,1
DA:43,1
DA:62,1
DA:90,1
DA:23,1
end_of_record
SF:/opt/buildAgent/work/a99f043f4d1af837/Framework/Azure/Cqrs.Azure.Storage/Events/TableStorageSnapshotStore.cs
DA:31,1
DA:42,1
DA:27,1
DA:80,1
DA:90,1
DA:106,1
DA:76,1
end_of_record
SF:/opt/buildAgent/work/a99f043f4d1af837/Framework/Cqrs/Events/SqlEventStore.cs
DA:49,1
DA:64,1
DA:90,1
DA:113,1
DA:137,1
DA:158,1
DA:183,1
DA:196,1
DA:238,1
DA:247,1
DA:30,1
end_of_record
SF:/opt/buildAgent/work/a99f043f4d1af837/Framework/Ninject/Azure/Cqrs.Ninject.Azure.EventHub.CommandBus/Configuration/AzureCommandHubPublisherModule.cs
DA:28,1
DA:47,1
DA:65,1
DA:22,1
end_of_record
SF:/opt/buildAgent/work/a99f043f4d1af837/Framework/Cqrs/Services/ServiceRequestWithData.cs
DA:22,1
end_of_record
SF:/opt/buildAgent/work/a99f043f4d1af837/Framework/Cqrs.WebApi/Events/Handlers/SingleSignOnTokenEventToHubProxy.cs
DA:28,1
DA:56,1
DA:24,1
end_of_record
SF:/opt/buildAgent/work/a99f043f4d1af837/Framework/Azure/Cqrs.Azure.EventHub/AzureCommandBus.cs
DA:103,1
DA:103,1
end_of_record
SF:/opt/buildAgent/work/a99f043f4d1af837/Framework/Cqrs/Domain/ISagaUnitOfWork.cs
DA:21,1
DA:27,1
DA:33,1
end_of_record
SF:/opt/buildAgent/work/a99f043f4d1af837/Framework/Cqrs/Configuration/ITelemetryHelperExtensions.cs
DA:32,1
DA:49,1
DA:65,1
DA:81,1
DA:20,1
end_of_record
SF:/opt/buildAgent/work/a99f043f4d1af837/Framework/Azure/Cqrs.Azure.BlobStorage/DataStores/BlobStorageDataStore.cs
DA:32,1
DA:50,1
DA:61,1
DA:26,1
end_of_record
SF:/opt/buildAgent/work/a99f043f4d1af837/Framework/Cqrs/Domain/UnitOfWork.cs
DA:32,1
DA:44,1
DA:63,1
DA:88,1
DA:102,1
DA:119,1
DA:24,1
end_of_record
SF:/opt/buildAgent/work/a99f043f4d1af837/Framework/Cqrs/Authentication/IDefaultSingleSignOnTokenFactory.cs
DA:26,1
end_of_record
SF:/opt/buildAgent/work/a99f043f4d1af837/Framework/Cqrs/Exceptions/MissingConnectionStringException.cs
DA:26,1
DA:37,1
DA:20,1
end_of_record
SF:/opt/buildAgent/work/a99f043f4d1af837/Framework/Cqrs/Authentication/DefaultAuthenticationTokenHelper.cs
DA:33,1
DA:42,1
DA:51,1
DA:60,1
DA:77,1
DA:86,1
DA:95,1
DA:27,1
end_of_record
SF:/opt/buildAgent/work/a99f043f4d1af837/Framework/Cqrs.Mongo/Factories/IndexKeysBuilderExtension.cs
DA:25,1
DA:49,1
DA:73,1
DA:21,1
end_of_record
SF:/opt/buildAgent/work/a99f043f4d1af837/Framework/Azure/Cqrs.Azure.BlobStorage/Events/BlobStorageSnapshotStoreConnectionStringFactory.cs
DA:52,1
DA:61,1
DA:104,1
DA:135,1
DA:27,1
end_of_record
SF:/opt/buildAgent/work/a99f043f4d1af837/Framework/Cqrs/Bus/QueuedCommandBusReceiver.cs
DA:72,1
DA:88,1
DA:98,1
DA:131,1
DA:236,1
DA:279,1
DA:28,1
end_of_record
SF:/opt/buildAgent/work/a99f043f4d1af837/Framework/Azure/Cqrs.Azure.ServiceBus/AzureCommandBusPublisher.cs
DA:39,1
DA:68,1
DA:248,1
DA:423,1
DA:435,1
DA:447,1
DA:462,1
DA:475,1
DA:568,1
DA:35,1
DA:39,1
DA:68,1
DA:248,1
DA:423,1
DA:435,1
DA:447,1
DA:462,1
DA:475,1
DA:568,1
DA:35,1
end_of_record
SF:/opt/buildAgent/work/a99f043f4d1af837/Framework/Cqrs/Services/IEventService.cs
DA:31,1
end_of_record
SF:/opt/buildAgent/work/a99f043f4d1af837/Framework/Cqrs/Events/DuplicateCreateCommandEvent.cs
DA:23,1
end_of_record
SF:/opt/buildAgent/work/a99f043f4d1af837/Framework/Cqrs/Authentication/SingleSignOnTokenWithUserRsnAndCompanyRsn.cs
DA:40,1
DA:19,1
end_of_record
SF:/opt/buildAgent/work/a99f043f4d1af837/Framework/Azure/Cqrs.Azure.DocumentDb/Events/AzureDocumentDbEventStoreConnectionStringFactory.cs
DA:36,1
DA:45,1
DA:61,1
DA:69,1
DA:77,1
DA:85,1
DA:22,1
end_of_record
SF:/opt/buildAgent/work/a99f043f4d1af837/Framework/Cqrs/Bus/Route.cs
DA:17,1
end_of_record
SF:/opt/buildAgent/work/a99f043f4d1af837/Framework/Cqrs.MongoDB/DataStores/Indexes/ByIsLogicallyDeletedAndRsnMongoDbIndex.cs
DA:25,1
DA:21,1
end_of_record
SF:/opt/buildAgent/work/a99f043f4d1af837/Framework/Ninject/Azure/Cqrs.Ninject.Azure.BlobStorage/Configuration/TableStoragEventStoreModule.cs
DA:29,1
DA:41,1
DA:54,1
DA:70,1
DA:23,1
end_of_record
SF:/opt/buildAgent/work/a99f043f4d1af837/Framework/Ninject/Azure/Cqrs.Ninject.Azure.DocumentDb/Factories/TestAzureDocumentDbDataStoreConnectionStringFactory.cs
DA:52,1
DA:62,1
DA:76,1
DA:24,1
end_of_record
SF:/opt/buildAgent/work/a99f043f4d1af837/Framework/Cqrs/Repositories/Queries/AndQueryPredicate.cs
DA:15,1
end_of_record
SF:/opt/buildAgent/work/a99f043f4d1af837/Framework/Cqrs/Domain/Factories/IAggregateFactory.cs
DA:17,1
DA:25,1
end_of_record
SF:/opt/buildAgent/work/a99f043f4d1af837/Framework/Ninject/Cqrs.Ninject.WebApi/Configuration/SimplifiedNinjectWebApi.cs
DA:33,1
DA:43,1
DA:27,1
DA:62,1
DA:72,1
end_of_record
SF:/opt/buildAgent/work/a99f043f4d1af837/Framework/Cqrs.MongoDB/Factories/MongoDbDataStoreFactory.cs
DA:43,1
DA:121,1
DA:132,1
DA:27,1
end_of_record
SF:/opt/buildAgent/work/a99f043f4d1af837/Framework/Ninject/Azure/Cqrs.Ninject.Azure.EventHub.EventBus/Configuration/AzureEventHubPublisherModule.cs
DA:28,1
DA:47,1
DA:57,1
DA:22,1
end_of_record
SF:/opt/buildAgent/work/a99f043f4d1af837/Framework/Cqrs/Cache/CacheRepository.cs
DA:48,1
DA:76,1
DA:109,1
DA:156,1
DA:172,1
DA:25,1
end_of_record
SF:/opt/buildAgent/work/a99f043f4d1af837/Framework/Ninject/Azure/Cqrs.Ninject.Azure.DocumentDb/Configuration/TestAzureDocumentDbModule.cs
DA:25,1
DA:21,1
end_of_record
SF:/opt/buildAgent/work/a99f043f4d1af837/Framework/Azure/Cqrs.Azure.DocumentDb/Events/AzureDocumentDbSnapshotStore.cs
DA:46,1
DA:68,1
DA:59,1
DA:107,1
DA:27,1
end_of_record
SF:/opt/buildAgent/work/a99f043f4d1af837/Framework/Azure/Cqrs.Azure.EventHub/AzureQueuedCommandBusReceiver.cs
DA:28,1
DA:28,1
end_of_record
SF:/opt/buildAgent/work/a99f043f4d1af837/Framework/Ninject/Azure/Cqrs.Ninject.Azure.EventHub.CommandBus/Configuration/AzureCommandBusPublisherModule.cs
DA:22,1
end_of_record
SF:/opt/buildAgent/work/a99f043f4d1af837/Framework/Ninject/Azure/Cqrs.Ninject.Azure.Wcf/CqrsWebHost.cs
DA:28,1
DA:28,1
end_of_record
SF:/opt/buildAgent/work/a99f043f4d1af837/Framework/Cqrs.Mongo/Factories/IMongoDataStoreConnectionStringFactory.cs
DA:19,1
DA:24,1
end_of_record
SF:/opt/buildAgent/work/a99f043f4d1af837/Framework/Cqrs.MongoDB/Factories/MongoDbDataStoreConnectionStringFactory.cs
DA:56,1
DA:65,1
DA:97,1
DA:22,1
end_of_record
SF:/opt/buildAgent/work/a99f043f4d1af837/Framework/Akka.Net/Cqrs.Akka.Tests.Unit/Sagas/ConversationReportProcessManager.cs
DA:82,1
DA:92,1
DA:102,1
DA:112,1
DA:136,1
DA:145,1
DA:154,1
DA:121,1
DA:25,1
end_of_record
SF:/opt/buildAgent/work/a99f043f4d1af837/Framework/Cqrs/Repositories/Queries/QueryParameter.cs
DA:21,1
DA:26,1
DA:45,1
DA:60,1
DA:79,1
DA:17,1
end_of_record
SF:/opt/buildAgent/work/a99f043f4d1af837/Framework/Akka.Net/Cqrs.Akka.Tests.Unit/Commands/Handlers/ReplyToHelloWorldCommandHandler.cs
DA:27,1
DA:43,1
DA:23,1
end_of_record
SF:/opt/buildAgent/work/a99f043f4d1af837/Framework/Cqrs/Commands/DtoCommandHandler.cs
DA:27,1
DA:38,1
DA:21,1
end_of_record
SF:/opt/buildAgent/work/a99f043f4d1af837/Framework/Cqrs.EventStore/Bus/InvalidLastEventProcessedException.cs
DA:24,1
DA:33,1
DA:42,1
DA:52,1
DA:20,1
end_of_record
SF:/opt/buildAgent/work/a99f043f4d1af837/Framework/Cqrs/Snapshots/SnapshotRepository.cs
DA:55,1
DA:70,1
DA:91,1
DA:116,1
DA:132,1
DA:148,1
DA:170,1
DA:26,1
end_of_record
SF:/opt/buildAgent/work/a99f043f4d1af837/Framework/Cqrs.WebApi/Formatters/FormMultipart/Converters/HttpContentToFormDataConverter.cs
DA:28,1
DA:87,1
DA:24,1
end_of_record
SF:/opt/buildAgent/work/a99f043f4d1af837/Framework/Cqrs/Events/SnapshotBuilder.cs
DA:28,1
DA:42,1
DA:53,1
DA:62,1
DA:20,1
end_of_record
SF:/opt/buildAgent/work/a99f043f4d1af837/Framework/Cqrs/Events/PrivateEventAttribute.cs
DA:12,1
end_of_record
SF:/opt/buildAgent/work/a99f043f4d1af837/Framework/Cqrs/Exceptions/MultipleCommandHandlersRegisteredException.cs
DA:24,1
DA:33,1
DA:19,1
end_of_record
SF:/opt/buildAgent/work/a99f043f4d1af837/Framework/Cqrs.MongoDB.Tests.Integration/MongoDbDataStoreTests.cs
DA:42,1
DA:35,1
end_of_record
SF:/opt/buildAgent/work/a99f043f4d1af837/Framework/Cqrs/Authentication/SingleSignOnTokenFactory.cs
DA:24,1
DA:41,1
DA:19,1
end_of_record
SF:/opt/buildAgent/work/a99f043f4d1af837/Framework/Ninject/Azure/Cqrs.Ninject.Azure.EventHub.CommandBus/Configuration/AzureCommandBusReceiverModule.cs
DA:22,1
end_of_record
SF:/opt/buildAgent/work/a99f043f4d1af837/Framework/Azure/Cqrs.Azure.BlobStorage/DataStores/IBlobStorageDataStoreConnectionStringFactory.cs
DA:24,1
DA:30,1
DA:36,1
end_of_record
SF:/opt/buildAgent/work/a99f043f4d1af837/Framework/Cqrs/Snapshots/SnapshotStore.cs
DA:26,1
DA:94,1
DA:109,1
DA:117,1
DA:73,1
DA:100,1
DA:22,1
end_of_record
SF:/opt/buildAgent/work/a99f043f4d1af837/Framework/Azure/Cqrs.Azure.ServiceBus/IMessageSerialiser.cs
DA:27,1
DA:36,1
DA:43,1
DA:49,1
end_of_record
SF:/opt/buildAgent/work/a99f043f4d1af837/Framework/Akka.Net/Cqrs.Akka/Domain/Commands/GetAkkaAggregateRootVersion.cs
DA:17,1
end_of_record
SF:/opt/buildAgent/work/a99f043f4d1af837/Framework/Cqrs/Repositories/Queries/SortParameter.cs
DA:18,1
DA:23,1
end_of_record
SF:/opt/buildAgent/work/a99f043f4d1af837/Framework/Cqrs/Bus/IHandlerRegistrar.cs
DA:28,1
DA:35,1
end_of_record
SF:/opt/buildAgent/work/a99f043f4d1af837/Framework/Cqrs/Events/SqlSnapshotStore.cs
DA:34,1
DA:66,1
DA:45,1
DA:79,1
DA:110,1
DA:119,1
DA:26,1
end_of_record
SF:/opt/buildAgent/work/a99f043f4d1af837/Framework/Azure/Tests/Cqrs.Azure.BlobStorage.Test.Integration/TableStorageDataStoreTests.cs
DA:42,1
DA:79,1
DA:114,1
DA:157,1
DA:35,1
end_of_record
SF:/opt/buildAgent/work/a99f043f4d1af837/Framework/Cqrs/Repositories/Queries/OrQueryPredicate.cs
DA:15,1
end_of_record
SF:/opt/buildAgent/work/a99f043f4d1af837/Framework/Akka.Net/Cqrs.Akka.Tests.Unit/Commands/ReplyToHelloWorldCommand.cs
DA:22,1
end_of_record
SF:/opt/buildAgent/work/a99f043f4d1af837/Framework/Cqrs.MongoDB/Serialisers/MongoDbEventDeserialiser.cs
DA:26,1
DA:19,1
end_of_record
SF:/opt/buildAgent/work/a99f043f4d1af837/Framework/Cqrs.MongoDB/Serialisers/TypeSerialiser.cs
DA:30,1
DA:41,1
DA:91,1
DA:19,1
end_of_record
SF:/opt/buildAgent/work/a99f043f4d1af837/Framework/Cqrs/Exceptions/NoHandlerRegisteredException.cs
DA:24,1
DA:33,1
DA:19,1
end_of_record
SF:/opt/buildAgent/work/a99f043f4d1af837/Framework/Akka.Net/Cqrs.Akka/Domain/Commands/GetAkkaSagaVersion.cs
DA:17,1
end_of_record
SF:/opt/buildAgent/work/a99f043f4d1af837/Framework/Cqrs.EventStore/EventStoreConnectionHelper.cs
DA:40,1
DA:49,1
DA:67,1
DA:75,1
DA:83,1
DA:24,1
end_of_record
SF:/opt/buildAgent/work/a99f043f4d1af837/Framework/Azure/Cqrs.Azure.EventHub/AzureEventBusPublisher.cs
DA:29,1
DA:29,1
end_of_record
SF:/opt/buildAgent/work/a99f043f4d1af837/Framework/Azure/Tests/Cqrs.Azure.Storage.Test.Integration/TableStorageDataStoreTests.cs
DA:31,1
DA:25,1
end_of_record
SF:/opt/buildAgent/work/a99f043f4d1af837/Framework/Akka.Net/Cqrs.Akka.Tests.Unit/Events/ConversationEnded.cs
DA:22,1
end_of_record
SF:/opt/buildAgent/work/a99f043f4d1af837/Framework/Cqrs.Mongo/Entities/Entity.cs
DA:24,1
end_of_record
SF:/opt/buildAgent/work/a99f043f4d1af837/Framework/Cqrs.WebApi/Formatters/FormMultipart/Infrastructure/Logger/FormatterLoggerAdapter.cs
DA:24,1
DA:36,1
DA:46,1
DA:54,1
end_of_record
SF:/opt/buildAgent/work/a99f043f4d1af837/Framework/Azure/Cqrs.Azure.ServiceBus/AzureBusHelper.cs
DA:46,1
DA:109,1
DA:131,1
DA:177,1
DA:265,1
DA:303,1
DA:326,1
DA:356,1
DA:434,1
DA:535,1
DA:599,1
DA:613,1
DA:570,1
DA:42,1
end_of_record
SF:/opt/buildAgent/work/a99f043f4d1af837/Framework/Cqrs/Services/IUnitOfWorkService.cs
DA:24,1
DA:32,1
end_of_record
SF:/opt/buildAgent/work/a99f043f4d1af837/Framework/Cqrs/Repositories/Repository.cs
DA:49,1
DA:224,1
DA:61,1
DA:70,1
DA:81,1
DA:120,1
DA:151,1
DA:160,1
DA:169,1
DA:178,1
DA:189,1
DA:30,1
end_of_record
SF:/opt/buildAgent/work/a99f043f4d1af837/Framework/Azure/Cqrs.Azure.DocumentDb/Events/AzureDocumentDbSnapshotStoreConnectionStringFactory.cs
DA:36,1
DA:45,1
DA:61,1
DA:69,1
DA:77,1
DA:85,1
DA:22,1
end_of_record
SF:/opt/buildAgent/work/a99f043f4d1af837/Framework/Azure/Cqrs.Azure.DocumentDb/DocumentDbException.cs
DA:24,1
DA:33,1
DA:18,1
end_of_record
SF:/opt/buildAgent/work/a99f043f4d1af837/Framework/Ninject/Azure/Cqrs.Ninject.Azure.BlobStorage/Configuration/BlobStorageDataStoreModule.cs
DA:24,1
DA:34,1
DA:18,1
end_of_record
SF:/opt/buildAgent/work/a99f043f4d1af837/Framework/Cqrs.WebApi/SignalR/Hubs/SignalRStartUp.cs
DA:32,1
DA:40,1
DA:48,1
DA:23,1
end_of_record
SF:/opt/buildAgent/work/a99f043f4d1af837/Framework/Akka.Net/Cqrs.Akka.Tests.Unit/Aggregates/HelloWorld.cs
DA:74,1
DA:83,1
DA:91,1
DA:99,1
DA:107,1
DA:115,1
DA:123,1
DA:24,1
end_of_record
SF:/opt/buildAgent/work/a99f043f4d1af837/Framework/Cqrs/Bus/IBusHelper.cs
DA:27,1
DA:35,1
DA:42,1
DA:49,1
DA:49,1
DA:49,1
DA:66,1
DA:71,1
end_of_record
SF:/opt/buildAgent/work/a99f043f4d1af837/Framework/Ninject/Cqrs.Ninject.Akka/Configuration/AkkaModule.cs
DA:33,1
DA:27,1
end_of_record
SF:/opt/buildAgent/work/a99f043f4d1af837/Framework/Cqrs/DataStores/SqlDataStoreExtension.cs
DA:55,1
DA:19,1
end_of_record
SF:/opt/buildAgent/work/a99f043f4d1af837/Framework/Azure/Cqrs.Azure.BlobStorage/Repositories/Queries/BlobStorageQueryBuilder.cs
DA:31,1
DA:41,1
DA:27,1
end_of_record
SF:/opt/buildAgent/work/a99f043f4d1af837/Framework/Ninject/Azure/Cqrs.Ninject.Azure.ServiceBus.CommandBus/Configuration/AzureCommandBusReceiverModule.cs
DA:30,1
DA:54,1
DA:75,1
DA:86,1
DA:97,1
DA:24,1
end_of_record
SF:/opt/buildAgent/work/a99f043f4d1af837/Framework/Cqrs.MongoDB/Repositories/Authentication/SingleSignOnToken.cs
DA:49,1
DA:23,1
end_of_record
SF:/opt/buildAgent/work/a99f043f4d1af837/Framework/Cqrs/Events/EventData.cs
DA:85,1
DA:24,1
end_of_record
SF:/opt/buildAgent/work/a99f043f4d1af837/Framework/Ninject/Azure/Cqrs.Ninject.Azure.BlobStorage/Configuration/TableStorageDataStoreModule.cs
DA:24,1
DA:34,1
DA:18,1
end_of_record
SF:/opt/buildAgent/work/a99f043f4d1af837/Framework/Cqrs/Events/EventStore.cs
DA:53,1
DA:76,1
DA:86,1
DA:212,1
DA:66,1
DA:96,1
DA:117,1
DA:132,1
DA:140,1
DA:148,1
DA:162,1
DA:170,1
DA:185,1
DA:194,1
DA:206,1
DA:24,1
end_of_record
SF:/opt/buildAgent/work/a99f043f4d1af837/Framework/Cqrs.MongoDB.Tests.Integration/MongoDbSnapshotStoreTests.cs
DA:45,1
DA:38,1
DA:226,-1
DA:165,-1
DA:104,1
DA:122,-1
DA:137,1
DA:146,1
DA:90,-1
DA:157,-1
end_of_record
SF:/opt/buildAgent/work/a99f043f4d1af837/Framework/Ninject/Cqrs.Ninject.Mongo/TestMongoDataStoreConnectionStringFactory.cs
DA:50,1
DA:58,1
DA:21,1
end_of_record
SF:/opt/buildAgent/work/a99f043f4d1af837/Framework/Cqrs/Services/BasicServiceParameterResolver.cs
DA:28,1
DA:39,1
DA:113,1
DA:166,1
DA:70,1
DA:125,1
DA:24,1
end_of_record
SF:/opt/buildAgent/work/a99f043f4d1af837/Framework/Azure/Cqrs.Azure.Storage/DataStores/TableStorageDataStore.cs
DA:31,1
DA:106,1
DA:126,1
DA:144,1
DA:42,1
DA:63,1
DA:80,1
DA:27,1
end_of_record
SF:/opt/buildAgent/work/a99f043f4d1af837/Framework/Cqrs.WebApi/Events/Handlers/GlobalEventToHubProxy.cs
DA:29,1
DA:40,1
DA:25,1
end_of_record
SF:/opt/buildAgent/work/a99f043f4d1af837/Framework/Azure/Cqrs.Azure.ConfigurationManager/CloudConfigurationManager.cs
DA:15,1
DA:8,1
end_of_record
SF:/opt/buildAgent/work/a99f043f4d1af837/Framework/Azure/Cqrs.Azure.DocumentDb/Factories/AzureDocumentDbDataStoreFactory.cs
DA:41,1
DA:51,1
DA:61,1
DA:72,1
DA:90,1
DA:22,1
end_of_record
SF:/opt/buildAgent/work/a99f043f4d1af837/Framework/Cqrs.WebApi/Formatters/FormMultipart/FormMultipartEncodedMediaTypeFormatter.cs
DA:37,1
DA:48,1
DA:58,1
DA:73,1
DA:101,1
DA:129,1
DA:28,1
end_of_record
SF:/opt/buildAgent/work/a99f043f4d1af837/Framework/Cqrs.MongoDB.Tests.Integration/TestMongoDbSnapshotStoreConnectionStringFactory.cs
DA:49,1
DA:57,1
DA:21,1
end_of_record
SF:/opt/buildAgent/work/a99f043f4d1af837/Framework/Azure/Cqrs.Azure.BlobStorage/Events/BlobStorageSnapshotStore.cs
DA:33,1
DA:62,1
DA:45,1
DA:24,1
DA:80,1
DA:76,1
end_of_record
SF:/opt/buildAgent/work/a99f043f4d1af837/Framework/Cqrs/Commands/ICommandPublisher.cs
DA:21,1
DA:27,1
end_of_record
SF:/opt/buildAgent/work/a99f043f4d1af837/Framework/Cqrs/Domain/Exceptions/SagaNotFoundException.cs
DA:27,1
DA:22,1
end_of_record
SF:/opt/buildAgent/work/a99f043f4d1af837/Framework/Cqrs/Events/IEventBuilder.cs
DA:23,1
DA:30,1
end_of_record
SF:/opt/buildAgent/work/a99f043f4d1af837/Framework/Ninject/Cqrs.Ninject.Akka/AkkaNinjectDependencyResolver.cs
DA:56,1
DA:128,1
DA:140,1
DA:149,1
DA:169,1
DA:188,1
DA:196,1
DA:70,1
DA:180,1
DA:94,1
DA:116,1
DA:32,1
end_of_record
SF:/opt/buildAgent/work/a99f043f4d1af837/Framework/Cqrs/Entities/DecimalRange.cs
DA:19,1
DA:15,1
end_of_record
SF:/opt/buildAgent/work/a99f043f4d1af837/Framework/Cqrs/Events/MemoryCacheEventStore.cs
DA:56,1
DA:76,1
DA:120,1
DA:161,1
DA:203,1
DA:212,1
DA:245,1
DA:288,1
DA:326,1
DA:348,1
DA:27,1
end_of_record
SF:/opt/buildAgent/work/a99f043f4d1af837/Framework/Cqrs/Events/EventDeserialiser.cs
DA:34,1
DA:45,1
DA:19,1
end_of_record
SF:/opt/buildAgent/work/a99f043f4d1af837/Framework/Cqrs/Domain/DtoAggregateRoot.cs
DA:29,1
DA:21,1
end_of_record
SF:/opt/buildAgent/work/a99f043f4d1af837/Framework/Cqrs/Domain/IUnitOfWork.cs
DA:23,1
DA:30,1
DA:39,1
DA:48,1
DA:54,1
end_of_record
SF:/opt/buildAgent/work/a99f043f4d1af837/Framework/Azure/Cqrs.Azure.BlobStorage/IStorageStoreConnectionStringFactory.cs
DA:21,1
DA:26,1
end_of_record
SF:/opt/buildAgent/work/a99f043f4d1af837/Framework/Azure/Cqrs.Azure.BlobStorage/EventDataTableEntity.cs
DA:28,1
DA:39,1
DA:24,1
end_of_record
SF:/opt/buildAgent/work/a99f043f4d1af837/Framework/Cqrs.WebApi/Formatters/FormMultipart/Infrastructure/FormData.cs
DA:61,1
DA:71,1
DA:81,1
DA:89,1
DA:104,1
DA:119,1
DA:130,1
DA:144,1
DA:19,1
DA:172,1
DA:156,1
end_of_record
SF:/opt/buildAgent/work/a99f043f4d1af837/Framework/Ninject/Azure/Cqrs.Ninject.Azure.WebJobs/CqrsWebJobProgram.cs
DA:20,1
DA:32,1
DA:16,1
end_of_record
SF:/opt/buildAgent/work/a99f043f4d1af837/Framework/Ninject/Azure/Cqrs.Ninject.Azure.ServiceBus.EventBus/Configuration/AzureEventBusPublisherModule.cs
DA:28,1
DA:47,1
DA:57,1
DA:22,1
end_of_record
SF:/opt/buildAgent/work/a99f043f4d1af837/Framework/Cqrs/Domain/Exceptions/EventsOutOfOrderException.cs
DA:30,1
DA:21,1
end_of_record
SF:/opt/buildAgent/work/a99f043f4d1af837/Framework/Ninject/Cqrs.Ninject/Configuration/CqrsModule.cs
DA:70,1
DA:100,1
DA:112,1
DA:129,1
DA:139,1
DA:187,1
DA:197,1
DA:204,1
DA:211,1
DA:218,1
DA:247,1
DA:36,1
end_of_record
SF:/opt/buildAgent/work/a99f043f4d1af837/Framework/Cqrs/Configuration/ConfigurationManager.cs
DA:24,1
DA:35,1
DA:55,1
DA:17,1
end_of_record
SF:/opt/buildAgent/work/a99f043f4d1af837/Framework/Cqrs/Events/SnapshotDeserialiser.cs
DA:35,1
DA:46,1
DA:20,1
end_of_record
SF:/opt/buildAgent/work/a99f043f4d1af837/Framework/Ninject/Azure/Cqrs.Ninject.Azure.ServiceBus.EventBus/Configuration/AzureQueuedEventBusReceiverModule.cs
DA:28,1
DA:22,1
end_of_record
SF:/opt/buildAgent/work/a99f043f4d1af837/Framework/Cqrs/Domain/ISagaRepository.cs
DA:27,1
DA:39,1
end_of_record
SF:/opt/buildAgent/work/a99f043f4d1af837/Framework/Akka.Net/Cqrs.Akka/Domain/IAkkaSagaResolver.cs
DA:23,1
DA:29,1
end_of_record
SF:/opt/buildAgent/work/a99f043f4d1af837/Framework/Cqrs/Domain/Exceptions/MissingParameterLessConstructorException.cs
DA:24,1
DA:19,1
end_of_record
SF:/opt/buildAgent/work/a99f043f4d1af837/Framework/Cqrs.MongoDB/Events/Indexes/ByTimestampAndEventTypeMongoDbIndex.cs
DA:24,1
DA:20,1
end_of_record
SF:/opt/buildAgent/work/a99f043f4d1af837/Framework/Cqrs.Web.Mvc/NullableGuidBinder.cs
DA:28,1
DA:19,1
end_of_record
SF:/opt/buildAgent/work/a99f043f4d1af837/Framework/Ninject/Azure/Cqrs.Ninject.Azure.EventHub.EventBus/Configuration/AzureEventHubReceiverModule.cs
DA:29,1
DA:48,1
DA:58,1
DA:23,1
end_of_record
SF:/opt/buildAgent/work/a99f043f4d1af837/Framework/Cqrs/Messages/FrameworkType.cs
DA:18,1
end_of_record
SF:/opt/buildAgent/work/a99f043f4d1af837/Framework/Azure/Cqrs.Azure.BlobStorage/Repositories/TableStorageRepository.cs
DA:31,1
DA:43,1
DA:27,1
end_of_record
SF:/opt/buildAgent/work/a99f043f4d1af837/Framework/Cqrs/Bus/RouteHandlerDelegate.cs
DA:19,1
end_of_record
SF:/opt/buildAgent/work/a99f043f4d1af837/Framework/Azure/Tests/Cqrs.Azure.Storage.Test.Integration/TableStorageEventStoreTests.cs
DA:33,1
DA:27,1
end_of_record
SF:/opt/buildAgent/work/a99f043f4d1af837/Framework/Cqrs.WebApi/Formatters/FormMultipart/Converters/FormDataToObjectConverter.cs
DA:37,1
DA:55,1
DA:24,1
end_of_record
SF:/opt/buildAgent/work/a99f043f4d1af837/Framework/Akka.Net/Cqrs.Akka/Domain/Commands/GetAkkaSagaId.cs
DA:17,1
end_of_record
SF:/opt/buildAgent/work/a99f043f4d1af837/Framework/Ninject/Cqrs.Ninject.WebApi/Configuration/WebApiModule.cs
DA:29,1
DA:43,1
DA:23,1
end_of_record
SF:/opt/buildAgent/work/a99f043f4d1af837/Framework/Azure/Cqrs.Azure.DocumentDb/Events/IAzureDocumentDbEventStoreConnectionStringFactory.cs
DA:22,1
DA:27,1
DA:32,1
end_of_record
SF:/opt/buildAgent/work/a99f043f4d1af837/Framework/Cqrs/Domain/ISaga.cs
DA:50,1
DA:55,1
DA:61,1
DA:66,1
DA:71,1
end_of_record
SF:/opt/buildAgent/work/a99f043f4d1af837/Framework/Ninject/Azure/Cqrs.Ninject.Azure.ServiceBus.CommandBus/Configuration/AzureCommandBusSenderModule.cs
DA:22,1
end_of_record
SF:/opt/buildAgent/work/a99f043f4d1af837/Framework/Akka.Net/Cqrs.Akka.Tests.Unit/Commands/Handlers/UpdateCompletedConversationReportCommandHandler.cs
DA:26,1
DA:42,1
DA:22,1
end_of_record
SF:/opt/buildAgent/work/a99f043f4d1af837/Framework/Cqrs.WebApi/Formatters/FormMultipart/Infrastructure/TypeConverters/BooleanConverterEx.cs
DA:28,1
DA:20,1
end_of_record
SF:/opt/buildAgent/work/a99f043f4d1af837/Framework/Cqrs/Authentication/SingleSignOnTokenResolver.cs
DA:28,1
DA:71,1
DA:21,1
end_of_record
SF:/opt/buildAgent/work/a99f043f4d1af837/Framework/Azure/Tests/Cqrs.Azure.BlobStorage.Test.Integration/TestEntity.cs
DA:21,1
end_of_record
SF:/opt/buildAgent/work/a99f043f4d1af837/Framework/Azure/Cqrs.Azure.EventHub/AzureCommandBusReceiver.cs
DA:33,1
DA:33,1
end_of_record
SF:/opt/buildAgent/work/a99f043f4d1af837/Framework/Ninject/Azure/Cqrs.Ninject.Azure.ServiceBus.EventBus/Configuration/AzureEventBusReceiverModule.cs
DA:30,1
DA:54,1
DA:75,1
DA:86,1
DA:101,1
DA:24,1
end_of_record
SF:/opt/buildAgent/work/a99f043f4d1af837/Framework/Cqrs/Configuration/DependencyResolver.cs
DA:31,1
DA:39,1
DA:17,1
end_of_record
SF:/opt/buildAgent/work/a99f043f4d1af837/Framework/Azure/Cqrs.Azure.BlobStorage/Events/TableStorageEventStore.cs
DA:45,1
DA:73,1
DA:102,1
DA:128,1
DA:155,1
DA:179,1
DA:61,1
DA:198,1
DA:26,1
DA:225,1
DA:266,1
DA:246,1
DA:258,1
DA:274,1
DA:282,1
DA:213,1
end_of_record
SF:/opt/buildAgent/work/a99f043f4d1af837/Framework/Cqrs.WebApi/HelpPageConfig.cs
DA:172,1
DA:243,1
DA:268,1
DA:30,1
DA:47,1
end_of_record
SF:/opt/buildAgent/work/a99f043f4d1af837/Framework/Ninject/Azure/Cqrs.Ninject.Azure.Wcf/Configuration/SimplifiedNinjectWcf.cs
DA:34,1
DA:44,1
DA:28,1
DA:63,1
DA:73,1
end_of_record
SF:/opt/buildAgent/work/a99f043f4d1af837/Framework/Cqrs.Sql/DataStores/IExpressionTreeConverter.cs
DA:24,1
DA:31,1
DA:38,1
end_of_record
SF:/opt/buildAgent/work/a99f043f4d1af837/Framework/Cqrs.MongoDB/Serialisers/BasicStructSerialiser.cs
DA:33,1
DA:67,1
DA:26,1
end_of_record
SF:/opt/buildAgent/work/a99f043f4d1af837/Framework/Cqrs.Mongo/DataStores/MongoDataStore.cs
DA:43,1
DA:59,1
DA:120,1
DA:139,1
DA:155,1
DA:172,1
DA:191,1
DA:207,1
DA:230,1
DA:240,1
DA:29,1
end_of_record
SF:/opt/buildAgent/work/a99f043f4d1af837/Framework/Azure/Cqrs.Azure.ConfigurationManager/TelemetryCoreHost.cs
DA:46,1
DA:73,1
DA:81,1
DA:91,1
DA:62,1
DA:22,1
end_of_record
SF:/opt/buildAgent/work/a99f043f4d1af837/Framework/Cqrs/Repositories/Queries/QueryBuilder.cs
DA:39,1
DA:76,1
DA:85,1
DA:111,1
DA:130,1
DA:147,1
DA:155,1
DA:172,1
DA:180,1
DA:197,1
DA:205,1
DA:222,1
DA:230,1
DA:235,1
DA:243,1
DA:251,1
DA:259,1
DA:267,1
DA:275,1
DA:283,1
DA:291,1
DA:308,1
DA:52,1
DA:64,1
DA:25,1
end_of_record
SF:/opt/buildAgent/work/a99f043f4d1af837/Framework/Cqrs/Events/NotifyEveryoneEventAttribute.cs
DA:12,1
end_of_record
SF:/opt/buildAgent/work/a99f043f4d1af837/Framework/Ninject/Cqrs.Ninject.EventStore/Configuration/EventStoreModule.cs
DA:19,1
DA:31,1
DA:44,1
DA:51,1
DA:13,1
end_of_record
SF:/opt/buildAgent/work/a99f043f4d1af837/Framework/Cqrs/Snapshots/Snapshot.cs
DA:20,1
end_of_record
SF:/opt/buildAgent/work/a99f043f4d1af837/Framework/Cqrs.WebApi/Formatters/FormMultipart/Converters/ObjectToMultipartDataByteArrayConverter.cs
DA:31,1
DA:42,1
DA:24,1
end_of_record
SF:/opt/buildAgent/work/a99f043f4d1af837/Framework/Cqrs.WebApi/SignalR/Hubs/INotificationHub.cs
DA:22,1
DA:27,1
DA:32,1
DA:37,1
end_of_record
