SF:/mnt/c/code/git/CQRS.XsamX/Framework/Cqrs/Bus/IEventHandlerRegistrar.cs
DA:25,1
end_of_record
SF:/mnt/c/code/git/CQRS.XsamX/Framework/Ninject/Azure/Cqrs.Ninject.Azure.EventHub.EventBus/Configuration/AzureQueuedEventHubReceiverModule.cs
DA:26,1
DA:22,1
end_of_record
SF:/mnt/c/code/git/CQRS.XsamX/Framework/Akka.Net/Cqrs.Akka.Tests.Unit/Commands/UpdateCompletedConversationReportCommand.cs
DA:23,1
end_of_record
SF:/mnt/c/code/git/CQRS.XsamX/Framework/Cqrs/Domain/Exceptions/EntityNotFoundException.cs
DA:27,1
DA:22,1
end_of_record
SF:/mnt/c/code/git/CQRS.XsamX/Framework/Azure/Cqrs.Azure.ServiceBus/AzureCommandBusReceiver.cs
DA:61,-1
DA:180,1
DA:189,1
DA:327,-1
DA:370,-1
DA:84,-1
DA:195,-1
DA:334,-1
DA:350,-1
DA:32,-1
DA:61,-1
DA:180,1
DA:189,1
DA:327,-1
DA:370,-1
DA:84,-1
DA:195,-1
DA:334,-1
DA:350,-1
DA:32,-1
end_of_record
SF:/mnt/c/code/git/CQRS.XsamX/Framework/Azure/Cqrs.Azure.BlobStorage/DataStores/BlobStorageDataStore.cs
DA:28,1
DA:46,1
DA:54,-1
DA:22,-1
end_of_record
SF:/mnt/c/code/git/CQRS.XsamX/Framework/Azure/Cqrs.Azure.DocumentDb/GlobalAzureDocumentDbConnectionCache.cs
DA:24,-1
DA:40,-1
DA:45,-1
DA:61,-1
DA:66,-1
DA:82,-1
DA:16,-1
end_of_record
SF:/mnt/c/code/git/CQRS.XsamX/Framework/Ninject/Azure/Cqrs.Ninject.Azure.EventHub.CommandBus/Configuration/AzureCommandBusReceiverModule.cs
DA:22,1
end_of_record
SF:/mnt/c/code/git/CQRS.XsamX/Framework/Cqrs/Repositories/Queries/CollectionResultQuery.cs
DA:7,-1
end_of_record
SF:/mnt/c/code/git/CQRS.XsamX/Framework/Cqrs.MongoDB/Factories/IMongoDbDataStoreConnectionStringFactory.cs
DA:21,1
DA:26,1
end_of_record
SF:/mnt/c/code/git/CQRS.XsamX/Framework/Cqrs/Domain/UnitOfWork.cs
DA:24,-1
DA:36,1
DA:55,1
DA:83,1
DA:19,1
end_of_record
SF:/mnt/c/code/git/CQRS.XsamX/Framework/Cqrs.MongoDB.Tests.Integration/MongoDbDataStoreTests.cs
DA:27,-1
DA:25,1
end_of_record
SF:/mnt/c/code/git/CQRS.XsamX/Framework/Cqrs/DataStores/IDataStore.cs
DA:24,1
DA:29,1
DA:34,1
DA:39,1
DA:44,1
DA:49,1
end_of_record
SF:/mnt/c/code/git/CQRS.XsamX/Framework/Cqrs/Infrastructure/PrivateReflectionDynamicObjectExtensions.cs
DA:13,-1
end_of_record
SF:/mnt/c/code/git/CQRS.XsamX/Framework/Cqrs/Domain/Exceptions/SagaNotFoundException.cs
DA:27,1
DA:22,1
end_of_record
SF:/mnt/c/code/git/CQRS.XsamX/Framework/Cqrs/Domain/Exceptions/AggregateNotFoundException.cs
DA:28,1
DA:23,1
end_of_record
SF:/mnt/c/code/git/CQRS.XsamX/Framework/Cqrs.Tests/Substitutes/TestEventPublisher.cs
DA:10,-1
DA:16,-1
DA:9,-1
end_of_record
SF:/mnt/c/code/git/CQRS.XsamX/Framework/Cqrs.MongoDB/Events/Indexes/ByCorrelationIdMongoDbIndex.cs
DA:17,-1
DA:16,-1
end_of_record
SF:/mnt/c/code/git/CQRS.XsamX/Framework/Akka.Net/Cqrs.Akka/Domain/AkkaSagaRepository.cs
DA:25,-1
DA:33,-1
DA:40,-1
DA:22,-1
end_of_record
SF:/mnt/c/code/git/CQRS.XsamX/Framework/Cqrs/Configuration/HandlerDelegate.cs
DA:14,-1
end_of_record
SF:/mnt/c/code/git/CQRS.XsamX/Framework/Ninject/Cqrs.Ninject/Configuration/ResolvableModule.cs
DA:26,1
DA:36,1
DA:45,1
DA:54,1
DA:20,1
end_of_record
SF:/mnt/c/code/git/CQRS.XsamX/Framework/Azure/Cqrs.Azure.BlobStorage/Events/BlobStorageEventStoreConnectionStringFactory.cs
DA:31,-1
DA:37,-1
DA:76,-1
DA:103,-1
DA:18,-1
end_of_record
SF:/mnt/c/code/git/CQRS.XsamX/Framework/Akka.Net/Cqrs.Akka/Domain/Commands/GetAkkaSagaVersion.cs
DA:12,-1
end_of_record
SF:/mnt/c/code/git/CQRS.XsamX/Framework/Azure/Cqrs.Azure.ServiceBus/AzureCommandBus.cs
DA:62,-1
DA:17,-1
DA:62,-1
DA:17,-1
end_of_record
SF:/mnt/c/code/git/CQRS.XsamX/Framework/Ninject/Cqrs.Ninject.MongoDB/Configuration/MongoDbEventStoreModule.cs
DA:28,1
DA:40,1
DA:50,1
DA:63,1
DA:22,1
end_of_record
SF:/mnt/c/code/git/CQRS.XsamX/Framework/Akka.Net/Cqrs.Akka/Configuration/AkkaBusRegistrar.cs
DA:30,-1
DA:38,-1
DA:79,-1
DA:27,1
end_of_record
SF:/mnt/c/code/git/CQRS.XsamX/Framework/Cqrs.WebApi/SignalR/Hubs/ISingleSignOnTokenNotificationHub.cs
DA:20,1
DA:26,1
DA:32,1
DA:38,1
end_of_record
SF:/mnt/c/code/git/CQRS.XsamX/Framework/Cqrs.Mongo/Entities/Entity.cs
DA:24,1
end_of_record
SF:/mnt/c/code/git/CQRS.XsamX/Framework/Azure/Tests/Cqrs.Azure.BlobStorage.Test.Integration/TableStorageEventStoreTests.cs
DA:28,-1
DA:81,-1
DA:26,1
end_of_record
SF:/mnt/c/code/git/CQRS.XsamX/Framework/Cqrs/Domain/DtoAggregateRoot.cs
DA:17,-1
DA:16,-1
end_of_record
SF:/mnt/c/code/git/CQRS.XsamX/Framework/Cqrs/Authentication/ISingleSignOnTokenFactory.cs
DA:18,-1
DA:21,-1
end_of_record
SF:/mnt/c/code/git/CQRS.XsamX/Framework/Cqrs.Tests.Extensions/TestHelpers/Specification.cs
DA:79,-1
DA:84,-1
DA:90,-1
DA:102,-1
DA:109,-1
DA:114,-1
DA:119,-1
DA:124,-1
DA:129,-1
DA:26,-1
DA:27,-1
DA:28,-1
DA:35,-1
DA:22,-1
DA:59,-1
DA:66,-1
DA:71,-1
end_of_record
SF:/mnt/c/code/git/CQRS.XsamX/Framework/Cqrs/Commands/ISendAndWaitCommandSender.cs
DA:27,1
DA:36,1
DA:45,1
DA:54,1
DA:64,1
DA:74,1
end_of_record
SF:/mnt/c/code/git/CQRS.XsamX/Framework/Cqrs/Services/ServiceResponseStateType.cs
DA:22,1
end_of_record
SF:/mnt/c/code/git/CQRS.XsamX/Framework/Cqrs.WebApi/HttpResponseMessage.cs
DA:19,1
end_of_record
SF:/mnt/c/code/git/CQRS.XsamX/Framework/Cqrs/Entities/IntegerRange.cs
DA:19,1
DA:15,1
end_of_record
SF:/mnt/c/code/git/CQRS.XsamX/Framework/Azure/Cqrs.Azure.BlobStorage/Factories/BlobStorageDataStoreFactory.cs
DA:27,1
DA:19,1
end_of_record
SF:/mnt/c/code/git/CQRS.XsamX/Framework/Cqrs.Tests.Extensions/TestHelpers/ThenAttribute.cs
DA:6,-1
end_of_record
SF:/mnt/c/code/git/CQRS.XsamX/Framework/Cqrs.Tests/Substitutes/TestInMemoryEventStore.cs
DA:13,-1
DA:18,-1
DA:26,-1
DA:31,-1
DA:39,-1
DA:10,-1
end_of_record
SF:/mnt/c/code/git/CQRS.XsamX/Framework/Azure/Cqrs.Azure.ServiceBus/AzureQueuedEventBusReceiver.cs
DA:29,-1
DA:36,-1
DA:84,-1
DA:112,-1
DA:24,-1
DA:29,-1
DA:36,-1
DA:84,-1
DA:112,-1
DA:24,-1
end_of_record
SF:/mnt/c/code/git/CQRS.XsamX/Framework/Akka.Net/Cqrs.Akka/Domain/IAkkaAggregateResolver.cs
DA:17,-1
DA:20,-1
end_of_record
SF:/mnt/c/code/git/CQRS.XsamX/Framework/Cqrs.Tests/Substitutes/TestSagaUnitOfWork.cs
DA:28,1
DA:42,1
DA:55,1
DA:12,-1
end_of_record
SF:/mnt/c/code/git/CQRS.XsamX/Framework/Cqrs.MongoDB/DataStores/MongoDbDataStore.cs
DA:35,1
DA:51,1
DA:109,1
DA:125,1
DA:141,1
DA:155,1
DA:171,1
DA:184,1
DA:207,1
DA:217,1
DA:27,1
end_of_record
SF:/mnt/c/code/git/CQRS.XsamX/Framework/Cqrs/Hosts/CqrsHttpApplication.cs
DA:49,1
DA:59,1
DA:74,1
DA:79,1
DA:90,1
DA:111,1
DA:129,1
DA:148,1
DA:167,1
DA:187,1
DA:201,1
DA:209,1
DA:219,1
DA:231,1
DA:253,1
DA:296,1
DA:243,1
DA:49,1
DA:59,1
DA:74,1
DA:79,1
DA:90,1
DA:111,1
DA:129,1
DA:148,1
DA:167,1
DA:187,1
DA:201,1
DA:209,1
DA:219,1
DA:231,1
DA:253,1
DA:296,1
DA:243,1
end_of_record
SF:/mnt/c/code/git/CQRS.XsamX/Framework/Cqrs/Authentication/SingleSignOnTokenResolver.cs
DA:20,-1
DA:59,-1
DA:17,-1
end_of_record
SF:/mnt/c/code/git/CQRS.XsamX/Framework/Azure/Cqrs.Azure.Storage/DataStores/TableStorageDataStore.cs
DA:27,1
DA:76,-1
DA:91,-1
DA:106,-1
DA:34,-1
DA:49,-1
DA:58,-1
DA:23,-1
end_of_record
SF:/mnt/c/code/git/CQRS.XsamX/Framework/Azure/Tests/Cqrs.Azure.BlobStorage.Test.Integration/BlobStorageEventStoreTests.cs
DA:28,-1
DA:26,1
end_of_record
SF:/mnt/c/code/git/CQRS.XsamX/Framework/Cqrs/Entities/DateRange.cs
DA:21,1
DA:17,1
end_of_record
SF:/mnt/c/code/git/CQRS.XsamX/Framework/Cqrs/Domain/IAggregateRepository.cs
DA:17,-1
DA:20,-1
end_of_record
SF:/mnt/c/code/git/CQRS.XsamX/Framework/Ninject/Cqrs.Ninject.Mongo/TestMongoDataStoreConnectionStringFactory.cs
DA:50,1
DA:58,1
DA:21,1
end_of_record
SF:/mnt/c/code/git/CQRS.XsamX/Framework/Akka.Net/Cqrs.Akka.Tests.Unit/Events/Handlers/HelloWorldSaidEventHandler.cs
DA:26,1
DA:42,1
DA:22,1
end_of_record
SF:/mnt/c/code/git/CQRS.XsamX/Framework/Cqrs/Domain/IAggregateRoot.cs
DA:156,-1
DA:158,-1
DA:160,-1
end_of_record
SF:/mnt/c/code/git/CQRS.XsamX/Framework/Cqrs/Authentication/SingleSignOnTokenWithUserRsn.cs
DA:34,1
DA:22,1
end_of_record
SF:/mnt/c/code/git/CQRS.XsamX/Framework/Akka.Net/Cqrs.Akka.Tests.Unit/Commands/ReplyToHelloWorldCommand.cs
DA:22,1
end_of_record
SF:/mnt/c/code/git/CQRS.XsamX/Framework/Cqrs/Repositories/IRepository.cs
DA:18,-1
DA:20,-1
DA:22,-1
DA:24,-1
DA:26,-1
DA:31,1
DA:33,-1
DA:35,-1
DA:37,-1
end_of_record
SF:/mnt/c/code/git/CQRS.XsamX/Framework/Azure/Cqrs.Azure.EventHub/AzureEventBusReceiver.cs
DA:46,-1
DA:52,-1
DA:63,1
DA:72,1
DA:81,1
DA:209,-1
DA:86,-1
DA:216,-1
DA:46,-1
DA:52,-1
DA:63,1
DA:72,1
DA:81,1
DA:209,-1
DA:86,-1
DA:216,-1
end_of_record
SF:/mnt/c/code/git/CQRS.XsamX/Framework/Azure/Cqrs.Azure.ConfigurationManager/CloudConfigurationManager.cs
DA:15,1
DA:8,1
end_of_record
SF:/mnt/c/code/git/CQRS.XsamX/Framework/Azure/Cqrs.Azure.BlobStorage/Events/BlobStorageEventStore.cs
DA:26,1
DA:34,1
DA:51,1
DA:61,-1
DA:20,-1
DA:77,1
DA:89,-1
DA:73,-1
end_of_record
SF:/mnt/c/code/git/CQRS.XsamX/Framework/Cqrs.MongoDB/Events/Indexes/ByTimestampAndEventTypeMongoDbIndex.cs
DA:17,-1
DA:16,-1
end_of_record
SF:/mnt/c/code/git/CQRS.XsamX/Framework/Ninject/Cqrs.Ninject/Configuration/InProcessCommandBusModule.cs
DA:29,1
DA:41,1
DA:48,1
DA:58,1
DA:23,1
end_of_record
SF:/mnt/c/code/git/CQRS.XsamX/Framework/Akka.Net/Cqrs.Akka.Tests.Unit/Sagas/ConversationReportProcessManager.cs
DA:82,1
DA:92,1
DA:102,1
DA:112,1
DA:136,1
DA:145,1
DA:154,1
DA:121,1
DA:25,1
end_of_record
SF:/mnt/c/code/git/CQRS.XsamX/Framework/Ninject/Azure/Cqrs.Ninject.Azure.DocumentDb/Configuration/TestAzureDocumentDbModule.cs
DA:24,1
DA:20,1
end_of_record
SF:/mnt/c/code/git/CQRS.XsamX/Framework/Ninject/Azure/Cqrs.Ninject.Azure.DocumentDb/Configuration/AzureDocumentDbModule.cs
DA:26,1
DA:39,1
DA:49,1
DA:56,1
DA:63,1
DA:20,1
end_of_record
SF:/mnt/c/code/git/CQRS.XsamX/Framework/Cqrs/Domain/AggregateRoot.cs
DA:40,-1
DA:76,-1
DA:46,-1
DA:51,-1
DA:65,-1
DA:31,1
end_of_record
SF:/mnt/c/code/git/CQRS.XsamX/Framework/Cqrs.Tests/Domain/Aggregates/When_getting_aggregate_without_contructor.cs
DA:18,-1
DA:14,-1
end_of_record
SF:/mnt/c/code/git/CQRS.XsamX/Framework/Cqrs.Sql/DataStores/SqlDataStore.cs
DA:33,-1
DA:68,1
DA:136,-1
DA:142,-1
DA:147,-1
DA:152,-1
DA:158,-1
DA:164,-1
DA:177,1
DA:22,-1
end_of_record
SF:/mnt/c/code/git/CQRS.XsamX/Framework/Akka.Net/Cqrs.Akka/Domain/AkkaAggregateRoot.cs
DA:50,-1
DA:69,1
DA:77,-1
DA:121,-1
DA:99,-1
DA:104,-1
DA:110,-1
DA:27,-1
end_of_record
SF:/mnt/c/code/git/CQRS.XsamX/Framework/Cqrs.EventStore/EventStoreConnectionHelper.cs
DA:40,1
DA:49,1
DA:67,1
DA:75,1
DA:83,1
DA:24,1
end_of_record
SF:/mnt/c/code/git/CQRS.XsamX/Framework/Azure/Tests/Cqrs.Azure.BlobStorage.Test.Integration/TableStorageDataStoreTests.cs
DA:31,-1
DA:63,-1
DA:93,-1
DA:131,-1
DA:29,1
DA:149,-1
DA:156,-1
DA:148,-1
DA:138,-1
end_of_record
SF:/mnt/c/code/git/CQRS.XsamX/Framework/Azure/Cqrs.Azure.BlobStorage/Repositories/BlobStorageRepository.cs
DA:14,-1
DA:21,-1
DA:13,-1
end_of_record
SF:/mnt/c/code/git/CQRS.XsamX/Framework/Cqrs.Tests/Substitutes/TestCommands.cs
DA:11,-1
DA:43,-1
DA:47,-1
DA:61,-1
DA:60,-1
DA:52,-1
DA:51,-1
end_of_record
SF:/mnt/c/code/git/CQRS.XsamX/Framework/Akka.Net/Cqrs.Akka/Domain/Factories/AkkaAggregateFactory.cs
DA:19,-1
DA:25,-1
DA:16,-1
end_of_record
SF:/mnt/c/code/git/CQRS.XsamX/Framework/Cqrs/Events/SqlEventStore.cs
DA:39,1
DA:47,1
DA:67,1
DA:88,-1
DA:98,-1
DA:126,-1
DA:132,-1
DA:25,1
end_of_record
SF:/mnt/c/code/git/CQRS.XsamX/Framework/Cqrs/Events/PublicEventAttribute.cs
DA:12,1
end_of_record
SF:/mnt/c/code/git/CQRS.XsamX/Framework/Azure/Cqrs.Azure.ServiceBus/AzureBus.cs
DA:49,-1
DA:66,-1
DA:72,-1
DA:78,-1
DA:84,-1
DA:86,-1
DA:91,-1
DA:96,-1
DA:98,-1
DA:100,-1
DA:124,-1
DA:138,-1
DA:147,-1
DA:154,-1
DA:156,-1
DA:26,-1
end_of_record
SF:/mnt/c/code/git/CQRS.XsamX/Framework/Cqrs/Services/ServiceChannelFactory.cs
DA:22,1
DA:29,-1
DA:45,-1
DA:17,-1
end_of_record
SF:/mnt/c/code/git/CQRS.XsamX/Framework/Cqrs/Commands/ICommandReceiver.cs
DA:19,1
DA:30,1
DA:19,1
DA:30,1
end_of_record
SF:/mnt/c/code/git/CQRS.XsamX/Framework/Akka.Net/Cqrs.Akka/Commands/AkkaCommandBus.cs
DA:45,-1
DA:131,1
DA:146,-1
DA:152,1
DA:170,-1
DA:181,1
DA:193,1
DA:205,1
DA:220,1
DA:233,1
DA:263,1
DA:279,1
DA:288,1
DA:67,-1
DA:84,-1
DA:31,1
end_of_record
SF:/mnt/c/code/git/CQRS.XsamX/Framework/Cqrs.Tests/Bus/When_publishing_events.cs
DA:18,-1
DA:24,-1
DA:34,-1
DA:14,-1
end_of_record
SF:/mnt/c/code/git/CQRS.XsamX/Framework/Cqrs.Tests/Domain/Aggregates/When_saving_events_without_id.cs
DA:21,-1
DA:34,-1
DA:14,-1
end_of_record
SF:/mnt/c/code/git/CQRS.XsamX/Framework/Ninject/Azure/Cqrs.Ninject.Azure.EventHub.EventBus/Configuration/AzureEventBusReceiverModule.cs
DA:22,1
end_of_record
SF:/mnt/c/code/git/CQRS.XsamX/Framework/Cqrs.Tests/Bus/When_registering_handlers.cs
DA:17,-1
DA:26,-1
DA:32,-1
DA:12,-1
end_of_record
SF:/mnt/c/code/git/CQRS.XsamX/Framework/Azure/Cqrs.Azure.BlobStorage/TableStorageStoreExtensions.cs
DA:19,-1
DA:26,-1
DA:18,-1
end_of_record
SF:/mnt/c/code/git/CQRS.XsamX/Framework/Cqrs.Tests/Domain/Aggregates/When_saving_stale_data.cs
DA:22,-1
DA:38,-1
DA:45,-1
DA:14,-1
end_of_record
SF:/mnt/c/code/git/CQRS.XsamX/Framework/Azure/Cqrs.Azure.ConfigurationManager/TelemetryCoreHost.cs
DA:40,1
DA:67,1
DA:75,1
DA:85,1
DA:56,1
DA:22,1
end_of_record
SF:/mnt/c/code/git/CQRS.XsamX/Framework/Akka.Net/Cqrs.Akka/Domain/AkkaAggregateRootProxy.cs
DA:40,-1
DA:45,-1
DA:50,-1
DA:23,-1
end_of_record
SF:/mnt/c/code/git/CQRS.XsamX/Framework/Cqrs/Events/DefaultJsonSerializerSettings.cs
DA:16,-1
end_of_record
SF:/mnt/c/code/git/CQRS.XsamX/Framework/Cqrs/Events/DtoAggregateEvent.cs
DA:28,-1
DA:44,-1
DA:21,-1
end_of_record
SF:/mnt/c/code/git/CQRS.XsamX/Framework/Cqrs.EventStore/IEventBuilder.cs
DA:25,1
DA:31,1
DA:38,1
DA:45,1
DA:51,1
end_of_record
SF:/mnt/c/code/git/CQRS.XsamX/Framework/Azure/Cqrs.Azure.BlobStorage/BlobStorageStoreExtensions.cs
DA:19,-1
DA:25,-1
DA:32,-1
DA:38,-1
DA:18,-1
end_of_record
SF:/mnt/c/code/git/CQRS.XsamX/Framework/Cqrs/Authentication/AuthenticationTokenHelper.cs
DA:21,-1
DA:27,-1
DA:33,-1
DA:39,-1
DA:68,-1
DA:75,-1
DA:81,-1
DA:63,-1
DA:21,-1
DA:27,-1
DA:33,-1
DA:39,-1
DA:68,-1
DA:75,-1
DA:81,-1
DA:63,-1
end_of_record
SF:/mnt/c/code/git/CQRS.XsamX/Framework/Akka.Net/Cqrs.Akka/Domain/IAkkaSagaRepository.cs
DA:17,-1
end_of_record
SF:/mnt/c/code/git/CQRS.XsamX/Framework/Cqrs/Repositories/Repository.cs
DA:32,-1
DA:174,-1
DA:41,-1
DA:47,-1
DA:53,-1
DA:88,-1
DA:116,-1
DA:125,1
DA:131,-1
DA:137,-1
DA:143,-1
DA:25,-1
end_of_record
SF:/mnt/c/code/git/CQRS.XsamX/Framework/Cqrs/Events/EventDataResolver.cs
DA:21,-1
DA:52,-1
DA:18,-1
end_of_record
SF:/mnt/c/code/git/CQRS.XsamX/Framework/Akka.Net/Cqrs.Akka.Tests.Unit/Events/Handlers/ConversationEndedEventHandler.cs
DA:25,1
DA:41,1
DA:21,1
end_of_record
SF:/mnt/c/code/git/CQRS.XsamX/Framework/Cqrs.WebApi/Controllers/System.Web.Helpers.cs
DA:286,-1
DA:307,-1
DA:332,-1
DA:339,-1
DA:352,-1
DA:359,-1
DA:365,-1
DA:253,-1
DA:258,-1
DA:174,-1
DA:191,-1
DA:201,-1
DA:210,-1
DA:226,-1
DA:232,-1
DA:171,-1
DA:89,-1
DA:96,-1
DA:110,-1
DA:116,-1
DA:122,-1
DA:132,-1
DA:153,-1
DA:86,-1
DA:24,-1
DA:36,-1
DA:41,-1
DA:46,-1
DA:51,-1
DA:21,-1
end_of_record
SF:/mnt/c/code/git/CQRS.XsamX/Framework/Cqrs.EventStore/EventFactory.cs
DA:32,1
DA:49,1
DA:57,1
DA:78,1
DA:96,1
DA:114,1
DA:127,1
DA:140,1
DA:25,1
end_of_record
SF:/mnt/c/code/git/CQRS.XsamX/Framework/Cqrs/Authentication/SingleSignOnTokenWithUserRsnAndCompanyRsn.cs
DA:40,1
DA:19,1
end_of_record
SF:/mnt/c/code/git/CQRS.XsamX/Framework/Cqrs.WebApi/Controllers/ClientController.cs
DA:31,1
DA:25,1
DA:196,-1
DA:189,-1
DA:212,-1
DA:207,-1
end_of_record
SF:/mnt/c/code/git/CQRS.XsamX/Framework/Cqrs/Commands/MultipleHandlersRegisteredException.cs
DA:15,-1
DA:20,-1
DA:14,-1
end_of_record
SF:/mnt/c/code/git/CQRS.XsamX/Framework/Cqrs.Tests/Substitutes/TestHandleRegistrar.cs
DA:12,-1
DA:21,1
DA:30,1
DA:9,-1
DA:36,-1
end_of_record
SF:/mnt/c/code/git/CQRS.XsamX/Framework/Cqrs.WebApi/CqrsHttpApplicationWithSignalR.cs
DA:30,-1
DA:50,1
DA:59,1
DA:67,1
DA:84,1
DA:78,1
DA:30,-1
DA:50,1
DA:59,1
DA:67,1
DA:84,1
DA:78,1
end_of_record
SF:/mnt/c/code/git/CQRS.XsamX/Framework/Azure/Cqrs.Azure.Storage/EntityPropertyConverter.cs
DA:76,1
DA:90,1
DA:111,1
DA:125,1
DA:40,1
DA:517,1
DA:526,1
end_of_record
SF:/mnt/c/code/git/CQRS.XsamX/Framework/Cqrs.Tests/Domain/Aggregates/When_saving.cs
DA:24,-1
DA:38,-1
DA:47,-1
DA:56,-1
DA:65,-1
DA:75,-1
DA:85,-1
DA:98,-1
DA:109,-1
DA:15,-1
end_of_record
SF:/mnt/c/code/git/CQRS.XsamX/Framework/Cqrs.Tests/Snapshots/When_getting_snapshotable_aggreate.cs
DA:19,-1
DA:34,-1
DA:40,-1
DA:14,-1
end_of_record
SF:/mnt/c/code/git/CQRS.XsamX/Framework/Cqrs.Mongo/Factories/IMongoDataStoreConnectionStringFactory.cs
DA:13,-1
DA:15,-1
end_of_record
SF:/mnt/c/code/git/CQRS.XsamX/Framework/Cqrs.Sql/DataStores/Converters.cs
DA:7,-1
DA:6,-1
end_of_record
SF:/mnt/c/code/git/CQRS.XsamX/Framework/Cqrs/Bus/FileBasedLastEventProcessedStore.cs
DA:23,-1
DA:16,-1
end_of_record
SF:/mnt/c/code/git/CQRS.XsamX/Framework/Cqrs.MongoDB/Events/Indexes/ByAggregateIdAndVersionMongoDbIndex.cs
DA:17,-1
DA:16,-1
end_of_record
SF:/mnt/c/code/git/CQRS.XsamX/Framework/Cqrs.Tests/Substitutes/TestAggregate.cs
DA:15,-1
DA:24,-1
DA:29,-1
DA:34,-1
DA:8,-1
end_of_record
SF:/mnt/c/code/git/CQRS.XsamX/Framework/Azure/Cqrs.Azure.BlobStorage/Events/TableStorageEventStoreConnectionStringFactory.cs
DA:31,-1
DA:37,-1
DA:76,-1
DA:103,-1
DA:18,-1
end_of_record
SF:/mnt/c/code/git/CQRS.XsamX/Framework/Cqrs.MongoDB/DataStores/Indexes/MongoDbIndex.cs
DA:34,-1
DA:16,-1
end_of_record
SF:/mnt/c/code/git/CQRS.XsamX/Framework/Azure/Cqrs.Azure.BlobStorage/DataStores/TableStorageDataStoreConnectionStringFactory.cs
DA:32,-1
DA:38,-1
DA:76,-1
DA:103,-1
DA:125,-1
DA:137,1
DA:19,-1
end_of_record
SF:/mnt/c/code/git/CQRS.XsamX/Framework/Cqrs.Sql/Events/ReplicatedSqlEventStore.cs
DA:32,1
DA:61,-1
DA:26,1
end_of_record
SF:/mnt/c/code/git/CQRS.XsamX/Framework/Azure/Cqrs.Azure.ServiceBus.Tests.Unit/TestCommand.cs
DA:18,-1
end_of_record
SF:/mnt/c/code/git/CQRS.XsamX/Framework/Cqrs.Tests/Cache/When_getting_wrong_events_from_event_store.cs
DA:17,-1
DA:24,-1
DA:12,-1
end_of_record
SF:/mnt/c/code/git/CQRS.XsamX/Framework/Cqrs/Events/NotifyEveryoneEventAttribute.cs
DA:12,1
end_of_record
SF:/mnt/c/code/git/CQRS.XsamX/Framework/Akka.Net/Cqrs.Akka.Tests.Unit/Events/HelloWorldSaid.cs
DA:22,1
end_of_record
SF:/mnt/c/code/git/CQRS.XsamX/Framework/Azure/Cqrs.Azure.DocumentDb/AzureDocumentDbHelper.cs
DA:29,-1
DA:35,-1
DA:89,-1
DA:274,-1
DA:301,-1
DA:260,-1
DA:24,-1
end_of_record
SF:/mnt/c/code/git/CQRS.XsamX/Framework/Ninject/Azure/Cqrs.Ninject.Azure.EventHub.CommandBus/Configuration/AzureQueuedCommandBusReceiverModule.cs
DA:22,1
end_of_record
SF:/mnt/c/code/git/CQRS.XsamX/Framework/Cqrs.Web.Mvc/NullableGuidBinder.cs
DA:28,1
DA:19,1
end_of_record
SF:/mnt/c/code/git/CQRS.XsamX/Framework/Cqrs.EventStore/Bus/EventStoreUtilities.cs
DA:23,1
DA:31,1
DA:56,1
DA:65,1
DA:19,1
end_of_record
SF:/mnt/c/code/git/CQRS.XsamX/Framework/Cqrs/Events/DuplicateCreateCommandEvent.cs
DA:19,-1
end_of_record
SF:/mnt/c/code/git/CQRS.XsamX/Framework/Cqrs/Services/WcfDataContractResolverConfiguration.cs
DA:90,-1
DA:21,-1
DA:31,-1
DA:65,-1
DA:16,-1
end_of_record
SF:/mnt/c/code/git/CQRS.XsamX/Framework/Cqrs.MongoDB.Tests.Integration/TestMongoEventStoreConnectionStringFactory.cs
DA:27,1
DA:32,1
DA:8,-1
end_of_record
SF:/mnt/c/code/git/CQRS.XsamX/Framework/Azure/Cqrs.Azure.BlobStorage/ITableStorageStoreConnectionStringFactory.cs
DA:13,-1
end_of_record
SF:/mnt/c/code/git/CQRS.XsamX/Framework/Cqrs/Repositories/Queries/OrQueryPredicate.cs
DA:4,-1
end_of_record
SF:/mnt/c/code/git/CQRS.XsamX/Framework/Cqrs/Domain/Factories/IAggregateFactory.cs
DA:7,-1
DA:9,-1
end_of_record
SF:/mnt/c/code/git/CQRS.XsamX/Framework/Ninject/Cqrs.Ninject.WebApi/Configuration/SimplifiedNinjectWebApi.cs
DA:33,1
DA:43,1
DA:27,1
DA:62,1
DA:72,1
end_of_record
SF:/mnt/c/code/git/CQRS.XsamX/Framework/Cqrs/Authentication/SingleSignOnTokenFactory.cs
DA:16,-1
DA:28,-1
DA:15,-1
end_of_record
SF:/mnt/c/code/git/CQRS.XsamX/Framework/Akka.Net/Cqrs.Akka/Domain/AkkaAggregateRepository.cs
DA:25,-1
DA:33,-1
DA:40,-1
DA:22,-1
end_of_record
SF:/mnt/c/code/git/CQRS.XsamX/Framework/Cqrs/Snapshots/DefaultSnapshotStrategy.cs
DA:23,-1
DA:32,-1
DA:20,1
end_of_record
SF:/mnt/c/code/git/CQRS.XsamX/Framework/Cqrs.Tests/Substitutes/TestEventStoreWithBugs.cs
DA:11,-1
DA:15,-1
DA:20,-1
DA:36,-1
DA:41,-1
DA:10,-1
end_of_record
SF:/mnt/c/code/git/CQRS.XsamX/Framework/Ninject/Azure/Cqrs.Ninject.Azure.ServiceBus.EventBus/Configuration/AzureEventPublisherModule.cs
DA:22,1
end_of_record
SF:/mnt/c/code/git/CQRS.XsamX/Framework/Ninject/Azure/Cqrs.Ninject.Azure.BlobStorage/Configuration/TableStorageDataStoreModule.cs
DA:24,1
DA:34,1
DA:18,1
end_of_record
SF:/mnt/c/code/git/CQRS.XsamX/Framework/Ninject/Cqrs.Ninject.MongoDB/Configuration/MongoDbDataStoreModule.cs
DA:24,1
DA:36,1
DA:43,1
DA:53,1
DA:18,1
end_of_record
SF:/mnt/c/code/git/CQRS.XsamX/Framework/Azure/Cqrs.Azure.WebJobs/CqrsJobHost.cs
DA:30,1
DA:20,1
end_of_record
SF:/mnt/c/code/git/CQRS.XsamX/Framework/Azure/Cqrs.Azure.DocumentDb/IAzureDocumentDbHelper.cs
DA:18,-1
DA:20,-1
DA:22,-1
DA:24,-1
end_of_record
SF:/mnt/c/code/git/CQRS.XsamX/Framework/Cqrs/Services/ServiceParameterResolver.cs
DA:21,-1
DA:20,1
end_of_record
SF:/mnt/c/code/git/CQRS.XsamX/Framework/Cqrs/Hosts/CoreHost.cs
DA:65,1
DA:93,1
DA:112,1
DA:120,1
DA:140,1
DA:145,1
DA:166,1
DA:178,1
DA:188,1
DA:100,1
DA:25,1
end_of_record
SF:/mnt/c/code/git/CQRS.XsamX/Framework/Cqrs.Tests/Substitutes/TestAggregateRepository.cs
DA:12,-1
DA:24,-1
DA:11,-1
end_of_record
SF:/mnt/c/code/git/CQRS.XsamX/Framework/Cqrs/Events/DtoAggregateEventType.cs
DA:12,-1
end_of_record
SF:/mnt/c/code/git/CQRS.XsamX/Framework/Cqrs.Mongo/Repositories/Authentication/SingleSignOnToken.cs
DA:49,1
DA:23,1
end_of_record
SF:/mnt/c/code/git/CQRS.XsamX/Framework/Cqrs.Tests/Substitutes/TestSnapshotAggregate.cs
DA:9,-1
DA:35,-1
DA:18,-1
DA:23,-1
DA:8,-1
DA:42,-1
end_of_record
SF:/mnt/c/code/git/CQRS.XsamX/Framework/Cqrs.Sql/DataStores/IExpressionTreeConverter.cs
DA:10,-1
DA:12,-1
DA:14,-1
end_of_record
SF:/mnt/c/code/git/CQRS.XsamX/Framework/Cqrs/Events/EventDeserialiser.cs
DA:23,1
DA:30,-1
DA:15,-1
end_of_record
SF:/mnt/c/code/git/CQRS.XsamX/Framework/Cqrs/Configuration/IDependencyResolver.cs
DA:24,1
DA:32,1
end_of_record
SF:/mnt/c/code/git/CQRS.XsamX/Framework/Cqrs.MongoDB/Events/MongoDbEventData.cs
DA:26,-1
DA:28,-1
DA:19,-1
end_of_record
SF:/mnt/c/code/git/CQRS.XsamX/Framework/Cqrs.MongoDB/Events/MongoDbEventStoreConnectionStringFactory.cs
DA:31,-1
DA:39,1
DA:71,1
DA:18,-1
end_of_record
SF:/mnt/c/code/git/CQRS.XsamX/Framework/Ninject/Azure/Cqrs.Ninject.Azure.EventHub.EventBus/Configuration/AzureEventPublisherModule.cs
DA:22,1
end_of_record
SF:/mnt/c/code/git/CQRS.XsamX/Framework/Cqrs.WebApi/SignalR/Hubs/NotificationHub.cs
DA:26,-1
DA:32,-1
DA:47,1
DA:55,1
DA:62,-1
DA:77,-1
DA:327,-1
DA:332,-1
DA:25,-1
end_of_record
SF:/mnt/c/code/git/CQRS.XsamX/Framework/Akka.Net/Cqrs.Akka.Tests.Unit/Commands/EndConversationCommand.cs
DA:22,1
end_of_record
SF:/mnt/c/code/git/CQRS.XsamX/Framework/Cqrs/Bus/IBusHelper.cs
DA:24,1
DA:32,1
DA:32,1
DA:32,1
end_of_record
SF:/mnt/c/code/git/CQRS.XsamX/Framework/Azure/Cqrs.Azure.BlobStorage/TableEntity.cs
DA:26,-1
DA:33,-1
DA:40,-1
DA:45,-1
DA:18,-1
end_of_record
SF:/mnt/c/code/git/CQRS.XsamX/Framework/Cqrs/Bus/IHandlerRegistrar.cs
DA:28,1
DA:35,1
end_of_record
SF:/mnt/c/code/git/CQRS.XsamX/Framework/Cqrs.MongoDB/Serialisers/TypeSerialiser.cs
DA:27,1
DA:36,1
DA:84,1
DA:16,-1
end_of_record
SF:/mnt/c/code/git/CQRS.XsamX/Framework/Cqrs/Configuration/ConfigurationExtensions.cs
DA:9,-1
DA:14,-1
DA:8,-1
end_of_record
SF:/mnt/c/code/git/CQRS.XsamX/Framework/Cqrs/Repositories/Queries/IQueryBuilder.cs
DA:8,-1
DA:10,-1
end_of_record
SF:/mnt/c/code/git/CQRS.XsamX/Framework/Cqrs.WebApi/Events/Handlers/SingleSignOnTokenEventToHubProxy.cs
DA:20,-1
DA:33,-1
DA:19,-1
end_of_record
SF:/mnt/c/code/git/CQRS.XsamX/Framework/Cqrs/Bus/Route.cs
DA:14,-1
end_of_record
SF:/mnt/c/code/git/CQRS.XsamX/Framework/Ninject/Azure/Cqrs.Ninject.Azure.ServiceBus.CommandBus/Configuration/AzureCommandBusReceiverModule.cs
DA:30,1
DA:54,1
DA:75,1
DA:86,1
DA:97,1
DA:24,1
end_of_record
SF:/mnt/c/code/git/CQRS.XsamX/Framework/Azure/Cqrs.Azure.EventHub/DefaultEventProcessorFactory.cs
DA:27,1
DA:35,1
DA:47,1
end_of_record
SF:/mnt/c/code/git/CQRS.XsamX/Framework/Ninject/Cqrs.Ninject/Configuration/NinjectDependencyResolver.cs
DA:43,1
DA:102,1
DA:111,1
DA:52,1
DA:69,1
DA:90,1
DA:24,1
end_of_record
SF:/mnt/c/code/git/CQRS.XsamX/Framework/Cqrs.Tests/Substitutes/TestCommandPublisher.cs
DA:10,-1
DA:15,-1
DA:21,-1
DA:9,-1
end_of_record
SF:/mnt/c/code/git/CQRS.XsamX/Framework/Akka.Net/Cqrs.Akka.Tests.Unit/Commands/Handlers/ReplyToHelloWorldCommandHandler.cs
DA:27,1
DA:43,1
DA:23,1
end_of_record
SF:/mnt/c/code/git/CQRS.XsamX/Framework/Cqrs/Events/NotifyCallerEventAttribute.cs
DA:12,1
end_of_record
SF:/mnt/c/code/git/CQRS.XsamX/Framework/Cqrs/Authentication/ISingleSignOnToken.cs
DA:44,1
end_of_record
SF:/mnt/c/code/git/CQRS.XsamX/Framework/Ninject/Azure/Cqrs.Ninject.Azure.BlobStorage/Configuration/BlobStoragEventStoreModule.cs
DA:28,1
DA:40,1
DA:50,1
DA:63,1
DA:22,1
end_of_record
SF:/mnt/c/code/git/CQRS.XsamX/Framework/Azure/Cqrs.Azure.DocumentDb/Events/AzureDocumentDbEventStore.cs
DA:29,-1
DA:36,1
DA:41,1
DA:46,-1
DA:51,-1
DA:74,-1
DA:95,-1
DA:22,-1
end_of_record
SF:/mnt/c/code/git/CQRS.XsamX/Framework/Cqrs/Commands/ICommandSender.cs
DA:25,1
DA:32,1
end_of_record
SF:/mnt/c/code/git/CQRS.XsamX/Framework/Cqrs.WebApi/Events/Handlers/EventToHubProxy.cs
DA:19,-1
DA:32,-1
DA:18,-1
end_of_record
SF:/mnt/c/code/git/CQRS.XsamX/Framework/Cqrs/Events/MemoryCacheEventStore.cs
DA:36,-1
DA:49,1
DA:87,1
DA:116,-1
DA:155,-1
DA:190,-1
DA:212,1
DA:25,1
end_of_record
SF:/mnt/c/code/git/CQRS.XsamX/Framework/Ninject/Azure/Cqrs.Ninject.Azure.ServiceBus.CommandBus/Configuration/AzureCommandBusPublisherModule.cs
DA:28,1
DA:47,1
DA:61,1
DA:22,1
end_of_record
SF:/mnt/c/code/git/CQRS.XsamX/Framework/Cqrs/Infrastructure/DelegateAdjuster.cs
DA:16,-1
DA:15,-1
end_of_record
SF:/mnt/c/code/git/CQRS.XsamX/Framework/Akka.Net/Cqrs.Akka/Domain/Commands/GetAkkaSagaId.cs
DA:12,-1
end_of_record
SF:/mnt/c/code/git/CQRS.XsamX/Framework/Cqrs/Configuration/DependencyResolver.cs
DA:23,1
DA:31,1
DA:9,1
end_of_record
SF:/mnt/c/code/git/CQRS.XsamX/Framework/Azure/Cqrs.Azure.DocumentDb/DataStores/AzureDocumentDbDataStoreExtensions.cs
DA:27,1
DA:42,1
DA:55,1
DA:69,1
DA:83,1
DA:98,1
DA:111,1
DA:125,1
DA:19,1
end_of_record
SF:/mnt/c/code/git/CQRS.XsamX/Framework/Cqrs/Authentication/DefaultSingleSignOnTokenFactory.cs
DA:24,-1
DA:14,-1
end_of_record
SF:/mnt/c/code/git/CQRS.XsamX/Framework/Ninject/Cqrs.Ninject.InProcess.EventBus/Configuration/InProcessEventBusModule.cs
DA:22,1
end_of_record
SF:/mnt/c/code/git/CQRS.XsamX/Framework/Cqrs.Tests/Snapshots/When_saving_a_snapshotable_aggregate_for_each_change.cs
DA:20,-1
DA:42,-1
DA:48,-1
DA:54,-1
DA:14,-1
end_of_record
SF:/mnt/c/code/git/CQRS.XsamX/Framework/Azure/Cqrs.Azure.ServiceBus/MessageSerialiser.cs
DA:24,-1
DA:30,-1
DA:35,-1
DA:40,-1
DA:45,-1
DA:16,-1
end_of_record
SF:/mnt/c/code/git/CQRS.XsamX/Framework/Cqrs/Configuration/ConfigurationManager.cs
DA:24,1
DA:29,-1
DA:43,-1
DA:17,1
end_of_record
SF:/mnt/c/code/git/CQRS.XsamX/Framework/Cqrs.WebApi/Configuration/WebApiConfig.cs
DA:19,-1
DA:18,-1
end_of_record
SF:/mnt/c/code/git/CQRS.XsamX/Framework/Cqrs/Domain/SagaUnitOfWork.cs
DA:24,-1
DA:36,1
DA:55,1
DA:83,1
DA:19,1
end_of_record
SF:/mnt/c/code/git/CQRS.XsamX/Framework/Cqrs.WebApi/Formatters/FormMultipart/Converters/HttpContentToFormDataConverter.cs
DA:22,-1
DA:78,-1
DA:21,-1
end_of_record
SF:/mnt/c/code/git/CQRS.XsamX/Framework/Ninject/Azure/Cqrs.Ninject.Azure.WebJobs/bin/Debug/CqrsWebJobProgram.cs
DA:20,1
DA:32,1
DA:16,1
end_of_record
SF:/mnt/c/code/git/CQRS.XsamX/Framework/Ninject/Cqrs.Ninject/Configuration/MemoryCacheEventStoreModule.cs
DA:26,1
DA:37,1
DA:50,1
DA:20,1
end_of_record
SF:/mnt/c/code/git/CQRS.XsamX/Framework/Cqrs.Tests/Snapshots/When_getting_a_snapshot_aggregate_with_no_snapshot.cs
DA:20,-1
DA:48,-1
DA:54,-1
DA:14,-1
DA:37,-1
DA:42,-1
end_of_record
SF:/mnt/c/code/git/CQRS.XsamX/Framework/Cqrs/Domain/Factories/AggregateFactory.cs
DA:15,-1
DA:21,-1
DA:26,-1
DA:10,-1
end_of_record
SF:/mnt/c/code/git/CQRS.XsamX/Framework/Cqrs/Domain/SagaEventHandler.cs
DA:27,1
DA:32,-1
DA:39,-1
DA:17,-1
end_of_record
SF:/mnt/c/code/git/CQRS.XsamX/Framework/Ninject/Cqrs.Ninject.ServiceHost/NinjectWcfServiceHostFactory.cs
DA:21,1
DA:14,1
end_of_record
SF:/mnt/c/code/git/CQRS.XsamX/Framework/Akka.Net/Cqrs.Akka/Commands/AkkaCommandBusProxy.cs
DA:27,-1
DA:42,1
DA:53,-1
DA:59,1
DA:75,-1
DA:26,1
DA:86,-1
DA:100,-1
DA:85,-1
end_of_record
SF:/mnt/c/code/git/CQRS.XsamX/Framework/Ninject/Azure/Cqrs.Ninject.Azure.DocumentDb/Configuration/AzureDocumentDbEventStoreModule.cs
DA:29,1
DA:42,1
DA:55,1
DA:62,1
DA:75,1
DA:23,1
end_of_record
SF:/mnt/c/code/git/CQRS.XsamX/Framework/Cqrs/Exceptions/InvalidConfigurationException.cs
DA:24,1
DA:18,1
end_of_record
SF:/mnt/c/code/git/CQRS.XsamX/Framework/Azure/Cqrs.Azure.DocumentDb/Events/IAzureDocumentDbEventStoreConnectionStringFactory.cs
DA:15,-1
DA:17,-1
DA:19,-1
end_of_record
SF:/mnt/c/code/git/CQRS.XsamX/Framework/Cqrs.MongoDB.Tests.Integration/MongoDbEventStoreTests.cs
DA:30,-1
DA:28,1
end_of_record
SF:/mnt/c/code/git/CQRS.XsamX/Framework/Cqrs/Services/IUnitOfWorkService.cs
DA:19,1
DA:27,1
end_of_record
SF:/mnt/c/code/git/CQRS.XsamX/Framework/Cqrs.MongoDB/Factories/MongoDbDataStoreFactory.cs
DA:34,-1
DA:109,-1
DA:117,-1
DA:27,1
end_of_record
SF:/mnt/c/code/git/CQRS.XsamX/Framework/Cqrs/Services/BasicServiceParameterResolver.cs
DA:21,-1
DA:28,-1
DA:75,-1
DA:115,-1
DA:41,-1
DA:84,1
DA:20,1
end_of_record
SF:/mnt/c/code/git/CQRS.XsamX/Framework/Akka.Net/Cqrs.Akka.Tests.Unit/Events/ConversationEnded.cs
DA:22,1
end_of_record
SF:/mnt/c/code/git/CQRS.XsamX/Framework/Azure/Cqrs.Azure.EventHub/AzureBusHelper.cs
DA:34,-1
DA:59,-1
DA:75,-1
DA:110,-1
DA:184,1
DA:216,-1
DA:233,-1
DA:252,-1
DA:321,-1
DA:406,1
DA:438,-1
DA:452,1
DA:34,-1
DA:59,-1
DA:75,-1
DA:110,-1
DA:184,1
DA:216,-1
DA:233,-1
DA:252,-1
DA:321,-1
DA:406,1
DA:438,-1
DA:452,1
end_of_record
SF:/mnt/c/code/git/CQRS.XsamX/Framework/Cqrs.MongoDB/Events/IMongoDbEventStoreConnectionStringFactory.cs
DA:21,1
DA:26,1
end_of_record
SF:/mnt/c/code/git/CQRS.XsamX/Framework/Akka.Net/Cqrs.Akka/Configuration/IHandlerResolver.cs
DA:15,-1
end_of_record
SF:/mnt/c/code/git/CQRS.XsamX/Framework/Cqrs/Entities/DecimalRange.cs
DA:19,1
DA:15,1
end_of_record
SF:/mnt/c/code/git/CQRS.XsamX/Framework/Akka.Net/Cqrs.Akka/Commands/ConcurrentAkkaCommandSender.cs
DA:31,-1
DA:39,-1
DA:47,-1
DA:53,-1
DA:62,-1
DA:73,1
DA:85,1
DA:97,1
DA:112,1
DA:125,1
DA:138,1
DA:26,1
end_of_record
SF:/mnt/c/code/git/CQRS.XsamX/Framework/Akka.Net/Cqrs.Akka.Tests.Unit/Commands/SayHelloWorldCommand.cs
DA:22,1
end_of_record
SF:/mnt/c/code/git/CQRS.XsamX/Framework/Cqrs/Domain/Exceptions/DuplicateSagaEventException.cs
DA:30,1
DA:23,1
end_of_record
SF:/mnt/c/code/git/CQRS.XsamX/Framework/Cqrs.WebApi/CqrsEventApiController.cs
DA:27,-1
DA:51,1
DA:70,-1
DA:72,-1
DA:26,1
end_of_record
SF:/mnt/c/code/git/CQRS.XsamX/Framework/Ninject/Azure/Cqrs.Ninject.Azure.EventHub.EventBus/Configuration/AzureEventHubReceiverModule.cs
DA:29,1
DA:48,1
DA:58,1
DA:23,1
end_of_record
SF:/mnt/c/code/git/CQRS.XsamX/Framework/Cqrs/Events/EventBuilder.cs
DA:18,1
DA:28,1
DA:35,-1
DA:40,-1
DA:15,-1
end_of_record
SF:/mnt/c/code/git/CQRS.XsamX/Framework/Cqrs.Tests/Substitutes/TestSaga.cs
DA:97,-1
DA:107,-1
DA:123,-1
DA:132,-1
DA:146,-1
DA:152,-1
DA:79,-1
DA:18,-1
DA:25,1
DA:31,-1
DA:50,-1
DA:64,-1
DA:15,-1
end_of_record
SF:/mnt/c/code/git/CQRS.XsamX/Framework/Azure/Cqrs.Azure.ServiceBus/AzureEventBusReceiver.cs
DA:63,-1
DA:84,-1
DA:200,1
DA:209,1
DA:218,1
DA:358,-1
DA:102,-1
DA:223,-1
DA:365,-1
DA:379,-1
DA:34,1
DA:63,-1
DA:84,-1
DA:200,1
DA:209,1
DA:218,1
DA:358,-1
DA:102,-1
DA:223,-1
DA:365,-1
DA:379,-1
DA:34,1
end_of_record
SF:/mnt/c/code/git/CQRS.XsamX/Framework/Cqrs.WebApi/Formatters/FormMultipart/Infrastructure/MultipartFormatterSettings.cs
DA:14,-1
end_of_record
SF:/mnt/c/code/git/CQRS.XsamX/Framework/Cqrs/Bus/InProcessBus.cs
DA:94,1
DA:199,1
DA:253,1
DA:302,1
DA:314,1
DA:326,1
DA:341,1
DA:354,1
DA:367,1
DA:380,1
DA:461,1
DA:510,1
DA:521,1
DA:532,1
DA:546,1
DA:558,1
DA:617,1
DA:633,1
DA:647,1
DA:656,1
DA:673,1
DA:682,1
DA:114,1
DA:142,1
DA:40,1
end_of_record
SF:/mnt/c/code/git/CQRS.XsamX/Framework/Cqrs/Services/IServiceParameterResolver.cs
DA:17,-1
DA:19,-1
end_of_record
SF:/mnt/c/code/git/CQRS.XsamX/Framework/Cqrs/Infrastructure/SpinWait.cs
DA:44,1
DA:68,1
DA:79,1
DA:96,1
DA:116,1
DA:12,1
DA:139,-1
DA:144,-1
end_of_record
SF:/mnt/c/code/git/CQRS.XsamX/Framework/Cqrs/Commands/DtoCommandHandler.cs
DA:18,-1
DA:25,-1
DA:15,-1
end_of_record
SF:/mnt/c/code/git/CQRS.XsamX/Framework/Cqrs.EventStore/Bus/EventConverter.cs
DA:27,1
DA:19,1
end_of_record
SF:/mnt/c/code/git/CQRS.XsamX/Framework/Cqrs/Bus/NoHandlersRegisteredException.cs
DA:15,-1
DA:20,-1
DA:14,-1
end_of_record
SF:/mnt/c/code/git/CQRS.XsamX/Framework/Cqrs/Configuration/IConfigurationManager.cs
DA:20,1
DA:22,-1
DA:24,-1
end_of_record
SF:/mnt/c/code/git/CQRS.XsamX/Framework/Cqrs.EventStore/IEventStoreConnectionHelper.cs
DA:21,1
end_of_record
SF:/mnt/c/code/git/CQRS.XsamX/Framework/Cqrs.Mongo/Factories/IndexKeysBuilderExtension.cs
DA:19,-1
DA:40,-1
DA:61,-1
DA:18,-1
end_of_record
SF:/mnt/c/code/git/CQRS.XsamX/Framework/Azure/Cqrs.Azure.BlobStorage/Repositories/TableStorageRepository.cs
DA:14,-1
DA:21,-1
DA:13,-1
end_of_record
SF:/mnt/c/code/git/CQRS.XsamX/Framework/Azure/Cqrs.Azure.BlobStorage/BlobStorageStore.cs
DA:29,1
DA:42,1
DA:140,-1
DA:163,-1
DA:183,-1
DA:189,-1
DA:259,-1
DA:271,-1
DA:104,-1
DA:202,1
DA:228,1
DA:254,1
DA:23,-1
end_of_record
SF:/mnt/c/code/git/CQRS.XsamX/Framework/Cqrs/Repositories/Queries/QueryBuilder.cs
DA:17,-1
DA:41,-1
DA:46,-1
DA:69,-1
DA:85,-1
DA:98,-1
DA:103,-1
DA:116,-1
DA:121,-1
DA:134,-1
DA:139,-1
DA:152,-1
DA:157,-1
DA:159,-1
DA:164,-1
DA:169,-1
DA:174,-1
DA:179,-1
DA:184,-1
DA:189,-1
DA:194,-1
DA:199,-1
DA:25,-1
DA:32,-1
DA:12,-1
end_of_record
SF:/mnt/c/code/git/CQRS.XsamX/Framework/Ninject/Azure/Cqrs.Ninject.Azure.ServiceBus.EventBus/Configuration/AzureQueuedEventBusReceiverModule.cs
DA:28,1
DA:22,1
end_of_record
SF:/mnt/c/code/git/CQRS.XsamX/Framework/Cqrs/Bus/MultipleHandlersRegisteredException.cs
DA:15,-1
DA:20,-1
DA:14,-1
end_of_record
SF:/mnt/c/code/git/CQRS.XsamX/Framework/Akka.Net/Cqrs.Akka/Events/AkkaEventBus.cs
DA:47,-1
DA:59,1
DA:74,1
DA:95,-1
DA:114,-1
DA:152,1
DA:160,1
DA:168,1
DA:27,1
end_of_record
SF:/mnt/c/code/git/CQRS.XsamX/Framework/Ninject/Azure/Cqrs.Ninject.Azure.ServiceBus.EventBus/Configuration/AzureEventBusPublisherModule.cs
DA:28,1
DA:47,1
DA:57,1
DA:22,1
end_of_record
SF:/mnt/c/code/git/CQRS.XsamX/Framework/Cqrs/Authentication/IDefaultSingleSignOnTokenFactory.cs
DA:17,-1
end_of_record
SF:/mnt/c/code/git/CQRS.XsamX/Framework/Cqrs.Tests/Substitutes/TestAggregateNoParameterLessConstructor.cs
DA:9,-1
DA:14,-1
DA:8,-1
end_of_record
SF:/mnt/c/code/git/CQRS.XsamX/Framework/Cqrs.Tests/Snapshots/When_getting_an_aggregate_with_snapshot.cs
DA:18,-1
DA:33,-1
DA:14,-1
end_of_record
SF:/mnt/c/code/git/CQRS.XsamX/Framework/Azure/Cqrs.Azure.DocumentDb/DataStores/AzureDocumentDbDataStore.cs
DA:46,1
DA:65,1
DA:135,1
DA:151,1
DA:170,1
DA:184,1
DA:208,1
DA:221,1
DA:252,1
DA:263,1
DA:30,1
end_of_record
SF:/mnt/c/code/git/CQRS.XsamX/Framework/Azure/Tests/Cqrs.Azure.BlobStorage.Test.Integration/BlobStorageDataStoreTests.cs
DA:26,-1
DA:24,1
end_of_record
SF:/mnt/c/code/git/CQRS.XsamX/Framework/Cqrs/Exceptions/MissingConnectionStringException.cs
DA:26,1
DA:37,1
DA:20,1
end_of_record
SF:/mnt/c/code/git/CQRS.XsamX/Framework/Azure/Cqrs.Azure.EventHub/DefaultEventProcessor.cs
DA:23,-1
DA:38,1
DA:52,1
DA:71,1
end_of_record
SF:/mnt/c/code/git/CQRS.XsamX/Framework/Azure/Cqrs.Azure.BlobStorage/Repositories/Queries/BlobStorageQueryBuilder.cs
DA:14,-1
DA:21,-1
DA:13,-1
end_of_record
SF:/mnt/c/code/git/CQRS.XsamX/Framework/Azure/Cqrs.Azure.ServiceBus.Tests.Unit/MessageSerialiserTests.cs
DA:24,-1
DA:37,-1
DA:50,-1
DA:63,-1
DA:18,1
end_of_record
SF:/mnt/c/code/git/CQRS.XsamX/Framework/Cqrs.Tests/DataStores/CRUD_operations.cs
DA:18,-1
DA:23,-1
DA:36,-1
DA:71,-1
DA:128,-1
DA:167,-1
DA:16,-1
end_of_record
SF:/mnt/c/code/git/CQRS.XsamX/Framework/Cqrs/Configuration/ITelemetryHelperExtensions.cs
DA:21,1
DA:38,1
DA:54,1
DA:70,1
DA:9,-1
end_of_record
SF:/mnt/c/code/git/CQRS.XsamX/Framework/Azure/Cqrs.Azure.DocumentDb/Repositories/Authentication/AzureSingleSignOnToken.cs
DA:49,1
DA:23,1
end_of_record
SF:/mnt/c/code/git/CQRS.XsamX/Framework/Cqrs/Cache/CacheRepository.cs
DA:23,-1
DA:44,-1
DA:64,-1
DA:12,-1
end_of_record
SF:/mnt/c/code/git/CQRS.XsamX/Framework/Cqrs.EventStore/SimpleEvent.cs
DA:22,1
end_of_record
SF:/mnt/c/code/git/CQRS.XsamX/Framework/Ninject/Cqrs.Ninject.MongoDB/Configuration/TestMongoDbModule.cs
DA:26,1
DA:22,1
end_of_record
SF:/mnt/c/code/git/CQRS.XsamX/Framework/Azure/Cqrs.Azure.DocumentDb/Events/AzureDocumentDbEventStoreConnectionStringFactory.cs
DA:22,-1
DA:28,-1
DA:41,-1
DA:46,-1
DA:51,-1
DA:56,-1
DA:17,-1
end_of_record
SF:/mnt/c/code/git/CQRS.XsamX/Framework/Azure/Cqrs.Azure.ServiceBus/AzureBusHelper.cs
DA:34,-1
DA:59,-1
DA:75,-1
DA:110,-1
DA:184,1
DA:216,-1
DA:233,-1
DA:252,-1
DA:322,-1
DA:407,1
DA:439,-1
DA:453,1
DA:33,-1
DA:34,-1
DA:59,-1
DA:75,-1
DA:110,-1
DA:184,1
DA:216,-1
DA:233,-1
DA:252,-1
DA:322,-1
DA:407,1
DA:439,-1
DA:453,1
DA:33,-1
end_of_record
SF:/mnt/c/code/git/CQRS.XsamX/Framework/Azure/Cqrs.Azure.EventHub/AzureCommandBusReceiver.cs
DA:40,-1
DA:46,1
DA:55,1
DA:180,-1
DA:187,-1
DA:61,-1
DA:40,-1
DA:46,1
DA:55,1
DA:180,-1
DA:187,-1
DA:61,-1
end_of_record
SF:/mnt/c/code/git/CQRS.XsamX/Framework/Cqrs/Domain/SagaRepository.cs
DA:29,-1
DA:37,-1
DA:82,-1
DA:105,-1
DA:77,-1
DA:88,-1
DA:96,-1
DA:20,-1
end_of_record
SF:/mnt/c/code/git/CQRS.XsamX/Framework/Azure/Cqrs.Azure.DocumentDb/DocumentDbException.cs
DA:15,-1
DA:14,-1
end_of_record
SF:/mnt/c/code/git/CQRS.XsamX/Framework/Cqrs.WebApi/SignalR/Hubs/INotificationHub.cs
DA:19,1
DA:24,1
DA:29,1
DA:34,1
end_of_record
SF:/mnt/c/code/git/CQRS.XsamX/Framework/Cqrs.EventStore/ProjectionReader.cs
DA:37,1
DA:47,1
DA:75,1
DA:23,1
end_of_record
SF:/mnt/c/code/git/CQRS.XsamX/Framework/Akka.Net/Cqrs.Akka/Domain/IAkkaAggregateRepository.cs
DA:17,-1
end_of_record
SF:/mnt/c/code/git/CQRS.XsamX/Framework/Cqrs.Tests/Domain/Aggregates/When_adding_aggregates_to_repository.cs
DA:18,-1
DA:28,-1
DA:37,-1
DA:14,-1
end_of_record
SF:/mnt/c/code/git/CQRS.XsamX/Framework/Azure/Cqrs.Azure.ServiceBus.Tests.Unit/TestEvent.cs
DA:11,-1
end_of_record
SF:/mnt/c/code/git/CQRS.XsamX/Framework/Cqrs/Authentication/WebSingleSignOnTokenValueHelper.cs
DA:25,-1
DA:30,-1
DA:36,-1
DA:42,-1
DA:48,-1
DA:20,-1
end_of_record
SF:/mnt/c/code/git/CQRS.XsamX/Framework/Azure/Cqrs.Azure.ServiceBus/AzureQueuedCommandBusReceiver.cs
DA:29,-1
DA:36,-1
DA:84,-1
DA:112,-1
DA:24,-1
DA:29,-1
DA:36,-1
DA:84,-1
DA:112,-1
DA:24,-1
end_of_record
SF:/mnt/c/code/git/CQRS.XsamX/Framework/Akka.Net/Cqrs.Akka.Tests.Unit/Sagas/ConversationReportProcessManagerEventHandlers.cs
DA:21,1
DA:50,1
DA:63,1
DA:76,1
DA:37,1
DA:17,1
end_of_record
SF:/mnt/c/code/git/CQRS.XsamX/Framework/Azure/Cqrs.Azure.BlobStorage/DataStores/TableStorageDataStore.cs
DA:22,1
DA:38,1
DA:48,-1
DA:53,-1
DA:58,-1
DA:18,-1
end_of_record
SF:/mnt/c/code/git/CQRS.XsamX/Framework/Ninject/Cqrs.Ninject.MongoDB/TestMongoDataStoreConnectionStringFactory.cs
DA:59,1
DA:67,1
DA:79,1
DA:87,1
DA:27,1
end_of_record
SF:/mnt/c/code/git/CQRS.XsamX/Framework/Cqrs/Events/EventData.cs
DA:52,-1
DA:19,-1
end_of_record
SF:/mnt/c/code/git/CQRS.XsamX/Framework/Azure/Cqrs.Azure.EventHub/AzureQueuedEventBusReceiver.cs
DA:30,-1
DA:37,-1
DA:117,-1
DA:145,-1
DA:30,-1
DA:37,-1
DA:117,-1
DA:145,-1
end_of_record
SF:/mnt/c/code/git/CQRS.XsamX/Framework/Cqrs.WebApi/Formatters/FormMultipart/FormMultipartEncodedMediaTypeFormatter.cs
DA:29,-1
DA:35,-1
DA:40,-1
DA:45,-1
DA:65,-1
DA:84,-1
DA:24,-1
end_of_record
SF:/mnt/c/code/git/CQRS.XsamX/Framework/Cqrs/Snapshots/SnapshotAggregateRoot.cs
DA:16,-1
DA:23,-1
DA:30,-1
DA:32,-1
DA:15,-1
end_of_record
SF:/mnt/c/code/git/CQRS.XsamX/Framework/Cqrs/Infrastructure/PrivateReflectionDynamicObject.cs
DA:31,-1
end_of_record
SF:/mnt/c/code/git/CQRS.XsamX/Framework/Ninject/Cqrs.Ninject.Akka/AkkaNinjectDependencyResolver.cs
DA:48,1
DA:120,1
DA:132,1
DA:141,1
DA:161,1
DA:180,1
DA:188,1
DA:62,1
DA:172,1
DA:86,1
DA:108,1
DA:24,1
end_of_record
SF:/mnt/c/code/git/CQRS.XsamX/Framework/Ninject/Azure/Cqrs.Ninject.Azure.BlobStorage/Configuration/TableStoragEventStoreModule.cs
DA:28,1
DA:40,1
DA:50,1
DA:63,1
DA:22,1
end_of_record
SF:/mnt/c/code/git/CQRS.XsamX/Framework/Azure/Cqrs.Azure.BlobStorage/TableStorageStore.cs
DA:31,1
DA:38,-1
DA:118,-1
DA:143,-1
DA:343,-1
DA:345,-1
DA:353,1
DA:411,-1
DA:425,-1
DA:65,1
DA:147,-1
DA:152,-1
DA:184,-1
DA:189,-1
DA:216,-1
DA:278,-1
DA:284,-1
DA:293,1
DA:295,-1
DA:300,-1
DA:306,-1
DA:311,-1
DA:384,-1
DA:400,-1
DA:25,-1
end_of_record
SF:/mnt/c/code/git/CQRS.XsamX/Framework/Cqrs.Tests/Bus/When_sending_command.cs
DA:20,-1
DA:26,-1
DA:36,-1
DA:46,-1
DA:52,-1
DA:16,-1
end_of_record
SF:/mnt/c/code/git/CQRS.XsamX/Framework/Cqrs/Bus/QueuedCommandBusReceiver.cs
DA:40,-1
DA:51,-1
DA:57,-1
DA:85,-1
DA:179,-1
DA:217,-1
DA:23,-1
end_of_record
SF:/mnt/c/code/git/CQRS.XsamX/Framework/Cqrs.Tests/Snapshots/When_saving_a_snapshotable_aggregate.cs
DA:17,-1
DA:37,-1
DA:43,-1
DA:13,-1
end_of_record
SF:/mnt/c/code/git/CQRS.XsamX/Framework/Cqrs.MongoDB/Entities/Entity.cs
DA:24,1
end_of_record
SF:/mnt/c/code/git/CQRS.XsamX/Framework/Cqrs.MongoDB.Tests.Integration/TestMongoDbDataStoreConnectionStringFactory.cs
DA:27,1
DA:32,1
DA:8,-1
end_of_record
SF:/mnt/c/code/git/CQRS.XsamX/Framework/Cqrs/Repositories/Queries/SingleResultQuery.cs
DA:5,-1
end_of_record
SF:/mnt/c/code/git/CQRS.XsamX/Framework/Cqrs.Mongo/Serialisers/TypeSerialiser.cs
DA:18,-1
DA:24,-1
DA:40,1
DA:45,-1
DA:17,-1
end_of_record
SF:/mnt/c/code/git/CQRS.XsamX/Framework/Cqrs.EventStore/IEventDeserialiser.cs
DA:26,1
DA:32,1
DA:37,1
end_of_record
SF:/mnt/c/code/git/CQRS.XsamX/Framework/Cqrs.Tests/Substitutes/TestDependencyResolver.cs
DA:25,-1
DA:31,1
DA:36,1
DA:14,-1
end_of_record
SF:/mnt/c/code/git/CQRS.XsamX/Framework/Cqrs/Repositories/Queries/QueryParameter.cs
DA:7,-1
DA:9,-1
DA:19,-1
DA:34,1
DA:53,1
DA:6,-1
end_of_record
SF:/mnt/c/code/git/CQRS.XsamX/Framework/Cqrs.Tests/Substitutes/TestSnapshotStore.cs
DA:14,-1
DA:20,-1
DA:7,-1
end_of_record
SF:/mnt/c/code/git/CQRS.XsamX/Framework/Cqrs.WebApi/Formatters/FormMultipart/Converters/FormDataToObjectConverter.cs
DA:27,-1
DA:41,-1
DA:20,-1
end_of_record
SF:/mnt/c/code/git/CQRS.XsamX/Framework/Cqrs/Events/IEventStore.cs
DA:27,1
DA:34,1
DA:34,1
DA:52,1
DA:58,1
end_of_record
SF:/mnt/c/code/git/CQRS.XsamX/Framework/Cqrs.Mongo/Factories/MongoDataStoreFactory.cs
DA:33,-1
DA:108,-1
DA:117,-1
DA:26,1
end_of_record
SF:/mnt/c/code/git/CQRS.XsamX/Framework/Cqrs.Tests/Domain/Saga/When_getting_a_saga.cs
DA:23,-1
DA:34,-1
DA:42,-1
DA:49,-1
DA:56,-1
DA:64,-1
DA:71,-1
DA:80,-1
DA:91,-1
DA:100,-1
DA:109,-1
DA:15,-1
end_of_record
SF:/mnt/c/code/git/CQRS.XsamX/Framework/Ninject/Azure/Cqrs.Ninject.Azure.ServiceBus.CommandBus/Configuration/AzureCommandBusSenderModule.cs
DA:22,1
end_of_record
SF:/mnt/c/code/git/CQRS.XsamX/Framework/Cqrs/Domain/Saga.cs
DA:64,1
DA:73,1
DA:81,-1
DA:117,-1
DA:122,-1
DA:87,-1
DA:92,-1
DA:106,-1
DA:40,1
end_of_record
SF:/mnt/c/code/git/CQRS.XsamX/Framework/Ninject/Azure/Cqrs.Ninject.Azure.EventHub.CommandBus/Configuration/AzureQueuedCommandHubReceiverModule.cs
DA:26,1
DA:22,1
end_of_record
SF:/mnt/c/code/git/CQRS.XsamX/Framework/Cqrs/Domain/Exceptions/DuplicateCreateCommandException.cs
DA:26,1
DA:35,1
DA:48,1
DA:20,1
end_of_record
SF:/mnt/c/code/git/CQRS.XsamX/Framework/Akka.Net/Cqrs.Akka/Domain/IAkkaSagaResolver.cs
DA:17,-1
DA:20,-1
end_of_record
SF:/mnt/c/code/git/CQRS.XsamX/Framework/Ninject/Cqrs.Ninject/Configuration/SimplifiedNinjectStartUp.cs
DA:27,1
DA:42,1
DA:86,1
DA:93,1
DA:101,1
DA:23,1
end_of_record
SF:/mnt/c/code/git/CQRS.XsamX/Framework/Cqrs.Mongo/Factories/MongoDataStoreConnectionStringFactory.cs
DA:31,-1
DA:37,-1
DA:66,-1
DA:18,-1
end_of_record
SF:/mnt/c/code/git/CQRS.XsamX/Framework/Cqrs.MongoDB/Factories/MongoDbDataStoreConnectionStringFactory.cs
DA:35,-1
DA:41,1
DA:70,1
DA:22,1
end_of_record
SF:/mnt/c/code/git/CQRS.XsamX/Framework/Akka.Net/Cqrs.Akka.Tests.Unit/Commands/Handlers/EndConversationCommandHandler.cs
DA:27,1
DA:43,1
DA:23,1
end_of_record
SF:/mnt/c/code/git/CQRS.XsamX/Framework/Cqrs.Mongo/DataStores/MongoDataStore.cs
DA:37,1
DA:53,1
DA:111,1
DA:127,1
DA:140,1
DA:154,1
DA:170,1
DA:183,1
DA:206,1
DA:216,1
DA:29,1
end_of_record
SF:/mnt/c/code/git/CQRS.XsamX/Framework/Ninject/Azure/Cqrs.Ninject.Azure.DocumentDb/Events/TestAzureDocumentDbEventStoreConnectionStringFactory.cs
DA:52,1
DA:62,1
DA:24,1
end_of_record
SF:/mnt/c/code/git/CQRS.XsamX/Framework/Cqrs/Bus/RouteHandlerDelegate.cs
DA:15,-1
end_of_record
SF:/mnt/c/code/git/CQRS.XsamX/Framework/Azure/Cqrs.Azure.Storage/Events/TableStorageEventStore.cs
DA:26,1
DA:33,1
DA:62,1
DA:22,-1
DA:86,1
DA:93,-1
DA:105,-1
DA:82,-1
end_of_record
SF:/mnt/c/code/git/CQRS.XsamX/Framework/Cqrs.MongoDB/Events/MongoDbEventStore.cs
DA:58,-1
DA:136,1
DA:153,1
DA:70,-1
DA:78,-1
DA:86,-1
DA:163,-1
DA:32,1
end_of_record
SF:/mnt/c/code/git/CQRS.XsamX/Framework/Akka.Net/Cqrs.Akka/Domain/Commands/GetAkkaAggregateRootVersion.cs
DA:12,-1
end_of_record
SF:/mnt/c/code/git/CQRS.XsamX/Framework/Cqrs/Services/ServiceRequestWithData.cs
DA:22,1
end_of_record
SF:/mnt/c/code/git/CQRS.XsamX/Framework/Cqrs/Exceptions/MissingApplicationSettingException.cs
DA:25,1
DA:45,1
DA:35,1
DA:56,1
DA:20,1
end_of_record
SF:/mnt/c/code/git/CQRS.XsamX/Framework/Ninject/Cqrs.Ninject.Akka/Configuration/AkkaModule.cs
DA:33,1
DA:27,1
end_of_record
SF:/mnt/c/code/git/CQRS.XsamX/Framework/Cqrs.MongoDB/DataStores/Indexes/ByRsnMongoDbIndex.cs
DA:17,-1
DA:16,-1
end_of_record
SF:/mnt/c/code/git/CQRS.XsamX/Framework/Cqrs.EventStore/Bus/InvalidLastEventProcessedException.cs
DA:24,1
DA:33,1
DA:42,1
DA:52,1
DA:20,1
end_of_record
SF:/mnt/c/code/git/CQRS.XsamX/Framework/Cqrs.Mongo/DataStores/Indexes/MongoIndex.cs
DA:33,-1
DA:15,-1
end_of_record
SF:/mnt/c/code/git/CQRS.XsamX/Framework/Cqrs.MongoDB/Serialisers/BasicStructSerialiser.cs
DA:23,-1
DA:49,-1
DA:22,-1
end_of_record
SF:/mnt/c/code/git/CQRS.XsamX/Framework/Ninject/Cqrs.Ninject.InProcess.CommandBus/Configuration/InProcessCommandBusModule.cs
DA:22,1
end_of_record
SF:/mnt/c/code/git/CQRS.XsamX/Framework/Azure/Tests/Cqrs.Azure.BlobStorage.Test.Integration/TestEntity.cs
DA:7,-1
end_of_record
SF:/mnt/c/code/git/CQRS.XsamX/Framework/Cqrs/Snapshots/SnapshotRepository.cs
DA:31,-1
DA:40,-1
DA:47,-1
DA:20,-1
end_of_record
SF:/mnt/c/code/git/CQRS.XsamX/Framework/Azure/Cqrs.Azure.ServiceBus.Tests.Integration/RoundTripTests.cs
DA:23,-1
DA:48,-1
DA:21,-1
DA:94,-1
DA:103,-1
DA:93,-1
DA:75,-1
DA:84,-1
DA:74,-1
end_of_record
SF:/mnt/c/code/git/CQRS.XsamX/Framework/Cqrs/Domain/AggregateRepository.cs
DA:29,-1
DA:37,-1
DA:82,-1
DA:105,-1
DA:77,-1
DA:88,-1
DA:96,-1
DA:20,-1
end_of_record
SF:/mnt/c/code/git/CQRS.XsamX/Framework/Cqrs/Repositories/Queries/QueryPredicateExtensions.cs
DA:9,-1
DA:14,-1
DA:19,-1
DA:31,-1
DA:36,-1
DA:41,-1
DA:53,-1
DA:8,-1
end_of_record
SF:/mnt/c/code/git/CQRS.XsamX/Framework/Cqrs/Repositories/Queries/IQueryFactory.cs
DA:3,-1
DA:3,-1
end_of_record
SF:/mnt/c/code/git/CQRS.XsamX/Framework/Azure/Cqrs.Azure.BlobStorage/StorageStore.cs
DA:44,1
DA:56,-1
DA:161,1
DA:163,-1
DA:168,-1
DA:234,-1
DA:247,-1
DA:254,-1
DA:264,-1
DA:269,-1
DA:79,1
DA:127,1
DA:139,-1
DA:141,-1
DA:147,-1
DA:149,-1
DA:151,-1
DA:28,-1
end_of_record
SF:/mnt/c/code/git/CQRS.XsamX/Framework/Ninject/Azure/Cqrs.Ninject.Azure.EventHub.EventBus/Configuration/AzureQueuedEventBusReceiverModule.cs
DA:22,1
end_of_record
SF:/mnt/c/code/git/CQRS.XsamX/Framework/Ninject/Azure/Cqrs.Ninject.Azure.EventHub.CommandBus/Configuration/AzureCommandBusPublisherModule.cs
DA:22,1
end_of_record
SF:/mnt/c/code/git/CQRS.XsamX/Framework/Cqrs/Repositories/Queries/QueryFactory.cs
DA:9,-1
DA:14,-1
DA:24,-1
DA:6,-1
end_of_record
SF:/mnt/c/code/git/CQRS.XsamX/Framework/Ninject/Azure/Cqrs.Ninject.Azure.Wcf/Configuration/WebHostModule.cs
DA:38,1
DA:51,1
DA:65,1
DA:76,1
DA:87,1
DA:144,1
DA:32,1
end_of_record
SF:/mnt/c/code/git/CQRS.XsamX/Framework/Cqrs.WebApi/SignalR/Hubs/SignalRStartUp.cs
DA:23,-1
DA:28,-1
DA:33,-1
DA:20,-1
end_of_record
SF:/mnt/c/code/git/CQRS.XsamX/Framework/Akka.Net/Cqrs.Akka.Tests.Unit/Commands/Handlers/UpdateCompletedConversationReportCommandHandler.cs
DA:26,1
DA:42,1
DA:22,1
end_of_record
SF:/mnt/c/code/git/CQRS.XsamX/Framework/Cqrs.Tests/Substitutes/OrderEntity.cs
DA:12,-1
end_of_record
SF:/mnt/c/code/git/CQRS.XsamX/Framework/Cqrs/Domain/ISagaRepository.cs
DA:17,-1
DA:20,-1
end_of_record
SF:/mnt/c/code/git/CQRS.XsamX/Framework/Ninject/Azure/Cqrs.Ninject.Azure.WebJobs/Configuration/WebJobHostModule.cs
DA:24,1
DA:20,1
end_of_record
SF:/mnt/c/code/git/CQRS.XsamX/Framework/Akka.Net/Cqrs.Akka.Tests.Unit/AkkaUnitTests.cs
DA:53,1
DA:42,1
end_of_record
SF:/mnt/c/code/git/CQRS.XsamX/Framework/Cqrs/Configuration/BusRegistrar.cs
DA:32,-1
DA:44,-1
DA:55,-1
DA:89,1
DA:138,-1
DA:158,-1
DA:177,-1
DA:189,-1
DA:203,-1
DA:25,1
end_of_record
SF:/mnt/c/code/git/CQRS.XsamX/Framework/Cqrs/Authentication/BasicTokenResolver.cs
DA:20,-1
DA:67,-1
DA:17,-1
end_of_record
SF:/mnt/c/code/git/CQRS.XsamX/Framework/Cqrs.Tests/Domain/Aggregates/When_replaying_events.cs
DA:13,-1
DA:19,-1
DA:26,-1
DA:9,-1
end_of_record
SF:/mnt/c/code/git/CQRS.XsamX/Framework/Cqrs/Events/IEventBuilder.cs
DA:23,1
DA:30,1
end_of_record
SF:/mnt/c/code/git/CQRS.XsamX/Framework/Cqrs.Tests/Cache/When_saving_fails.cs
DA:18,-1
DA:32,-1
DA:12,-1
end_of_record
SF:/mnt/c/code/git/CQRS.XsamX/Framework/Cqrs/Services/ServiceRequest.cs
DA:21,1
end_of_record
SF:/mnt/c/code/git/CQRS.XsamX/Framework/Azure/Cqrs.Azure.BlobStorage/IStorageStoreConnectionStringFactory.cs
DA:15,-1
DA:17,-1
end_of_record
SF:/mnt/c/code/git/CQRS.XsamX/Framework/Cqrs.WebApi/Formatters/FormMultipart/Infrastructure/FormData.cs
DA:49,-1
DA:54,-1
DA:59,-1
DA:64,-1
DA:76,-1
DA:88,-1
DA:96,-1
DA:104,-1
DA:16,-1
DA:119,-1
DA:113,-1
end_of_record
SF:/mnt/c/code/git/CQRS.XsamX/Framework/Cqrs/Commands/NoCommandHandlerRegisteredException.cs
DA:16,-1
DA:21,-1
DA:15,-1
end_of_record
SF:/mnt/c/code/git/CQRS.XsamX/Framework/Azure/Cqrs.Azure.EventHub/AzureEventHubBus.cs
DA:59,-1
DA:16,-1
end_of_record
SF:/mnt/c/code/git/CQRS.XsamX/Framework/Akka.Net/Cqrs.Akka/Domain/Commands/GetAkkaAggregateRootId.cs
DA:12,-1
end_of_record
SF:/mnt/c/code/git/CQRS.XsamX/Framework/Ninject/Cqrs.Ninject/Configuration/CqrsModule.cs
DA:58,1
DA:78,1
DA:90,1
DA:107,1
DA:117,1
DA:165,1
DA:175,1
DA:182,1
DA:189,1
DA:196,1
DA:225,1
DA:34,1
end_of_record
SF:/mnt/c/code/git/CQRS.XsamX/Framework/Cqrs.Tests/Substitutes/TestInMemorySnapshotStore.cs
DA:8,-1
DA:13,-1
DA:7,-1
end_of_record
SF:/mnt/c/code/git/CQRS.XsamX/Framework/Cqrs/Services/IEventService.cs
DA:20,-1
end_of_record
SF:/mnt/c/code/git/CQRS.XsamX/Framework/Cqrs.Tests/Substitutes/TestEvents.cs
DA:11,-1
DA:57,-1
DA:103,-1
DA:108,-1
DA:107,-1
end_of_record
SF:/mnt/c/code/git/CQRS.XsamX/Framework/Cqrs/Hosts/StartUp.cs
DA:28,1
DA:36,1
DA:19,1
end_of_record
SF:/mnt/c/code/git/CQRS.XsamX/Framework/Cqrs.Tests/Substitutes/TestEventStore.cs
DA:11,-1
DA:19,-1
DA:24,-1
DA:29,-1
DA:64,-1
DA:69,-1
DA:10,-1
end_of_record
SF:/mnt/c/code/git/CQRS.XsamX/Framework/Cqrs/Authentication/SingleSignOnTokenWithCompanyRsn.cs
DA:36,1
DA:22,1
end_of_record
SF:/mnt/c/code/git/CQRS.XsamX/Framework/Cqrs/Services/UnitOfWorkService.cs
DA:19,-1
DA:30,1
DA:45,1
DA:14,-1
end_of_record
SF:/mnt/c/code/git/CQRS.XsamX/Framework/Azure/Cqrs.Azure.BlobStorage/DataStores/IBlobStorageDataStoreConnectionStringFactory.cs
DA:15,-1
DA:18,-1
DA:21,-1
end_of_record
SF:/mnt/c/code/git/CQRS.XsamX/Framework/Cqrs/Commands/IPublishAndWaitCommandPublisher.cs
DA:26,1
DA:35,1
DA:44,1
DA:53,1
DA:63,1
DA:73,1
end_of_record
SF:/mnt/c/code/git/CQRS.XsamX/Framework/Cqrs/Messages/FrameworkType.cs
DA:18,1
end_of_record
SF:/mnt/c/code/git/CQRS.XsamX/Framework/Azure/Cqrs.Azure.DocumentDb/IAzureDocumentDbConnectionCache.cs
DA:16,-1
DA:18,-1
DA:20,-1
DA:22,-1
DA:24,-1
DA:26,-1
end_of_record
SF:/mnt/c/code/git/CQRS.XsamX/Framework/Cqrs.EventStore/Bus/EventStoreBasedLastEventProcessedStore.cs
DA:39,1
DA:19,1
end_of_record
SF:/mnt/c/code/git/CQRS.XsamX/Framework/Ninject/Cqrs.Ninject.InProcess.EventStore/Configuration/InProcessEventStoreModule.cs
DA:21,1
end_of_record
SF:/mnt/c/code/git/CQRS.XsamX/Framework/Cqrs/Commands/ICommandPublisher.cs
DA:21,1
DA:27,1
end_of_record
SF:/mnt/c/code/git/CQRS.XsamX/Framework/Cqrs/Repositories/Queries/QueryStrategy.cs
DA:15,-1
DA:20,-1
DA:25,-1
DA:30,-1
DA:35,-1
DA:40,-1
DA:51,-1
DA:67,-1
DA:97,-1
DA:109,-1
DA:8,-1
end_of_record
SF:/mnt/c/code/git/CQRS.XsamX/Framework/Cqrs/Authentication/IAuthenticationTokenHelper.cs
DA:17,-1
DA:20,-1
end_of_record
SF:/mnt/c/code/git/CQRS.XsamX/Framework/Azure/Cqrs.Azure.BlobStorage/IBlobStorageStoreConnectionStringFactory.cs
DA:13,-1
end_of_record
SF:/mnt/c/code/git/CQRS.XsamX/Framework/Cqrs/Events/NotifyEveryoneExceptCallerEventAttribute.cs
DA:12,1
end_of_record
SF:/mnt/c/code/git/CQRS.XsamX/Framework/Cqrs/Events/IEventDeserialiser.cs
DA:23,1
end_of_record
SF:/mnt/c/code/git/CQRS.XsamX/Framework/Azure/Cqrs.Azure.EventHub/AzureCommandBus.cs
DA:60,-1
DA:60,-1
end_of_record
SF:/mnt/c/code/git/CQRS.XsamX/Framework/Azure/Cqrs.Azure.DocumentDb/ThreadedAzureDocumentDbConnectionCache.cs
DA:17,-1
DA:35,-1
DA:40,-1
DA:58,-1
DA:63,-1
DA:81,-1
DA:16,-1
end_of_record
SF:/mnt/c/code/git/CQRS.XsamX/Framework/Azure/Cqrs.Azure.EventHub/AzureCommandBusPublisher.cs
DA:27,-1
DA:35,1
DA:78,-1
DA:84,1
DA:148,-1
DA:159,1
DA:171,1
DA:183,1
DA:198,1
DA:211,1
DA:277,1
DA:27,-1
DA:35,1
DA:78,-1
DA:84,1
DA:148,-1
DA:159,1
DA:171,1
DA:183,1
DA:198,1
DA:211,1
DA:277,1
end_of_record
SF:/mnt/c/code/git/CQRS.XsamX/Framework/Cqrs.Mongo/DataStores/Indexes/ByRsnMongoIndex.cs
DA:17,-1
DA:16,-1
end_of_record
SF:/mnt/c/code/git/CQRS.XsamX/Framework/Cqrs/Bus/RouteManager.cs
DA:36,-1
DA:53,1
DA:78,1
DA:87,1
DA:101,-1
DA:129,-1
DA:161,-1
DA:191,-1
DA:197,-1
DA:211,-1
DA:217,-1
DA:21,-1
end_of_record
SF:/mnt/c/code/git/CQRS.XsamX/Framework/Azure/Cqrs.Azure.ServiceBus/AzureEventBus.cs
DA:62,-1
DA:17,-1
end_of_record
SF:/mnt/c/code/git/CQRS.XsamX/Framework/Cqrs.EventStore/EventStore.cs
DA:49,1
DA:63,1
DA:73,1
DA:95,1
DA:111,1
DA:129,1
DA:140,1
DA:25,1
end_of_record
SF:/mnt/c/code/git/CQRS.XsamX/Framework/Ninject/Azure/Cqrs.Ninject.Azure.DocumentDb/Factories/TestAzureDocumentDbDataStoreConnectionStringFactory.cs
DA:52,1
DA:62,1
DA:76,1
DA:24,1
end_of_record
SF:/mnt/c/code/git/CQRS.XsamX/Framework/Ninject/Azure/Cqrs.Ninject.Azure.EventHub.CommandBus/Configuration/AzureCommandHubPublisherModule.cs
DA:28,1
DA:47,1
DA:65,1
DA:22,1
end_of_record
SF:/mnt/c/code/git/CQRS.XsamX/Framework/Ninject/Azure/Cqrs.Ninject.Azure.ServiceBus.EventBus/Configuration/AzureEventBusReceiverModule.cs
DA:30,1
DA:54,1
DA:75,1
DA:86,1
DA:101,1
DA:24,1
end_of_record
SF:/mnt/c/code/git/CQRS.XsamX/Framework/Cqrs/Bus/BusHelper.cs
DA:19,-1
DA:87,1
DA:98,1
DA:130,1
DA:241,1
DA:36,-1
DA:62,-1
DA:18,-1
end_of_record
SF:/mnt/c/code/git/CQRS.XsamX/Framework/Azure/Cqrs.Azure.DocumentDb/Factories/IAzureDocumentDbDataStoreConnectionStringFactory.cs
DA:17,-1
DA:19,-1
DA:21,-1
DA:27,1
end_of_record
SF:/mnt/c/code/git/CQRS.XsamX/Framework/Cqrs.MongoDB/Repositories/Authentication/SingleSignOnToken.cs
DA:49,1
DA:23,1
end_of_record
SF:/mnt/c/code/git/CQRS.XsamX/Framework/Azure/Cqrs.Azure.ServiceBus/AzureServiceBus.cs
DA:75,-1
DA:87,-1
DA:97,-1
DA:108,-1
DA:148,-1
DA:163,-1
DA:168,-1
DA:173,-1
DA:199,-1
DA:219,-1
DA:254,-1
DA:261,-1
DA:267,-1
DA:275,-1
DA:26,-1
end_of_record
SF:/mnt/c/code/git/CQRS.XsamX/Framework/Cqrs/Domain/IUnitOfWork.cs
DA:21,1
DA:27,1
DA:33,1
end_of_record
SF:/mnt/c/code/git/CQRS.XsamX/Framework/Akka.Net/Cqrs.Akka/Events/AkkaEventHandler.cs
DA:27,-1
DA:34,-1
DA:20,-1
end_of_record
SF:/mnt/c/code/git/CQRS.XsamX/Framework/Azure/Cqrs.Azure.EventHub/AzureQueuedCommandBusReceiver.cs
DA:29,-1
DA:36,-1
DA:116,-1
DA:144,-1
DA:29,-1
DA:36,-1
DA:116,-1
DA:144,-1
end_of_record
SF:/mnt/c/code/git/CQRS.XsamX/Framework/Azure/Cqrs.Azure.BlobStorage/EventDataTableEntity.cs
DA:11,-1
DA:19,-1
DA:10,-1
end_of_record
SF:/mnt/c/code/git/CQRS.XsamX/Framework/Cqrs.WebApi/Formatters/FormMultipart/Infrastructure/Logger/FormatterLoggerAdapter.cs
DA:18,-1
DA:25,-1
DA:30,-1
DA:35,-1
end_of_record
SF:/mnt/c/code/git/CQRS.XsamX/Framework/Cqrs.WebApi/Formatters/FormMultipart/Infrastructure/TypeConverters/BooleanConverterEx.cs
DA:17,-1
DA:16,-1
end_of_record
SF:/mnt/c/code/git/CQRS.XsamX/Framework/Ninject/Azure/Cqrs.Ninject.Azure.EventHub.CommandBus/Configuration/AzureCommandBusSenderModule.cs
DA:22,1
end_of_record
SF:/mnt/c/code/git/CQRS.XsamX/Framework/Azure/Cqrs.Azure.DocumentDb/Events/AzureDocumentDbEventDeserialiser.cs
DA:16,-1
end_of_record
SF:/mnt/c/code/git/CQRS.XsamX/Framework/Cqrs/Events/SagaEvent.cs
DA:19,-1
DA:21,-1
DA:18,-1
end_of_record
SF:/mnt/c/code/git/CQRS.XsamX/Framework/Azure/Cqrs.Azure.BlobStorage/EntityTableEntity.cs
DA:11,-1
DA:19,-1
DA:10,-1
end_of_record
SF:/mnt/c/code/git/CQRS.XsamX/Framework/Ninject/Azure/Cqrs.Ninject.Azure.EventHub.EventBus/Configuration/AzureEventBusPublisherModule.cs
DA:22,1
end_of_record
SF:/mnt/c/code/git/CQRS.XsamX/Framework/Cqrs.Sql/DataStores/ExpressionTreeConverter.cs
DA:15,-1
DA:20,-1
DA:27,-1
DA:41,-1
DA:57,-1
DA:25,-1
DA:10,-1
end_of_record
SF:/mnt/c/code/git/CQRS.XsamX/Framework/Cqrs.WebApi/Events/Handlers/GlobalEventToHubProxy.cs
DA:20,-1
DA:27,-1
DA:19,-1
end_of_record
SF:/mnt/c/code/git/CQRS.XsamX/Framework/Cqrs/Snapshots/Snapshot.cs
DA:14,-1
end_of_record
SF:/mnt/c/code/git/CQRS.XsamX/Framework/Cqrs.MongoDB.Tests.Integration/TestMongoDbDataStoreFactory.cs
DA:10,-1
DA:15,-1
DA:9,-1
end_of_record
SF:/mnt/c/code/git/CQRS.XsamX/Framework/Azure/Tests/Cqrs.Azure.Storage.Test.Integration/TableStorageEventStoreTests.cs
DA:22,-1
DA:19,1
end_of_record
SF:/mnt/c/code/git/CQRS.XsamX/Framework/Ninject/Azure/Cqrs.Ninject.Azure.ServiceBus.CommandBus/Configuration/AzureQueuedCommandBusReceiverModule.cs
DA:26,1
DA:22,1
end_of_record
SF:/mnt/c/code/git/CQRS.XsamX/Framework/Cqrs/DataStores/InProcessDataStore.cs
DA:30,1
DA:43,1
DA:103,1
DA:114,1
DA:122,1
DA:131,1
DA:139,1
DA:147,1
DA:155,1
DA:24,1
end_of_record
SF:/mnt/c/code/git/CQRS.XsamX/Framework/Azure/Cqrs.Azure.EventHub/AzureEventBusPublisher.cs
DA:25,-1
DA:33,1
DA:81,1
DA:25,-1
DA:33,1
DA:81,1
end_of_record
SF:/mnt/c/code/git/CQRS.XsamX/Framework/Cqrs/Entities/Range.cs
DA:18,1
end_of_record
SF:/mnt/c/code/git/CQRS.XsamX/Framework/Ninject/Cqrs.Ninject.InProcess.EventStore/InProcessEventStore.cs
DA:22,1
end_of_record
SF:/mnt/c/code/git/CQRS.XsamX/Framework/Cqrs/Domain/Exceptions/MissingParameterLessConstructorException.cs
DA:24,1
DA:19,1
end_of_record
SF:/mnt/c/code/git/CQRS.XsamX/Framework/Azure/Cqrs.Azure.DocumentDb/Entities/AzureDocumentDbEntity.cs
DA:23,1
end_of_record
SF:/mnt/c/code/git/CQRS.XsamX/Framework/Cqrs/DataStores/SqlDataStore.cs
DA:42,1
DA:203,1
DA:263,1
DA:277,1
DA:308,1
DA:341,1
DA:361,1
DA:418,1
DA:446,1
DA:100,1
DA:133,1
DA:27,1
end_of_record
SF:/mnt/c/code/git/CQRS.XsamX/Framework/Akka.Net/Cqrs.Akka.Tests.Unit/Events/Handlers/HelloWorldRepliedToSendEndConversationCommandEventHandler.cs
DA:32,1
DA:48,1
DA:28,1
DA:74,1
DA:85,1
DA:62,1
end_of_record
SF:/mnt/c/code/git/CQRS.XsamX/Framework/Azure/Tests/Cqrs.Azure.Storage.Test.Integration/TableStorageDataStoreTests.cs
DA:20,-1
DA:17,1
end_of_record
SF:/mnt/c/code/git/CQRS.XsamX/Framework/Azure/Cqrs.Azure.ServiceBus/IMessageSerialiser.cs
DA:16,-1
DA:19,-1
DA:22,-1
DA:24,-1
end_of_record
SF:/mnt/c/code/git/CQRS.XsamX/Framework/Cqrs.WebApi/Formatters/FormMultipart/Infrastructure/HttpFile.cs
DA:19,-1
DA:21,-1
DA:12,-1
end_of_record
SF:/mnt/c/code/git/CQRS.XsamX/Framework/Cqrs/Domain/Repository.cs
DA:29,-1
DA:20,-1
end_of_record
SF:/mnt/c/code/git/CQRS.XsamX/Framework/Cqrs.Sql/DataStores/SqlDataStoreExtensions.cs
DA:25,1
DA:48,1
DA:21,1
end_of_record
SF:/mnt/c/code/git/CQRS.XsamX/Framework/Akka.Net/Cqrs.Akka/Events/AkkaEventBusProxy.cs
DA:25,-1
DA:40,1
DA:51,1
DA:24,1
DA:63,-1
DA:77,-1
DA:62,-1
end_of_record
SF:/mnt/c/code/git/CQRS.XsamX/Framework/Cqrs.MongoDB/Serialisers/MongoDbEventBuilder.cs
DA:19,1
DA:16,-1
end_of_record
SF:/mnt/c/code/git/CQRS.XsamX/Framework/Cqrs/Services/ServiceResponseWithResultData.cs
DA:31,1
DA:38,1
DA:21,1
end_of_record
SF:/mnt/c/code/git/CQRS.XsamX/Framework/Akka.Net/Cqrs.Akka/Domain/AkkaSagaProxy.cs
DA:40,-1
DA:45,-1
DA:50,-1
DA:23,-1
end_of_record
SF:/mnt/c/code/git/CQRS.XsamX/Framework/Cqrs.Tests/Substitutes/TestSnapshotEventStore.cs
DA:11,-1
DA:10,-1
end_of_record
SF:/mnt/c/code/git/CQRS.XsamX/Framework/Cqrs/Domain/Exceptions/EventsOutOfOrderException.cs
DA:30,1
DA:21,1
end_of_record
SF:/mnt/c/code/git/CQRS.XsamX/Framework/Cqrs.Sql/DataStores/SimpleExpressionReplacer.cs
DA:11,-1
DA:16,-1
DA:6,-1
end_of_record
SF:/mnt/c/code/git/CQRS.XsamX/Framework/Cqrs/Events/IEventPublisher.cs
DA:21,1
DA:27,1
end_of_record
SF:/mnt/c/code/git/CQRS.XsamX/Framework/Azure/Cqrs.Azure.BlobStorage/DataStores/BlobStorageDataStoreConnectionStringFactory.cs
DA:34,-1
DA:40,-1
DA:78,-1
DA:105,-1
DA:127,-1
DA:139,-1
DA:150,-1
DA:19,-1
end_of_record
SF:/mnt/c/code/git/CQRS.XsamX/Framework/Ninject/Cqrs.Ninject.Mongo/Configuration/MongoModule.cs
DA:24,1
DA:36,1
DA:43,1
DA:53,1
DA:18,1
end_of_record
SF:/mnt/c/code/git/CQRS.XsamX/Framework/Ninject/Cqrs.Ninject/Configuration/InProcessEventBusModule.cs
DA:29,1
DA:41,1
DA:48,1
DA:55,1
DA:23,1
end_of_record
SF:/mnt/c/code/git/CQRS.XsamX/Framework/Ninject/Azure/Cqrs.Ninject.Azure.Wcf/CqrsWebHost.cs
DA:28,1
DA:28,1
end_of_record
SF:/mnt/c/code/git/CQRS.XsamX/Framework/Cqrs.WebApi/Formatters/FormMultipart/Infrastructure/Logger/FormDataConverterLogger.cs
DA:19,-1
DA:24,1
DA:29,1
DA:34,-1
DA:43,1
DA:16,-1
DA:80,-1
DA:86,-1
DA:75,-1
DA:69,-1
end_of_record
SF:/mnt/c/code/git/CQRS.XsamX/Framework/Cqrs/Events/EventStoreRetentionLevelAttribute.cs
DA:11,1
end_of_record
SF:/mnt/c/code/git/CQRS.XsamX/Framework/Akka.Net/Cqrs.Akka.Tests.Unit/Events/Handlers/HelloWorldRepliedToEventHandler.cs
DA:29,1
DA:45,1
DA:25,1
DA:67,1
DA:77,1
DA:60,1
end_of_record
SF:/mnt/c/code/git/CQRS.XsamX/Framework/Cqrs.MongoDB/DataStores/Indexes/ByIsLogicallyDeletedAndRsnMongoDbIndex.cs
DA:17,-1
DA:16,-1
end_of_record
SF:/mnt/c/code/git/CQRS.XsamX/Framework/Ninject/Azure/Cqrs.Ninject.Azure.WebJobs/CqrsNinjectJobHost.cs
DA:40,1
DA:23,1
end_of_record
SF:/mnt/c/code/git/CQRS.XsamX/Framework/Cqrs.WebApi/CqrsApiController.cs
DA:33,-1
DA:46,-1
DA:64,-1
DA:74,-1
DA:86,-1
DA:97,-1
DA:103,-1
DA:108,-1
DA:113,-1
DA:155,-1
DA:163,-1
DA:183,-1
DA:191,-1
DA:199,-1
DA:209,-1
DA:182,1
DA:33,-1
DA:46,-1
DA:64,-1
DA:74,-1
DA:86,-1
DA:97,-1
DA:103,-1
DA:108,-1
DA:113,-1
DA:155,-1
DA:163,-1
DA:183,-1
DA:191,-1
DA:199,-1
DA:209,-1
DA:182,1
end_of_record
SF:/mnt/c/code/git/CQRS.XsamX/Framework/Cqrs/Events/EventStore.cs
DA:43,1
DA:61,-1
DA:66,-1
DA:120,-1
DA:56,1
DA:76,1
DA:97,1
DA:112,1
DA:118,1
DA:23,1
end_of_record
SF:/mnt/c/code/git/CQRS.XsamX/Framework/Ninject/Cqrs.Ninject.Mongo/Configuration/TestMongoModule.cs
DA:23,1
DA:19,1
end_of_record
SF:/mnt/c/code/git/CQRS.XsamX/Framework/Cqrs/Entities/Entity.cs
DA:23,1
end_of_record
SF:/mnt/c/code/git/CQRS.XsamX/Framework/Cqrs/Services/EventService.cs
DA:19,-1
DA:54,-1
DA:56,-1
DA:61,-1
DA:35,-1
DA:18,-1
end_of_record
SF:/mnt/c/code/git/CQRS.XsamX/Framework/Azure/Cqrs.Azure.Storage/DataStores/TableStorageDataStoreConnectionStringFactory.cs
DA:16,-1
DA:23,-1
DA:29,1
DA:15,-1
end_of_record
SF:/mnt/c/code/git/CQRS.XsamX/Framework/Akka.Net/Cqrs.Akka/Domain/AkkaSaga.cs
DA:52,-1
DA:72,1
DA:80,-1
DA:124,-1
DA:129,-1
DA:137,-1
DA:157,-1
DA:102,-1
DA:107,-1
DA:113,-1
DA:27,-1
end_of_record
SF:/mnt/c/code/git/CQRS.XsamX/Framework/Ninject/Azure/Cqrs.Ninject.Azure.DocumentDb/Configuration/TestAzureDocumentDbEventStoreModule.cs
DA:27,1
DA:23,1
end_of_record
SF:/mnt/c/code/git/CQRS.XsamX/Framework/Cqrs.Tests/Substitutes/TestAggregateCreated.cs
DA:11,-1
end_of_record
SF:/mnt/c/code/git/CQRS.XsamX/Framework/Cqrs.WebApi/HelpPageConfig.cs
DA:153,-1
DA:220,-1
DA:242,-1
DA:25,-1
DA:34,-1
end_of_record
SF:/mnt/c/code/git/CQRS.XsamX/Framework/Cqrs/Events/InProcessEventStore.cs
DA:27,1
DA:32,1
DA:44,1
DA:49,1
DA:58,1
DA:63,1
DA:21,1
end_of_record
SF:/mnt/c/code/git/CQRS.XsamX/Framework/Cqrs/Commands/DtoCommand.cs
DA:31,-1
DA:24,1
end_of_record
SF:/mnt/c/code/git/CQRS.XsamX/Framework/Azure/Cqrs.Azure.BlobStorage/DataStores/ITableStorageDataStoreConnectionStringFactory.cs
DA:13,-1
end_of_record
SF:/mnt/c/code/git/CQRS.XsamX/Framework/Cqrs/Domain/ISagaUnitOfWork.cs
DA:21,1
DA:27,1
DA:33,1
end_of_record
SF:/mnt/c/code/git/CQRS.XsamX/Framework/Cqrs/Authentication/SingleSignOnToken.cs
DA:47,1
DA:21,1
end_of_record
SF:/mnt/c/code/git/CQRS.XsamX/Framework/Cqrs/Events/PrivateEventAttribute.cs
DA:12,1
end_of_record
SF:/mnt/c/code/git/CQRS.XsamX/Framework/Cqrs/Domain/Exceptions/AggregateOrEventMissingIdException.cs
DA:27,1
DA:20,1
end_of_record
SF:/mnt/c/code/git/CQRS.XsamX/Framework/Cqrs/Repositories/Queries/QueryPredicate.cs
DA:15,-1
DA:6,-1
end_of_record
SF:/mnt/c/code/git/CQRS.XsamX/Framework/Ninject/Azure/Cqrs.Ninject.Azure.EventHub.EventBus/Configuration/AzureEventHubPublisherModule.cs
DA:28,1
DA:47,1
DA:57,1
DA:22,1
end_of_record
SF:/mnt/c/code/git/CQRS.XsamX/Framework/Ninject/Azure/Cqrs.Ninject.Azure.WebJobs/CqrsWebJobProgram.cs
DA:20,1
DA:32,1
end_of_record
SF:/mnt/c/code/git/CQRS.XsamX/Framework/Cqrs.Tests/Domain/Aggregates/When_getting_an_aggregate.cs
DA:20,-1
DA:30,-1
DA:38,-1
DA:45,-1
DA:52,-1
DA:61,-1
DA:72,-1
DA:81,-1
DA:90,-1
DA:14,-1
end_of_record
SF:/mnt/c/code/git/CQRS.XsamX/Framework/Cqrs.WebApi/Formatters/FormMultipart/Converters/ObjectToMultipartDataByteArrayConverter.cs
DA:24,-1
DA:32,-1
DA:21,-1
end_of_record
SF:/mnt/c/code/git/CQRS.XsamX/Framework/Azure/Cqrs.Azure.DocumentDb/Repositories/AzureRepository.cs
DA:25,-1
DA:40,-1
DA:30,-1
DA:24,-1
end_of_record
SF:/mnt/c/code/git/CQRS.XsamX/Framework/Ninject/Azure/Cqrs.Ninject.Azure.Wcf/Configuration/SimplifiedNinjectWcf.cs
DA:34,1
DA:44,1
DA:28,1
DA:63,1
DA:73,1
end_of_record
SF:/mnt/c/code/git/CQRS.XsamX/Framework/Cqrs/Domain/Exceptions/ConcurrencyException.cs
DA:25,1
DA:20,1
end_of_record
SF:/mnt/c/code/git/CQRS.XsamX/Framework/Ninject/Cqrs.Ninject/Configuration/InProcessEventStoreModule.cs
DA:26,1
DA:38,1
DA:45,1
DA:52,1
DA:20,1
end_of_record
SF:/mnt/c/code/git/CQRS.XsamX/Framework/Akka.Net/Cqrs.Akka.Tests.Unit/Commands/Handlers/SayHelloWorldCommandHandler.cs
DA:27,1
DA:43,1
DA:23,1
end_of_record
SF:/mnt/c/code/git/CQRS.XsamX/Framework/Cqrs/Repositories/Queries/SortParameter.cs
DA:4,-1
DA:6,-1
end_of_record
SF:/mnt/c/code/git/CQRS.XsamX/Framework/Cqrs.Mongo/DataStores/Indexes/ByIsLogicallyDeletedAndRsnMongoIndex.cs
DA:17,-1
DA:16,-1
end_of_record
SF:/mnt/c/code/git/CQRS.XsamX/Framework/Cqrs.MongoDB/Events/Indexes/ByTimestampMongoDbIndex.cs
DA:17,-1
DA:16,-1
end_of_record
SF:/mnt/c/code/git/CQRS.XsamX/Framework/Cqrs/Commands/ICommandValidator.cs
DA:20,1
end_of_record
SF:/mnt/c/code/git/CQRS.XsamX/Framework/Ninject/Azure/Cqrs.Ninject.Azure.EventHub.CommandBus/Configuration/AzureCommandHubReceiverModule.cs
DA:29,1
DA:48,1
DA:58,1
DA:23,1
end_of_record
SF:/mnt/c/code/git/CQRS.XsamX/Framework/Cqrs/Messages/IMessageHandler.cs
DA:25,1
end_of_record
SF:/mnt/c/code/git/CQRS.XsamX/Framework/Cqrs.Tests/Cache/When_getting_aggregate.cs
DA:16,-1
DA:23,-1
DA:29,-1
DA:36,-1
DA:43,-1
DA:11,-1
end_of_record
SF:/mnt/c/code/git/CQRS.XsamX/Framework/Cqrs.Tests/Cache/When_saving_aggregate.cs
DA:17,-1
DA:27,-1
DA:34,-1
DA:40,-1
DA:11,-1
end_of_record
SF:/mnt/c/code/git/CQRS.XsamX/Framework/Cqrs/Exceptions/MissingApplicationSettingForConnectionStringException.cs
DA:24,1
DA:34,1
DA:19,1
end_of_record
SF:/mnt/c/code/git/CQRS.XsamX/Framework/Cqrs.MongoDB/Serialisers/MongoDbEventDeserialiser.cs
DA:17,1
DA:14,-1
end_of_record
SF:/mnt/c/code/git/CQRS.XsamX/Framework/Azure/Cqrs.Azure.DocumentDb/Events/AzureDocumentDbEventBuilder.cs
DA:16,-1
end_of_record
SF:/mnt/c/code/git/CQRS.XsamX/Framework/Cqrs.EventStore/Bus/EventStoreEventPublisher.cs
DA:44,1
DA:56,1
DA:69,1
DA:81,1
DA:23,1
end_of_record
SF:/mnt/c/code/git/CQRS.XsamX/Framework/Ninject/Cqrs.Ninject.EventStore/Configuration/EventStoreModule.cs
DA:19,1
DA:31,1
DA:44,1
DA:51,1
DA:13,1
end_of_record
SF:/mnt/c/code/git/CQRS.XsamX/Framework/Cqrs.WebApi/Formatters/FormMultipart/Infrastructure/Logger/IFormDataConverterLogger.cs
DA:20,1
DA:27,1
DA:32,1
end_of_record
SF:/mnt/c/code/git/CQRS.XsamX/Framework/Cqrs/Authentication/DefaultAuthenticationTokenHelper.cs
DA:25,-1
DA:31,-1
DA:37,-1
DA:43,-1
DA:54,-1
DA:60,-1
DA:66,-1
DA:22,-1
end_of_record
SF:/mnt/c/code/git/CQRS.XsamX/Framework/Cqrs/Bus/NoHandlerRegisteredException.cs
DA:15,-1
DA:20,-1
DA:14,-1
end_of_record
SF:/mnt/c/code/git/CQRS.XsamX/Framework/Cqrs/Events/IEventReceiver.cs
DA:19,1
DA:31,1
DA:19,1
DA:31,1
end_of_record
SF:/mnt/c/code/git/CQRS.XsamX/Framework/Azure/Cqrs.Azure.DocumentDb/Factories/AzureDocumentDbDataStoreConnectionStringFactory.cs
DA:24,-1
DA:30,-1
DA:43,-1
DA:48,-1
DA:57,1
DA:65,-1
DA:70,-1
DA:19,-1
end_of_record
SF:/mnt/c/code/git/CQRS.XsamX/Framework/Cqrs.WebApi/Formatters/FormMultipart/Infrastructure/TypeConverters/FromStringConverterAdapter.cs
DA:21,-1
DA:32,-1
DA:16,-1
end_of_record
SF:/mnt/c/code/git/CQRS.XsamX/Framework/Azure/Cqrs.Azure.ServiceBus/AzureCommandBusPublisher.cs
DA:33,-1
DA:56,1
DA:108,-1
DA:114,1
DA:187,-1
DA:198,1
DA:210,1
DA:222,1
DA:237,1
DA:250,1
DA:327,1
DA:32,1
DA:33,-1
DA:56,1
DA:108,-1
DA:114,1
DA:187,-1
DA:198,1
DA:210,1
DA:222,1
DA:237,1
DA:250,1
DA:327,1
DA:32,1
end_of_record
SF:/mnt/c/code/git/CQRS.XsamX/Framework/Azure/Cqrs.Azure.EventHub/AzureEventHub.cs
DA:62,-1
DA:70,-1
DA:78,-1
DA:89,-1
DA:99,-1
DA:115,-1
DA:120,-1
DA:125,-1
DA:143,-1
DA:150,-1
DA:190,-1
DA:197,-1
DA:203,-1
DA:21,-1
end_of_record
SF:/mnt/c/code/git/CQRS.XsamX/Framework/Cqrs/DataStores/SqlDataStoreExtension.cs
DA:55,1
DA:19,1
end_of_record
SF:/mnt/c/code/git/CQRS.XsamX/Framework/Cqrs/Repositories/Queries/AndQueryPredicate.cs
DA:4,-1
end_of_record
SF:/mnt/c/code/git/CQRS.XsamX/Framework/Cqrs/Snapshots/ISnapshotStrategy.cs
DA:16,-1
DA:18,-1
end_of_record
SF:/mnt/c/code/git/CQRS.XsamX/Framework/Cqrs/Snapshots/ISnapshotStore.cs
DA:15,-1
DA:17,-1
end_of_record
SF:/mnt/c/code/git/CQRS.XsamX/Framework/Azure/Cqrs.Azure.ServiceBus.Tests.Integration/GuidAuthenticationTokenHelper.cs
DA:10,-1
DA:15,-1
DA:7,-1
end_of_record
SF:/mnt/c/code/git/CQRS.XsamX/Framework/Akka.Net/Cqrs.Akka.Tests.Unit/Events/HelloWorldRepliedTo.cs
DA:22,1
end_of_record
SF:/mnt/c/code/git/CQRS.XsamX/Framework/Azure/Cqrs.Azure.ServiceBus/AzureEventBusPublisher.cs
DA:29,-1
DA:52,1
DA:192,1
DA:28,1
DA:29,-1
DA:52,1
DA:192,1
DA:28,1
end_of_record
SF:/mnt/c/code/git/CQRS.XsamX/Framework/Cqrs/Domain/ISaga.cs
DA:47,-1
DA:49,-1
DA:51,-1
end_of_record
SF:/mnt/c/code/git/CQRS.XsamX/Framework/Cqrs/Events/NoEventHandlerRegisteredException.cs
DA:16,-1
DA:21,-1
DA:15,-1
end_of_record
SF:/mnt/c/code/git/CQRS.XsamX/Framework/Azure/Cqrs.Azure.BlobStorage/Events/TableStorageEventStore.cs
DA:30,1
DA:46,1
DA:69,1
DA:41,-1
DA:84,-1
DA:20,-1
DA:104,1
DA:137,1
DA:120,-1
DA:129,-1
DA:142,-1
DA:147,-1
DA:96,-1
end_of_record
SF:/mnt/c/code/git/CQRS.XsamX/Framework/Ninject/Cqrs.Ninject.WebApi/Configuration/WebApiModule.cs
DA:29,1
DA:43,1
DA:23,1
end_of_record
SF:/mnt/c/code/git/CQRS.XsamX/Framework/Azure/Cqrs.Azure.DocumentDb/Factories/AzureDocumentDbDataStoreFactory.cs
DA:28,-1
DA:35,-1
DA:42,-1
DA:50,-1
DA:65,-1
DA:21,1
end_of_record
SF:/mnt/c/code/git/CQRS.XsamX/Framework/Ninject/Cqrs.Ninject/Configuration/SimplifiedSqlModule.cs
DA:26,1
DA:37,1
DA:50,1
DA:20,1
end_of_record
SF:/mnt/c/code/git/CQRS.XsamX/Framework/Cqrs.Tests/Cache/When_saving_two_aggregates_in_parallel.cs
DA:23,-1
DA:67,-1
DA:73,-1
DA:79,-1
DA:16,-1
end_of_record
SF:/mnt/c/code/git/CQRS.XsamX/Framework/Cqrs.WebApi/Formatters/FormMultipart/Infrastructure/TypeConverters/DateTimeConverterISO8601.cs
DA:20,-1
end_of_record
SF:/mnt/c/code/git/CQRS.XsamX/Framework/Cqrs/Repositories/InMemoryDatabase.cs
DA:30,-1
DA:47,-1
DA:22,1
DA:60,-1
DA:73,1
DA:97,1
DA:106,1
DA:118,1
DA:127,1
DA:139,1
DA:177,1
DA:186,1
DA:195,1
end_of_record
SF:/mnt/c/code/git/CQRS.XsamX/Framework/Cqrs.Tests/Cache/When_saving_same_aggregate_in_parallel.cs
DA:26,-1
DA:78,-1
DA:84,-1
DA:19,1
end_of_record
SF:/mnt/c/code/git/CQRS.XsamX/Framework/Cqrs/Services/ServiceResponse.cs
DA:24,1
DA:20,1
end_of_record
SF:/mnt/c/code/git/CQRS.XsamX/Framework/Ninject/Azure/Cqrs.Ninject.Azure.BlobStorage/Configuration/BlobStorageDataStoreModule.cs
DA:24,1
DA:34,1
DA:18,1
end_of_record
SF:/mnt/c/code/git/CQRS.XsamX/Framework/Azure/Cqrs.Azure.ServiceBus/IAzureBusHelper.cs
DA:22,-1
DA:25,-1
DA:28,-1
DA:35,1
DA:37,-1
DA:40,-1
DA:43,-1
DA:45,-1
DA:52,1
DA:54,-1
DA:60,1
end_of_record
SF:/mnt/c/code/git/CQRS.XsamX/Framework/Akka.Net/Cqrs.Akka.Tests.Unit/Aggregates/HelloWorld.cs
DA:74,1
DA:83,1
DA:91,1
DA:99,1
DA:107,1
DA:115,1
DA:123,1
DA:24,1
end_of_record
SF:/mnt/c/code/git/CQRS.XsamX/Framework/Cqrs/Domain/Exceptions/DuplicateEventException.cs
DA:30,1
DA:23,1
end_of_record
SF:/mnt/c/code/git/CQRS.XsamX/Framework/Cqrs/Events/DefaultEventBuilder.cs
DA:24,-1
DA:33,-1
DA:14,-1
end_of_record
